"../../../Engine/Content/EngineSky/VolumetricClouds/T_VolumeNoiseShape64.uexp" 16
"../../../Engine/Content/EngineSounds/Master.uasset" 0
"../../../Engine/Content/EngineSounds/Master.uexp" 1
"../../../Engine/Content/EngineSky/VolumetricClouds/CloudWeatherTexture.uasset" 2
"../../../Engine/Content/EngineSky/VolumetricClouds/CloudWeatherTexture.uexp" 3
"../../../Engine/Content/Functions/Engine_MaterialFunctions02/Utility/MakeFloat2.uasset" 4
"../../../Engine/Content/Functions/Engine_MaterialFunctions02/Utility/MakeFloat2.uexp" 5
"../../../Engine/Content/EngineSky/VolumetricClouds/CloudGradientTexture.uasset" 6
"../../../Engine/Content/EngineSky/VolumetricClouds/CloudGradientTexture.uexp" 7
"../../../Engine/Content/EngineSky/VolumetricClouds/T_NoiseShape64.ubulk" 8
"../../../Engine/Content/EngineSky/VolumetricClouds/T_NoiseShape64.uasset" 9
"../../../Engine/Content/EngineSky/VolumetricClouds/T_NoiseShape64.uexp" 10
"../../../Engine/Content/EngineSky/VolumetricClouds/T_VolumeNoiseShape64.uasset" 11
"../../../Engine/Content/EngineSky/VolumetricClouds/T_VolumeNoiseShape64.uexp" 12
"../../../Engine/Content/EngineSky/VolumetricClouds/T_NoiseErosion.ubulk" 13
"../../../Engine/Content/EngineSky/VolumetricClouds/T_NoiseErosion.uasset" 14
"../../../Engine/Content/EngineSky/VolumetricClouds/T_NoiseErosion.uexp" 15
"../../../Engine/Content/EngineSky/VolumetricClouds/T_VolumeNoiseErosion32.uasset" 16
"../../../Engine/Content/EngineSky/VolumetricClouds/T_VolumeNoiseErosion32.uexp" 17
"../../../Engine/Content/EngineSky/VolumetricClouds/m_SimpleVolumetricCloud.uasset" 18
"../../../Engine/Content/EngineSky/VolumetricClouds/m_SimpleVolumetricCloud.uexp" 19
"../../../Engine/Content/EngineSky/VolumetricClouds/m_SimpleVolumetricCloud_Inst.uasset" 20
"../../../Engine/Content/EngineSky/VolumetricClouds/m_SimpleVolumetricCloud_Inst.uexp" 21
"../../../Engine/Content/EngineResources/GradientTexture0.uasset" 22
"../../../Engine/Content/EngineResources/GradientTexture0.uexp" 23
"../../../Engine/Content/EngineResources/DefaultVolumeTexture2D.uasset" 24
"../../../Engine/Content/EngineResources/DefaultVolumeTexture2D.uexp" 25
"../../../Engine/Content/EngineResources/DefaultVolumeTexture.uasset" 26
"../../../Engine/Content/EngineResources/DefaultVolumeTexture.uexp" 27
"../../../Engine/Content/EngineResources/DefaultTextureCube.uasset" 28
"../../../Engine/Content/EngineResources/DefaultTextureCube.uexp" 29
"../../../Engine/Content/EngineResources/DefaultTexture.ubulk" 30
"../../../Engine/Content/EngineResources/DefaultTexture.uasset" 31
"../../../Engine/Content/EngineResources/DefaultTexture.uexp" 32
"../../../Engine/Content/EngineResources/Black.uasset" 33
"../../../Engine/Content/EngineResources/Black.uexp" 34
"../../../Engine/Content/EngineResources/FilmGrains/Marcie_Grain_v3_128_M2_000.uasset" 35
"../../../Engine/Content/EngineResources/FilmGrains/Marcie_Grain_v3_128_M2_000.uexp" 36
"../../../Engine/Content/EngineMeshes/Sphere.ubulk" 37
"../../../Engine/Content/EngineMeshes/Sphere.uasset" 38
"../../../Engine/Content/EngineMeshes/Sphere.uexp" 39
"../../../Engine/Content/EngineMaterials/T_Default_Material_Grid_M.ubulk" 40
"../../../Engine/Content/EngineMaterials/T_Default_Material_Grid_M.uasset" 41
"../../../Engine/Content/EngineMaterials/T_Default_Material_Grid_M.uexp" 42
"../../../Engine/Content/EngineMaterials/T_Default_Material_Grid_N.ubulk" 43
"../../../Engine/Content/EngineMaterials/T_Default_Material_Grid_N.uasset" 44
"../../../Engine/Content/EngineMaterials/T_Default_Material_Grid_N.uexp" 45
"../../../Engine/Content/Functions/Engine_MaterialFunctions01/Opacity/CameraDepthFade.uasset" 46
"../../../Engine/Content/Functions/Engine_MaterialFunctions01/Opacity/CameraDepthFade.uexp" 47
"../../../Engine/Content/EngineMaterials/DefaultMaterial.uasset" 48
"../../../Engine/Content/EngineMaterials/DefaultMaterial.uexp" 49
"../../../Engine/Content/EngineMeshes/Cylinder.ubulk" 50
"../../../Engine/Content/EngineMeshes/Cylinder.uasset" 51
"../../../Engine/Content/EngineMeshes/Cylinder.uexp" 52
"../../../Engine/Content/EngineResources/WhiteSquareTexture.uasset" 53
"../../../Engine/Content/EngineResources/WhiteSquareTexture.uexp" 54
"../../../Engine/Content/EngineMaterials/Widget3DPassThrough.uasset" 55
"../../../Engine/Content/EngineMaterials/Widget3DPassThrough.uexp" 56
"../../../Engine/Content/EngineMaterials/Widget3DPassThrough_Translucent.uasset" 57
"../../../Engine/Content/EngineMaterials/Widget3DPassThrough_Translucent.uexp" 58
"../../../Engine/Content/EngineMaterials/Widget3DPassThrough_Translucent_OneSided.uasset" 59
"../../../Engine/Content/EngineMaterials/Widget3DPassThrough_Translucent_OneSided.uexp" 60
"../../../Engine/Content/EngineMaterials/Widget3DPassThrough_Opaque.uasset" 61
"../../../Engine/Content/EngineMaterials/Widget3DPassThrough_Opaque.uexp" 62
"../../../Engine/Content/EngineMaterials/Widget3DPassThrough_Opaque_OneSided.uasset" 63
"../../../Engine/Content/EngineMaterials/Widget3DPassThrough_Opaque_OneSided.uexp" 64
"../../../Engine/Content/EngineMaterials/Widget3DPassThrough_Masked_OneSided.uasset" 65
"../../../Engine/Content/EngineMaterials/Widget3DPassThrough_Masked_OneSided.uexp" 66
"../../../Engine/Content/EngineMaterials/Widget3DPassThrough_Masked.uasset" 67
"../../../Engine/Content/EngineMaterials/Widget3DPassThrough_Masked.uexp" 68
"../../../Engine/Content/EngineMaterials/WeightMapPlaceholderTexture.uasset" 69
"../../../Engine/Content/EngineMaterials/WeightMapPlaceholderTexture.uexp" 70
"../../../Engine/Content/Functions/Engine_MaterialFunctions01/Shading/PowerToRoughness.uasset" 71
"../../../Engine/Content/Functions/Engine_MaterialFunctions01/Shading/PowerToRoughness.uexp" 72
"../../../Engine/Content/Functions/Engine_MaterialFunctions01/Shading/ConvertFromDiffSpec.uasset" 73
"../../../Engine/Content/Functions/Engine_MaterialFunctions01/Shading/ConvertFromDiffSpec.uexp" 74
"../../../Engine/Content/EngineMaterials/RemoveSurfaceMaterial.uasset" 75
"../../../Engine/Content/EngineMaterials/RemoveSurfaceMaterial.uexp" 76
"../../../Engine/Content/EngineMaterials/PreintegratedSkinBRDF.uasset" 77
"../../../Engine/Content/EngineMaterials/PreintegratedSkinBRDF.uexp" 78
"../../../Engine/Content/EngineMaterials/DefaultCalibrationGrayscale.uasset" 79
"../../../Engine/Content/EngineMaterials/DefaultCalibrationGrayscale.uexp" 80
"../../../Engine/Content/EngineMaterials/PPM_DefaultCalibrationGrayscale.uasset" 81
"../../../Engine/Content/EngineMaterials/PPM_DefaultCalibrationGrayscale.uexp" 82
"../../../Engine/Content/EngineMaterials/DefaultCalibrationColor.uasset" 83
"../../../Engine/Content/EngineMaterials/DefaultCalibrationColor.uexp" 84
"../../../Engine/Content/EngineMaterials/PPM_DefaultCalibrationColor.uasset" 85
"../../../Engine/Content/EngineMaterials/PPM_DefaultCalibrationColor.uexp" 86
"../../../Engine/Content/Functions/Engine_MaterialFunctions02/WorldPositionOffset/CameraOffset.uasset" 87
"../../../Engine/Content/Functions/Engine_MaterialFunctions02/WorldPositionOffset/CameraOffset.uexp" 88
"../../../Engine/Content/EngineMaterials/PhAT_JointLimitMaterial.uasset" 89
"../../../Engine/Content/EngineMaterials/PhAT_JointLimitMaterial.uexp" 90
"../../../Engine/Content/EngineMaterials/InvalidLightmapSettings.ubulk" 91
"../../../Engine/Content/EngineMaterials/InvalidLightmapSettings.uasset" 92
"../../../Engine/Content/EngineMaterials/InvalidLightmapSettings.uexp" 93
"../../../Engine/Content/EngineMaterials/M_InvalidLightmapSettings.uasset" 94
"../../../Engine/Content/EngineMaterials/M_InvalidLightmapSettings.uexp" 95
"../../../Engine/Content/EngineMaterials/MiniFont.uasset" 96
"../../../Engine/Content/EngineMaterials/MiniFont.uexp" 97
"../../../Engine/Content/EngineMaterials/Good64x64TilingNoiseHighFreq.uasset" 98
"../../../Engine/Content/EngineMaterials/Good64x64TilingNoiseHighFreq.uexp" 99
"../../../Engine/Content/EngineMaterials/GizmoMaterial.uasset" 100
"../../../Engine/Content/EngineMaterials/GizmoMaterial.uexp" 101
"../../../Engine/Content/EngineMaterials/BaseFlattenEmissiveMap_VT.uasset" 102
"../../../Engine/Content/EngineMaterials/BaseFlattenEmissiveMap_VT.uexp" 103
"../../../Engine/Content/EngineMaterials/BaseFlattenGrayscaleMap_VT.uasset" 104
"../../../Engine/Content/EngineMaterials/BaseFlattenGrayscaleMap_VT.uexp" 105
"../../../Engine/Content/EngineMaterials/BaseFlattenLinearColor_VT.uasset" 106
"../../../Engine/Content/EngineMaterials/BaseFlattenLinearColor_VT.uexp" 107
"../../../Engine/Content/EngineMaterials/Black_1x1_EXR_Texture_VT.uasset" 108
"../../../Engine/Content/EngineMaterials/Black_1x1_EXR_Texture_VT.uexp" 109
"../../../Engine/Content/EngineMaterials/BaseFlattenDiffuseMap_VT.uasset" 110
"../../../Engine/Content/EngineMaterials/BaseFlattenDiffuseMap_VT.uexp" 111
"../../../Engine/Content/EngineMaterials/BaseFlattenNormalMap_VT.uasset" 112
"../../../Engine/Content/EngineMaterials/BaseFlattenNormalMap_VT.uexp" 113
"../../../Engine/Content/EngineMaterials/FlattenMaterial_WS_Normal_VT.uasset" 114
"../../../Engine/Content/EngineMaterials/FlattenMaterial_WS_Normal_VT.uexp" 115
"../../../Engine/Content/EngineMaterials/FlattenMaterial_VT.uasset" 116
"../../../Engine/Content/EngineMaterials/FlattenMaterial_VT.uexp" 117
"../../../Engine/Content/EngineMaterials/BaseFlattenNormalMap.uasset" 118
"../../../Engine/Content/EngineMaterials/BaseFlattenNormalMap.uexp" 119
"../../../Engine/Content/EngineMaterials/BaseFlattenGrayscaleMap.uasset" 120
"../../../Engine/Content/EngineMaterials/BaseFlattenGrayscaleMap.uexp" 121
"../../../Engine/Content/EngineMaterials/BaseFlattenDiffuseMap.uasset" 122
"../../../Engine/Content/EngineMaterials/BaseFlattenDiffuseMap.uexp" 123
"../../../Engine/Content/Functions/Engine_MaterialFunctions02/PivotPainter2/Black_1x1_EXR_Texture.uasset" 124
"../../../Engine/Content/Functions/Engine_MaterialFunctions02/PivotPainter2/Black_1x1_EXR_Texture.uexp" 125
"../../../Engine/Content/EngineMaterials/BaseFlattenEmissiveMap.uasset" 126
"../../../Engine/Content/EngineMaterials/BaseFlattenEmissiveMap.uexp" 127
"../../../Engine/Content/EngineMaterials/BaseFlattenLinearColor.uasset" 128
"../../../Engine/Content/EngineMaterials/BaseFlattenLinearColor.uexp" 129
"../../../Engine/Content/EngineMaterials/FlattenMaterial.uasset" 130
"../../../Engine/Content/EngineMaterials/FlattenMaterial.uexp" 131
"../../../Engine/Content/EngineMaterials/DefaultWhiteGrid_Low.uasset" 132
"../../../Engine/Content/EngineMaterials/DefaultWhiteGrid_Low.uexp" 133
"../../../Engine/Content/EngineMaterials/EmissiveMeshMaterial.uasset" 134
"../../../Engine/Content/EngineMaterials/EmissiveMeshMaterial.uexp" 135
"../../../Engine/Content/EngineMaterials/DefaultWhiteGrid.ubulk" 136
"../../../Engine/Content/EngineMaterials/DefaultWhiteGrid.uasset" 137
"../../../Engine/Content/EngineMaterials/DefaultWhiteGrid.uexp" 138
"../../../Engine/Content/EngineFonts/RobotoDistanceField.uasset" 139
"../../../Engine/Content/EngineFonts/RobotoDistanceField.uexp" 140
"../../../Engine/Content/EngineMaterials/DefaultTextMaterialOpaque.uasset" 141
"../../../Engine/Content/EngineMaterials/DefaultTextMaterialOpaque.uexp" 142
"../../../Engine/Content/EngineMaterials/DefaultDiffuse.ubulk" 143
"../../../Engine/Content/EngineMaterials/DefaultDiffuse.uasset" 144
"../../../Engine/Content/EngineMaterials/DefaultDiffuse.uexp" 145
"../../../Engine/Content/Functions/Engine_MaterialFunctions02/Utility/BreakOutFloat2Components.uasset" 146
"../../../Engine/Content/Functions/Engine_MaterialFunctions02/Utility/BreakOutFloat2Components.uexp" 147
"../../../Engine/Content/EngineMaterials/DefaultPostProcessMaterial.uasset" 148
"../../../Engine/Content/EngineMaterials/DefaultPostProcessMaterial.uexp" 149
"../../../Engine/Content/EngineMaterials/DefaultPhysicalMaterial.uasset" 150
"../../../Engine/Content/EngineMaterials/DefaultPhysicalMaterial.uexp" 151
"../../../Engine/Content/EngineMaterials/DefaultLightFunctionMaterial.uasset" 152
"../../../Engine/Content/EngineMaterials/DefaultLightFunctionMaterial.uexp" 153
"../../../Engine/Content/EngineMaterials/DefaultDestructiblePhysicalMaterial.uasset" 154
"../../../Engine/Content/EngineMaterials/DefaultDestructiblePhysicalMaterial.uexp" 155
"../../../Engine/Content/EngineMaterials/DefaultDeferredDecalMaterial.uasset" 156
"../../../Engine/Content/EngineMaterials/DefaultDeferredDecalMaterial.uexp" 157
"../../../Engine/Content/EngineMaterials/DefaultBokeh.uasset" 158
"../../../Engine/Content/EngineMaterials/DefaultBokeh.uexp" 159
"../../../Engine/Content/EngineMaterials/DefaultBloomKernel.uasset" 160
"../../../Engine/Content/EngineMaterials/DefaultBloomKernel.uexp" 161
"../../../Engine/Content/EngineMaterials/BlueNoise.uasset" 162
"../../../Engine/Content/EngineMaterials/BlueNoise.uexp" 163
"../../../Engine/Content/EngineFonts/Faces/RobotoLight.uexp" 164
"../../../Engine/Content/EngineFonts/Faces/RobotoLight.uasset" 165
"../../../Engine/Content/EngineFonts/Faces/RobotoLight.ufont" 166
"../../../Engine/Content/EngineFonts/Faces/RobotoBold.uexp" 167
"../../../Engine/Content/EngineFonts/Faces/RobotoBold.uasset" 168
"../../../Engine/Content/EngineFonts/Faces/RobotoBold.ufont" 169
"../../../Engine/Content/EngineFonts/Faces/RobotoRegular.uexp" 170
"../../../Engine/Content/EngineFonts/Faces/RobotoRegular.uasset" 171
"../../../Engine/Content/EngineFonts/Faces/RobotoRegular.ufont" 172
"../../../Engine/Content/EngineFonts/Faces/DroidSansFallback.uexp" 173
"../../../Engine/Content/EngineFonts/Faces/DroidSansFallback.uasset" 174
"../../../Engine/Content/EngineFonts/Faces/DroidSansFallback.ufont" 175
"../../../Engine/Content/EngineFonts/Faces/RobotoItalic.uexp" 176
"../../../Engine/Content/EngineFonts/Faces/RobotoItalic.uasset" 177
"../../../Engine/Content/EngineFonts/Faces/RobotoItalic.ufont" 178
"../../../Engine/Content/EngineFonts/Faces/RobotoBoldItalic.uexp" 179
"../../../Engine/Content/EngineFonts/Faces/RobotoBoldItalic.uasset" 180
"../../../Engine/Content/EngineFonts/Faces/RobotoBoldItalic.ufont" 181
"../../../Engine/Content/EngineFonts/Roboto.uasset" 182
"../../../Engine/Content/EngineFonts/Roboto.uexp" 183
"../../../Engine/Content/Functions/Engine_MaterialFunctions02/Utility/CameraDirectionVector.uasset" 184
"../../../Engine/Content/Functions/Engine_MaterialFunctions02/Utility/CameraDirectionVector.uexp" 185
"../../../Engine/Content/EngineDebugMaterials/VolumeToRender.uasset" 186
"../../../Engine/Content/EngineDebugMaterials/VolumeToRender.uexp" 187
"../../../Engine/Content/EngineDebugMaterials/M_VolumeRenderSphereTracePP.uasset" 188
"../../../Engine/Content/EngineDebugMaterials/M_VolumeRenderSphereTracePP.uexp" 189
"../../../Engine/Content/EngineDebugMaterials/M_SimpleUnlitTranslucent.uasset" 190
"../../../Engine/Content/EngineDebugMaterials/M_SimpleUnlitTranslucent.uexp" 191
"../../../Engine/Content/EngineDebugMaterials/DebugMeshMaterial.uasset" 192
"../../../Engine/Content/EngineDebugMaterials/DebugMeshMaterial.uexp" 193
"../../../Engine/Content/EngineDebugMaterials/DebugEditorMaterial.uasset" 194
"../../../Engine/Content/EngineDebugMaterials/DebugEditorMaterial.uexp" 195
"../../../Engine/Content/EngineDamageTypes/DmgTypeBP_Environmental.uasset" 196
"../../../Engine/Content/EngineDamageTypes/DmgTypeBP_Environmental.uexp" 197
"../../../Engine/Content/EditorResources/S_TriggerSphere.uasset" 198
"../../../Engine/Content/EditorResources/S_TriggerSphere.uexp" 199
"../../../Engine/Content/EditorResources/S_TriggerCapsule.uasset" 200
"../../../Engine/Content/EditorResources/S_TriggerCapsule.uexp" 201
"../../../Engine/Content/EditorResources/S_TriggerBox.uasset" 202
"../../../Engine/Content/EditorResources/S_TriggerBox.uexp" 203
"../../../Engine/Content/EditorResources/S_Trigger.ubulk" 204
"../../../Engine/Content/EditorResources/S_Trigger.uasset" 205
"../../../Engine/Content/EditorResources/S_Trigger.uexp" 206
"../../../Engine/Content/EditorResources/S_Terrain.ubulk" 207
"../../../Engine/Content/EditorResources/S_Terrain.uasset" 208
"../../../Engine/Content/EditorResources/S_Terrain.uexp" 209
"../../../Engine/Content/EditorResources/S_Solver.ubulk" 210
"../../../Engine/Content/EditorResources/S_Solver.uasset" 211
"../../../Engine/Content/EditorResources/S_Solver.uexp" 212
"../../../Engine/Content/EditorResources/S_BoxReflectionCapture.uasset" 213
"../../../Engine/Content/EditorResources/S_BoxReflectionCapture.uexp" 214
"../../../Engine/Content/EditorResources/S_Actor.ubulk" 215
"../../../Engine/Content/EditorResources/S_Actor.uasset" 216
"../../../Engine/Content/EditorResources/S_Actor.uexp" 217
"../../../Engine/Content/EditorResources/EmptyActor.uasset" 218
"../../../Engine/Content/EditorResources/EmptyActor.uexp" 219
"../../../Engine/Content/EditorResources/BSPVertex.uasset" 220
"../../../Engine/Content/EditorResources/BSPVertex.uexp" 221
"../../../Engine/Content/EditorResources/SequenceRecorder/RecordingIndicator.uasset" 222
"../../../Engine/Content/EditorResources/SequenceRecorder/RecordingIndicator.uexp" 223
"../../../Engine/Content/EditorResources/SequenceRecorder/Countdown.uasset" 224
"../../../Engine/Content/EditorResources/SequenceRecorder/Countdown.uexp" 225
"../../../Engine/Content/EditorResources/LightIcons/S_LightError.uasset" 226
"../../../Engine/Content/EditorResources/LightIcons/S_LightError.uexp" 227
"../../../Engine/Content/EditorResources/AudioIcons/S_AudioComponent_AutoActivate.uasset" 228
"../../../Engine/Content/EditorResources/AudioIcons/S_AudioComponent_AutoActivate.uexp" 229
"../../../Engine/Content/EditorMaterials/Camera/CineMat.uasset" 230
"../../../Engine/Content/EditorMaterials/Camera/CineMat.uexp" 231
"../../../Engine/Content/EditorMaterials/Camera/MI_CineMat_Rig.uasset" 232
"../../../Engine/Content/EditorMaterials/Camera/MI_CineMat_Rig.uexp" 233
"../../../Engine/Content/EditorMeshes/Camera/SM_RailRig_Track.ubulk" 234
"../../../Engine/Content/EditorMeshes/Camera/SM_RailRig_Track.uasset" 235
"../../../Engine/Content/EditorMeshes/Camera/SM_RailRig_Track.uexp" 236
"../../../Engine/Content/EditorMeshes/Camera/SM_RailRig_Mount.ubulk" 237
"../../../Engine/Content/EditorMeshes/Camera/SM_RailRig_Mount.uasset" 238
"../../../Engine/Content/EditorMeshes/Camera/SM_RailRig_Mount.uexp" 239
"../../../Engine/Content/EditorMeshes/Camera/SM_CraneRig_Mount.ubulk" 240
"../../../Engine/Content/EditorMeshes/Camera/SM_CraneRig_Mount.uasset" 241
"../../../Engine/Content/EditorMeshes/Camera/SM_CraneRig_Mount.uexp" 242
"../../../Engine/Content/EditorMeshes/Camera/SM_CraneRig_Body.ubulk" 243
"../../../Engine/Content/EditorMeshes/Camera/SM_CraneRig_Body.uasset" 244
"../../../Engine/Content/EditorMeshes/Camera/SM_CraneRig_Body.uexp" 245
"../../../Engine/Content/EditorMeshes/Camera/SM_CraneRig_Base.ubulk" 246
"../../../Engine/Content/EditorMeshes/Camera/SM_CraneRig_Base.uasset" 247
"../../../Engine/Content/EditorMeshes/Camera/SM_CraneRig_Base.uexp" 248
"../../../Engine/Content/EditorMeshes/Camera/SM_CraneRig_Arm.ubulk" 249
"../../../Engine/Content/EditorMeshes/Camera/SM_CraneRig_Arm.uasset" 250
"../../../Engine/Content/EditorMeshes/Camera/SM_CraneRig_Arm.uexp" 251
"../../../Engine/Content/EditorMaterials/PreviewShadowIndicator.ubulk" 252
"../../../Engine/Content/EditorMaterials/PreviewShadowIndicator.uasset" 253
"../../../Engine/Content/EditorMaterials/PreviewShadowIndicator.uexp" 254
"../../../Engine/Content/EditorMaterials/PreviewShadowIndicatorMaterial.uasset" 255
"../../../Engine/Content/EditorMaterials/PreviewShadowIndicatorMaterial.uexp" 256
"../../../Engine/Content/EditorMaterials/MAT_Groups_Visibility.uasset" 257
"../../../Engine/Content/EditorMaterials/MAT_Groups_Visibility.uexp" 258
"../../../Engine/Content/EditorMaterials/MAT_Groups_Toggle.uasset" 259
"../../../Engine/Content/EditorMaterials/MAT_Groups_Toggle.uexp" 260
"../../../Engine/Content/Functions/Engine_MaterialFunctions02/Utility/MakeFloat4.uasset" 261
"../../../Engine/Content/Functions/Engine_MaterialFunctions02/Utility/MakeFloat4.uexp" 262
"../../../Engine/Content/Functions/Engine_MaterialFunctions02/Utility/MakeFloat3.uasset" 263
"../../../Engine/Content/Functions/Engine_MaterialFunctions02/Utility/MakeFloat3.uexp" 264
"../../../Engine/Content/Functions/Engine_MaterialFunctions02/Utility/BreakOutFloat3Components.uasset" 265
"../../../Engine/Content/Functions/Engine_MaterialFunctions02/Utility/BreakOutFloat3Components.uexp" 266
"../../../Engine/Content/EditorMaterials/WorldPartition/WorldPartitionSpatialHashGridPreviewMaterial.uasset" 267
"../../../Engine/Content/EditorMaterials/WorldPartition/WorldPartitionSpatialHashGridPreviewMaterial.uexp" 268
"../../../Engine/Content/EditorMaterials/ParticleSystems/PSysThumbnail_OOD.ubulk" 269
"../../../Engine/Content/EditorMaterials/ParticleSystems/PSysThumbnail_OOD.uasset" 270
"../../../Engine/Content/EditorMaterials/ParticleSystems/PSysThumbnail_OOD.uexp" 271
"../../../Engine/Content/EditorMaterials/ParticleSystems/PSysThumbnail_NoImage.ubulk" 272
"../../../Engine/Content/EditorMaterials/ParticleSystems/PSysThumbnail_NoImage.uasset" 273
"../../../Engine/Content/EditorMaterials/ParticleSystems/PSysThumbnail_NoImage.uexp" 274
"../../../Engine/Content/EditorMaterials/MatineeGroups/MAT_Groups_Vector.uasset" 275
"../../../Engine/Content/EditorMaterials/MatineeGroups/MAT_Groups_Vector.uexp" 276
"../../../Engine/Content/EditorMaterials/MatineeGroups/MAT_Groups_Sound.uasset" 277
"../../../Engine/Content/EditorMaterials/MatineeGroups/MAT_Groups_Sound.uexp" 278
"../../../Engine/Content/EditorMaterials/MatineeGroups/MAT_Groups_Slomo.uasset" 279
"../../../Engine/Content/EditorMaterials/MatineeGroups/MAT_Groups_Slomo.uexp" 280
"../../../Engine/Content/EditorMaterials/MatineeGroups/MAT_Groups_Move.uasset" 281
"../../../Engine/Content/EditorMaterials/MatineeGroups/MAT_Groups_Move.uexp" 282
"../../../Engine/Content/EditorMaterials/MatineeGroups/MAT_Groups_Float.uasset" 283
"../../../Engine/Content/EditorMaterials/MatineeGroups/MAT_Groups_Float.uexp" 284
"../../../Engine/Content/EditorMaterials/MatineeGroups/MAT_Groups_Fade.uasset" 285
"../../../Engine/Content/EditorMaterials/MatineeGroups/MAT_Groups_Fade.uexp" 286
"../../../Engine/Content/EditorMaterials/MatineeGroups/MAT_Groups_Event.uasset" 287
"../../../Engine/Content/EditorMaterials/MatineeGroups/MAT_Groups_Event.uexp" 288
"../../../Engine/Content/EditorMaterials/MatineeGroups/MAT_Groups_Director.uasset" 289
"../../../Engine/Content/EditorMaterials/MatineeGroups/MAT_Groups_Director.uexp" 290
"../../../Engine/Content/EditorMaterials/MatineeGroups/MAT_Groups_AudioMaster.uasset" 291
"../../../Engine/Content/EditorMaterials/MatineeGroups/MAT_Groups_AudioMaster.uexp" 292
"../../../Engine/Content/EditorMaterials/MatineeGroups/MAT_Groups_Anim.uasset" 293
"../../../Engine/Content/EditorMaterials/MatineeGroups/MAT_Groups_Anim.uexp" 294
"../../../Engine/Content/EditorMaterials/MatineeGroups/MAT_ColorTrack.uasset" 295
"../../../Engine/Content/EditorMaterials/MatineeGroups/MAT_ColorTrack.uexp" 296
"../../../Engine/Content/EditorLandscapeResources/DefaultAlphaTexture.uasset" 297
"../../../Engine/Content/EditorLandscapeResources/DefaultAlphaTexture.uexp" 298
"../../../Engine/Content/EditorLandscapeResources/DataLayer.uasset" 299
"../../../Engine/Content/EditorLandscapeResources/DataLayer.uexp" 300
"../../../Engine/Content/BasicShapes/Sphere.ubulk" 301
"../../../Engine/Content/BasicShapes/Sphere.uasset" 302
"../../../Engine/Content/BasicShapes/Sphere.uexp" 303
"../../../Engine/Content/EngineMaterials/WorldGridMaterial.uasset" 304
"../../../Engine/Content/EngineMaterials/WorldGridMaterial.uexp" 305
"../../../Engine/Content/BasicShapes/Plane.ubulk" 306
"../../../Engine/Content/BasicShapes/Plane.uasset" 307
"../../../Engine/Content/BasicShapes/Plane.uexp" 308
"../../../Engine/Content/BasicShapes/Cylinder.ubulk" 309
"../../../Engine/Content/BasicShapes/Cylinder.uasset" 310
"../../../Engine/Content/BasicShapes/Cylinder.uexp" 311
"../../../Engine/Content/BasicShapes/Cube.ubulk" 312
"../../../Engine/Content/BasicShapes/Cube.uasset" 313
"../../../Engine/Content/BasicShapes/Cube.uexp" 314
"../../../Engine/Content/BasicShapes/Cone.ubulk" 315
"../../../Engine/Content/BasicShapes/Cone.uasset" 316
"../../../Engine/Content/BasicShapes/Cone.uexp" 317
"../../../Engine/Content/ArtTools/RenderToTexture/Meshes/S_1_Unit_Plane.ubulk" 318
"../../../Engine/Content/ArtTools/RenderToTexture/Meshes/S_1_Unit_Plane.uasset" 319
"../../../Engine/Content/ArtTools/RenderToTexture/Meshes/S_1_Unit_Plane.uexp" 320
"D:/MyGitHub/Just_A_Racing_Game/Content/Ximik/l2.uasset" 321
"D:/MyGitHub/Just_A_Racing_Game/Content/Ximik/l2.uexp" 322
"D:/MyGitHub/Just_A_Racing_Game/Content/Ximik/road_l1.ubulk" 323
"D:/MyGitHub/Just_A_Racing_Game/Content/Ximik/road_l1.uasset" 324
"D:/MyGitHub/Just_A_Racing_Game/Content/Ximik/road_l1.uexp" 325
"D:/MyGitHub/Just_A_Racing_Game/Content/Ximik/m2.uasset" 326
"D:/MyGitHub/Just_A_Racing_Game/Content/Ximik/m2.uexp" 327
"D:/MyGitHub/Just_A_Racing_Game/Content/Ximik/road.uasset" 328
"D:/MyGitHub/Just_A_Racing_Game/Content/Ximik/road.uexp" 329
"D:/MyGitHub/Just_A_Racing_Game/Content/Ximik/m1.uasset" 330
"D:/MyGitHub/Just_A_Racing_Game/Content/Ximik/m1.uexp" 331
"D:/MyGitHub/Just_A_Racing_Game/Content/ARCADE_FREE_Racing_Car/TestImport/carmat.uasset" 332
"D:/MyGitHub/Just_A_Racing_Game/Content/ARCADE_FREE_Racing_Car/TestImport/carmat.uexp" 333
"D:/MyGitHub/Just_A_Racing_Game/Content/Ximik/m4.uasset" 334
"D:/MyGitHub/Just_A_Racing_Game/Content/Ximik/m4.uexp" 335
"D:/MyGitHub/Just_A_Racing_Game/Content/Ximik/m3.uasset" 336
"D:/MyGitHub/Just_A_Racing_Game/Content/Ximik/m3.uexp" 337
"D:/MyGitHub/Just_A_Racing_Game/Content/Ximik/road3.ubulk" 338
"D:/MyGitHub/Just_A_Racing_Game/Content/Ximik/road3.uasset" 339
"D:/MyGitHub/Just_A_Racing_Game/Content/Ximik/road3.uexp" 340
"D:/MyGitHub/Just_A_Racing_Game/Content/Ximik/l1.uasset" 341
"D:/MyGitHub/Just_A_Racing_Game/Content/Ximik/l1.uexp" 342
"D:/MyGitHub/Just_A_Racing_Game/Content/Ximik/ll1.ubulk" 343
"D:/MyGitHub/Just_A_Racing_Game/Content/Ximik/ll1.uasset" 344
"D:/MyGitHub/Just_A_Racing_Game/Content/Ximik/ll1.uexp" 345
"D:/MyGitHub/Just_A_Racing_Game/Content/Spline/SplineStruct.uasset" 346
"D:/MyGitHub/Just_A_Racing_Game/Content/Spline/SplineStruct.uexp" 347
"D:/MyGitHub/Just_A_Racing_Game/Content/Spline/road_tr_csv.uasset" 348
"D:/MyGitHub/Just_A_Racing_Game/Content/Spline/road_tr_csv.uexp" 349
"../../../Engine/Content/EditorBlueprintResources/StandardMacros.uasset" 350
"../../../Engine/Content/EditorBlueprintResources/StandardMacros.uexp" 351
"D:/MyGitHub/Just_A_Racing_Game/Content/Spline/BP_Spline_V.uasset" 352
"D:/MyGitHub/Just_A_Racing_Game/Content/Spline/BP_Spline_V.uexp" 353
"D:/MyGitHub/Just_A_Racing_Game/Content/Car_Engine_Sounds_-_i6_German_Free/NewSoundAttenuation.uasset" 354
"D:/MyGitHub/Just_A_Racing_Game/Content/Car_Engine_Sounds_-_i6_German_Free/NewSoundAttenuation.uexp" 355
"D:/MyGitHub/Just_A_Racing_Game/Content/ARCADE_FREE_Racing_Car/TestImport/LightsFront.uasset" 356
"D:/MyGitHub/Just_A_Racing_Game/Content/ARCADE_FREE_Racing_Car/TestImport/LightsFront.uexp" 357
"D:/MyGitHub/Just_A_Racing_Game/Content/ARCADE_FREE_Racing_Car/TestImport/NewCar_Skeleton.uasset" 358
"D:/MyGitHub/Just_A_Racing_Game/Content/ARCADE_FREE_Racing_Car/TestImport/NewCar_Skeleton.uexp" 359
"D:/MyGitHub/Just_A_Racing_Game/Content/ARCADE_FREE_Racing_Car/TestImport/NewCar_PhysicsAsset.uasset" 360
"D:/MyGitHub/Just_A_Racing_Game/Content/ARCADE_FREE_Racing_Car/TestImport/NewCar_PhysicsAsset.uexp" 361
"D:/MyGitHub/Just_A_Racing_Game/Content/ARCADE_FREE_Racing_Car/TestImport/Lights.uasset" 362
"D:/MyGitHub/Just_A_Racing_Game/Content/ARCADE_FREE_Racing_Car/TestImport/Lights.uexp" 363
"../../../Engine/Content/Functions/Engine_MaterialFunctions02/ExampleContent/DebugNumberStrip.uasset" 364
"../../../Engine/Content/Functions/Engine_MaterialFunctions02/ExampleContent/DebugNumberStrip.uexp" 365
"../../../Engine/Content/Functions/Engine_MaterialFunctions01/Texturing/ComputeMipLevel.uasset" 366
"../../../Engine/Content/Functions/Engine_MaterialFunctions01/Texturing/ComputeMipLevel.uexp" 367
"../../../Engine/Content/Functions/Engine_MaterialFunctions01/Texturing/TextureCropping.uasset" 368
"../../../Engine/Content/Functions/Engine_MaterialFunctions01/Texturing/TextureCropping.uexp" 369
"../../../Engine/Content/Functions/Engine_MaterialFunctions02/ExampleContent/Textures/DebugNumberPeriod.uasset" 370
"../../../Engine/Content/Functions/Engine_MaterialFunctions02/ExampleContent/Textures/DebugNumberPeriod.uexp" 371
"../../../Engine/Content/Functions/Engine_MaterialFunctions02/Utility/DebugScalarValues.uasset" 372
"../../../Engine/Content/Functions/Engine_MaterialFunctions02/Utility/DebugScalarValues.uexp" 373
"../../../Engine/Content/Functions/Engine_MaterialFunctions02/Utility/DebugFloat3Values.uasset" 374
"../../../Engine/Content/Functions/Engine_MaterialFunctions02/Utility/DebugFloat3Values.uexp" 375
"../../../Engine/Content/Functions/Engine_MaterialFunctions02/Math/RGBtoHSV.uasset" 376
"../../../Engine/Content/Functions/Engine_MaterialFunctions02/Math/RGBtoHSV.uexp" 377
"D:/MyGitHub/Just_A_Racing_Game/Content/ARCADE_FREE_Racing_Car/Textures/Free_Car_Texture_Atlas.ubulk" 378
"D:/MyGitHub/Just_A_Racing_Game/Content/ARCADE_FREE_Racing_Car/Textures/Free_Car_Texture_Atlas.uasset" 379
"D:/MyGitHub/Just_A_Racing_Game/Content/ARCADE_FREE_Racing_Car/Textures/Free_Car_Texture_Atlas.uexp" 380
"D:/MyGitHub/Just_A_Racing_Game/Content/ARCADE_FREE_Racing_Car/TestImport/Material_001.uasset" 381
"D:/MyGitHub/Just_A_Racing_Game/Content/ARCADE_FREE_Racing_Car/TestImport/Material_001.uexp" 382
"D:/MyGitHub/Just_A_Racing_Game/Content/ARCADE_FREE_Racing_Car/TestImport/NewCar.uasset" 383
"D:/MyGitHub/Just_A_Racing_Game/Content/ARCADE_FREE_Racing_Car/TestImport/NewCar.uexp" 384
"D:/MyGitHub/Just_A_Racing_Game/Content/Car_Engine_Sounds_-_i6_German_Free/med_off.ubulk" 385
"D:/MyGitHub/Just_A_Racing_Game/Content/Car_Engine_Sounds_-_i6_German_Free/med_off.uasset" 386
"D:/MyGitHub/Just_A_Racing_Game/Content/Car_Engine_Sounds_-_i6_German_Free/med_off.uexp" 387
"D:/MyGitHub/Just_A_Racing_Game/Content/Car_Engine_Sounds_-_i6_German_Free/low_off.ubulk" 388
"D:/MyGitHub/Just_A_Racing_Game/Content/Car_Engine_Sounds_-_i6_German_Free/low_off.uasset" 389
"D:/MyGitHub/Just_A_Racing_Game/Content/Car_Engine_Sounds_-_i6_German_Free/low_off.uexp" 390
"D:/MyGitHub/Just_A_Racing_Game/Content/Sound/Sound.uasset" 391
"D:/MyGitHub/Just_A_Racing_Game/Content/Sound/Sound.uexp" 392
"D:/MyGitHub/Just_A_Racing_Game/Content/Car_Engine_Sounds_-_i6_German_Free/high_off.ubulk" 393
"D:/MyGitHub/Just_A_Racing_Game/Content/Car_Engine_Sounds_-_i6_German_Free/high_off.uasset" 394
"D:/MyGitHub/Just_A_Racing_Game/Content/Car_Engine_Sounds_-_i6_German_Free/high_off.uexp" 395
"D:/MyGitHub/Just_A_Racing_Game/Content/Car_Engine_Sounds_-_i6_German_Free/idle.ubulk" 396
"D:/MyGitHub/Just_A_Racing_Game/Content/Car_Engine_Sounds_-_i6_German_Free/idle.uasset" 397
"D:/MyGitHub/Just_A_Racing_Game/Content/Car_Engine_Sounds_-_i6_German_Free/idle.uexp" 398
"D:/MyGitHub/Just_A_Racing_Game/Content/Car_Engine_Sounds_-_i6_German_Free/MySoundCue.uasset" 399
"D:/MyGitHub/Just_A_Racing_Game/Content/Car_Engine_Sounds_-_i6_German_Free/MySoundCue.uexp" 400
"D:/MyGitHub/Just_A_Racing_Game/Content/ARCADE_FREE_Racing_Car/TestImport/CarWheelAnimationBP.uasset" 401
"D:/MyGitHub/Just_A_Racing_Game/Content/ARCADE_FREE_Racing_Car/TestImport/CarWheelAnimationBP.uexp" 402
"D:/MyGitHub/Just_A_Racing_Game/Content/ARCADE_FREE_Racing_Car/TestImport/RearWheel.uasset" 403
"D:/MyGitHub/Just_A_Racing_Game/Content/ARCADE_FREE_Racing_Car/TestImport/RearWheel.uexp" 404
"D:/MyGitHub/Just_A_Racing_Game/Content/ARCADE_FREE_Racing_Car/TestImport/BackLights_off.uasset" 405
"D:/MyGitHub/Just_A_Racing_Game/Content/ARCADE_FREE_Racing_Car/TestImport/BackLights_off.uexp" 406
"D:/MyGitHub/Just_A_Racing_Game/Content/ARCADE_FREE_Racing_Car/TestImport/FrontWheel.uasset" 407
"D:/MyGitHub/Just_A_Racing_Game/Content/ARCADE_FREE_Racing_Car/TestImport/FrontWheel.uexp" 408
"D:/MyGitHub/Just_A_Racing_Game/Content/ARCADE_FREE_Racing_Car/TestImport/CarAI.uasset" 409
"D:/MyGitHub/Just_A_Racing_Game/Content/ARCADE_FREE_Racing_Car/TestImport/CarAI.uexp" 410
"D:/MyGitHub/Just_A_Racing_Game/Content/ARCADE_FREE_Racing_Car/TestImport/BackLights_on.uasset" 411
"D:/MyGitHub/Just_A_Racing_Game/Content/ARCADE_FREE_Racing_Car/TestImport/BackLights_on.uexp" 412
"../../../Engine/Content/MobileResources/HUD/VirtualJoystick_Background.uasset" 413
"../../../Engine/Content/MobileResources/HUD/VirtualJoystick_Background.uexp" 414
"../../../Engine/Content/MobileResources/HUD/VirtualJoystick_Thumb.uasset" 415
"../../../Engine/Content/MobileResources/HUD/VirtualJoystick_Thumb.uexp" 416
"../../../Engine/Content/MobileResources/HUD/DefaultVirtualJoysticks.uasset" 417
"../../../Engine/Content/MobileResources/HUD/DefaultVirtualJoysticks.uexp" 418
"../../../Engine/Content/OpenWorldTemplate/HLOD/HLOD0_Instancing.uasset" 419
"../../../Engine/Content/OpenWorldTemplate/HLOD/HLOD0_Instancing.uexp" 420
"../../../Engine/Content/Tutorial/ContentIntroCurve.uasset" 421
"../../../Engine/Content/Tutorial/ContentIntroCurve.uexp" 422
"../../../Engine/Content/VREditor/TransformGizmo/Main.uasset" 423
"../../../Engine/Content/VREditor/TransformGizmo/Main.uexp" 424
"../../../Engine/Content/VREditor/TransformGizmo/Xray.uasset" 425
"../../../Engine/Content/VREditor/TransformGizmo/Xray.uexp" 426
"../../../Engine/Content/VREditor/TransformGizmo/SM_Sequencer_Node.ubulk" 427
"../../../Engine/Content/VREditor/TransformGizmo/SM_Sequencer_Node.uasset" 428
"../../../Engine/Content/VREditor/TransformGizmo/SM_Sequencer_Node.uexp" 429
"../../../Engine/Content/VREditor/LaserPointer/VR_LaserPower_01.ubulk" 430
"../../../Engine/Content/VREditor/LaserPointer/VR_LaserPower_01.uasset" 431
"../../../Engine/Content/VREditor/LaserPointer/VR_LaserPower_01.uexp" 432
"../../../Engine/Content/VREditor/TransformGizmo/TransformGizmoMaterial.uasset" 433
"../../../Engine/Content/VREditor/TransformGizmo/TransformGizmoMaterial.uexp" 434
"../../../Engine/Content/VREditor/TransformGizmo/TranslucentTransformGizmoMaterial.uasset" 435
"../../../Engine/Content/VREditor/TransformGizmo/TranslucentTransformGizmoMaterial.uexp" 436
"../../../Engine/Content/VREditor/TransformGizmo/PlaneTranslationHandle.ubulk" 437
"../../../Engine/Content/VREditor/TransformGizmo/PlaneTranslationHandle.uasset" 438
"../../../Engine/Content/VREditor/TransformGizmo/PlaneTranslationHandle.uexp" 439
"../../../Engine/Content/VREditor/TransformGizmo/BoundingBoxEdge.ubulk" 440
"../../../Engine/Content/VREditor/TransformGizmo/BoundingBoxEdge.uasset" 441
"../../../Engine/Content/VREditor/TransformGizmo/BoundingBoxEdge.uexp" 442
"../../../Engine/Content/VREditor/TransformGizmo/BoundingBoxCorner.ubulk" 443
"../../../Engine/Content/VREditor/TransformGizmo/BoundingBoxCorner.uasset" 444
"../../../Engine/Content/VREditor/TransformGizmo/BoundingBoxCorner.uexp" 445
"../../../Engine/Plugins/2D/Paper2D/Content/PlaceholderTextures/DummySpriteTexture.ubulk" 446
"../../../Engine/Plugins/2D/Paper2D/Content/PlaceholderTextures/DummySpriteTexture.uasset" 447
"../../../Engine/Plugins/2D/Paper2D/Content/PlaceholderTextures/DummySpriteTexture.uexp" 448
"../../../Engine/Plugins/2D/Paper2D/Content/DefaultSpriteMaterial.uasset" 449
"../../../Engine/Plugins/2D/Paper2D/Content/DefaultSpriteMaterial.uexp" 450
"../../../Engine/Plugins/2D/Paper2D/Content/OpaqueUnlitSpriteMaterial.uasset" 451
"../../../Engine/Plugins/2D/Paper2D/Content/OpaqueUnlitSpriteMaterial.uexp" 452
"../../../Engine/Plugins/2D/Paper2D/Content/MaskedUnlitSpriteMaterial.uasset" 453
"../../../Engine/Plugins/2D/Paper2D/Content/MaskedUnlitSpriteMaterial.uexp" 454
"../../../Engine/Plugins/2D/Paper2D/Content/DummySprite.uasset" 455
"../../../Engine/Plugins/2D/Paper2D/Content/DummySprite.uexp" 456
"../../../Engine/Plugins/2D/Paper2D/Content/DefaultPaperTerrainMaterial.uasset" 457
"../../../Engine/Plugins/2D/Paper2D/Content/DefaultPaperTerrainMaterial.uexp" 458
"../../../Engine/Plugins/Animation/ControlRig/Content/M_Manip.uasset" 459
"../../../Engine/Plugins/Animation/ControlRig/Content/M_Manip.uexp" 460
"../../../Engine/Plugins/Animation/ControlRig/Content/Controls/DefaultGizmoLibraryNormalized.uasset" 461
"../../../Engine/Plugins/Animation/ControlRig/Content/Controls/DefaultGizmoLibraryNormalized.uexp" 462
"../../../Engine/Plugins/Animation/ControlRig/Content/Controls/ControlRig_Wedge_solid.ubulk" 463
"../../../Engine/Plugins/Animation/ControlRig/Content/Controls/ControlRig_Wedge_solid.uasset" 464
"../../../Engine/Plugins/Animation/ControlRig/Content/Controls/ControlRig_Wedge_solid.uexp" 465
"../../../Engine/Plugins/Animation/ControlRig/Content/Controls/ControlRig_Wedge_3mm.ubulk" 466
"../../../Engine/Plugins/Animation/ControlRig/Content/Controls/ControlRig_Wedge_3mm.uasset" 467
"../../../Engine/Plugins/Animation/ControlRig/Content/Controls/ControlRig_Wedge_3mm.uexp" 468
"../../../Engine/Plugins/Animation/ControlRig/Content/Controls/ControlRig_Wedge_1mm.ubulk" 469
"../../../Engine/Plugins/Animation/ControlRig/Content/Controls/ControlRig_Wedge_1mm.uasset" 470
"../../../Engine/Plugins/Animation/ControlRig/Content/Controls/ControlRig_Wedge_1mm.uexp" 471
"../../../Engine/Plugins/Animation/ControlRig/Content/Controls/ControlRig_Triangle_solid.ubulk" 472
"../../../Engine/Plugins/Animation/ControlRig/Content/Controls/ControlRig_Triangle_solid.uasset" 473
"../../../Engine/Plugins/Animation/ControlRig/Content/Controls/ControlRig_Triangle_solid.uexp" 474
"../../../Engine/Plugins/Animation/ControlRig/Content/Controls/ControlRig_Triangle_3mm.ubulk" 475
"../../../Engine/Plugins/Animation/ControlRig/Content/Controls/ControlRig_Triangle_3mm.uasset" 476
"../../../Engine/Plugins/Animation/ControlRig/Content/Controls/ControlRig_Triangle_3mm.uexp" 477
"../../../Engine/Plugins/Animation/ControlRig/Content/Controls/ControlRig_Triangle_1mm.ubulk" 478
"../../../Engine/Plugins/Animation/ControlRig/Content/Controls/ControlRig_Triangle_1mm.uasset" 479
"../../../Engine/Plugins/Animation/ControlRig/Content/Controls/ControlRig_Triangle_1mm.uexp" 480
"../../../Engine/Plugins/Animation/ControlRig/Content/Controls/ControlRig_Star4_solid.ubulk" 481
"../../../Engine/Plugins/Animation/ControlRig/Content/Controls/ControlRig_Star4_solid.uasset" 482
"../../../Engine/Plugins/Animation/ControlRig/Content/Controls/ControlRig_Star4_solid.uexp" 483
"../../../Engine/Plugins/Animation/ControlRig/Content/Controls/ControlRig_Star4_3mm.ubulk" 484
"../../../Engine/Plugins/Animation/ControlRig/Content/Controls/ControlRig_Star4_3mm.uasset" 485
"../../../Engine/Plugins/Animation/ControlRig/Content/Controls/ControlRig_Star4_3mm.uexp" 486
"../../../Engine/Plugins/Animation/ControlRig/Content/Controls/ControlRig_Star4_1mm.ubulk" 487
"../../../Engine/Plugins/Animation/ControlRig/Content/Controls/ControlRig_Star4_1mm.uasset" 488
"../../../Engine/Plugins/Animation/ControlRig/Content/Controls/ControlRig_Star4_1mm.uexp" 489
"../../../Engine/Plugins/Animation/ControlRig/Content/Controls/ControlRig_Square_solid.ubulk" 490
"../../../Engine/Plugins/Animation/ControlRig/Content/Controls/ControlRig_Square_solid.uasset" 491
"../../../Engine/Plugins/Animation/ControlRig/Content/Controls/ControlRig_Square_solid.uexp" 492
"../../../Engine/Plugins/Animation/ControlRig/Content/Controls/ControlRig_Square_3mm.ubulk" 493
"../../../Engine/Plugins/Animation/ControlRig/Content/Controls/ControlRig_Square_3mm.uasset" 494
"../../../Engine/Plugins/Animation/ControlRig/Content/Controls/ControlRig_Square_3mm.uexp" 495
"../../../Engine/Plugins/Animation/ControlRig/Content/Controls/ControlRig_Square_1mm.ubulk" 496
"../../../Engine/Plugins/Animation/ControlRig/Content/Controls/ControlRig_Square_1mm.uasset" 497
"../../../Engine/Plugins/Animation/ControlRig/Content/Controls/ControlRig_Square_1mm.uexp" 498
"../../../Engine/Plugins/Animation/ControlRig/Content/Controls/ControlRig_Sphere_solid.ubulk" 499
"../../../Engine/Plugins/Animation/ControlRig/Content/Controls/ControlRig_Sphere_solid.uasset" 500
"../../../Engine/Plugins/Animation/ControlRig/Content/Controls/ControlRig_Sphere_solid.uexp" 501
"../../../Engine/Plugins/Animation/ControlRig/Content/Controls/ControlRig_Sphere_3mm.ubulk" 502
"../../../Engine/Plugins/Animation/ControlRig/Content/Controls/ControlRig_Sphere_3mm.uasset" 503
"../../../Engine/Plugins/Animation/ControlRig/Content/Controls/ControlRig_Sphere_3mm.uexp" 504
"../../../Engine/Plugins/Animation/ControlRig/Content/Controls/ControlRig_Sphere_1mm.ubulk" 505
"../../../Engine/Plugins/Animation/ControlRig/Content/Controls/ControlRig_Sphere_1mm.uasset" 506
"../../../Engine/Plugins/Animation/ControlRig/Content/Controls/ControlRig_Sphere_1mm.uexp" 507
"../../../Engine/Plugins/Animation/ControlRig/Content/Controls/ControlRig_RoundedTriangle_solid.ubulk" 508
"../../../Engine/Plugins/Animation/ControlRig/Content/Controls/ControlRig_RoundedTriangle_solid.uasset" 509
"../../../Engine/Plugins/Animation/ControlRig/Content/Controls/ControlRig_RoundedTriangle_solid.uexp" 510
"../../../Engine/Plugins/Animation/ControlRig/Content/Controls/ControlRig_RoundedTriangle_3mm.ubulk" 511
"../../../Engine/Plugins/Animation/ControlRig/Content/Controls/ControlRig_RoundedTriangle_3mm.uasset" 512
"../../../Engine/Plugins/Animation/ControlRig/Content/Controls/ControlRig_RoundedTriangle_3mm.uexp" 513
"../../../Engine/Plugins/Animation/ControlRig/Content/Controls/ControlRig_RoundedTriangle_1mm.ubulk" 514
"../../../Engine/Plugins/Animation/ControlRig/Content/Controls/ControlRig_RoundedTriangle_1mm.uasset" 515
"../../../Engine/Plugins/Animation/ControlRig/Content/Controls/ControlRig_RoundedTriangle_1mm.uexp" 516
"../../../Engine/Plugins/Animation/ControlRig/Content/Controls/ControlRig_RoundedSquare_solid.ubulk" 517
"../../../Engine/Plugins/Animation/ControlRig/Content/Controls/ControlRig_RoundedSquare_solid.uasset" 518
"../../../Engine/Plugins/Animation/ControlRig/Content/Controls/ControlRig_RoundedSquare_solid.uexp" 519
"../../../Engine/Plugins/Animation/ControlRig/Content/Controls/ControlRig_RoundedSquare_3mm.ubulk" 520
"../../../Engine/Plugins/Animation/ControlRig/Content/Controls/ControlRig_RoundedSquare_3mm.uasset" 521
"../../../Engine/Plugins/Animation/ControlRig/Content/Controls/ControlRig_RoundedSquare_3mm.uexp" 522
"../../../Engine/Plugins/Animation/ControlRig/Content/Controls/ControlRig_RoundedSquare_1mm.ubulk" 523
"../../../Engine/Plugins/Animation/ControlRig/Content/Controls/ControlRig_RoundedSquare_1mm.uasset" 524
"../../../Engine/Plugins/Animation/ControlRig/Content/Controls/ControlRig_RoundedSquare_1mm.uexp" 525
"../../../Engine/Plugins/Animation/ControlRig/Content/Controls/ControlRig_QuarterCircle_solid.ubulk" 526
"../../../Engine/Plugins/Animation/ControlRig/Content/Controls/ControlRig_QuarterCircle_solid.uasset" 527
"../../../Engine/Plugins/Animation/ControlRig/Content/Controls/ControlRig_QuarterCircle_solid.uexp" 528
"../../../Engine/Plugins/Animation/ControlRig/Content/Controls/ControlRig_QuarterCircle_3mm.ubulk" 529
"../../../Engine/Plugins/Animation/ControlRig/Content/Controls/ControlRig_QuarterCircle_3mm.uasset" 530
"../../../Engine/Plugins/Animation/ControlRig/Content/Controls/ControlRig_QuarterCircle_3mm.uexp" 531
"../../../Engine/Plugins/Animation/ControlRig/Content/Controls/ControlRig_QuarterCircle_1mm.ubulk" 532
"../../../Engine/Plugins/Animation/ControlRig/Content/Controls/ControlRig_QuarterCircle_1mm.uasset" 533
"../../../Engine/Plugins/Animation/ControlRig/Content/Controls/ControlRig_QuarterCircle_1mm.uexp" 534
"../../../Engine/Plugins/Animation/ControlRig/Content/Controls/ControlRig_Pyramid_solid.ubulk" 535
"../../../Engine/Plugins/Animation/ControlRig/Content/Controls/ControlRig_Pyramid_solid.uasset" 536
"../../../Engine/Plugins/Animation/ControlRig/Content/Controls/ControlRig_Pyramid_solid.uexp" 537
"../../../Engine/Plugins/Animation/ControlRig/Content/Controls/ControlRig_Pyramid_3mm.ubulk" 538
"../../../Engine/Plugins/Animation/ControlRig/Content/Controls/ControlRig_Pyramid_3mm.uasset" 539
"../../../Engine/Plugins/Animation/ControlRig/Content/Controls/ControlRig_Pyramid_3mm.uexp" 540
"../../../Engine/Plugins/Animation/ControlRig/Content/Controls/ControlRig_Pyramid_1mm.ubulk" 541
"../../../Engine/Plugins/Animation/ControlRig/Content/Controls/ControlRig_Pyramid_1mm.uasset" 542
"../../../Engine/Plugins/Animation/ControlRig/Content/Controls/ControlRig_Pyramid_1mm.uexp" 543
"../../../Engine/Plugins/Animation/ControlRig/Content/Controls/ControlRig_Octagon_solid.ubulk" 544
"../../../Engine/Plugins/Animation/ControlRig/Content/Controls/ControlRig_Octagon_solid.uasset" 545
"../../../Engine/Plugins/Animation/ControlRig/Content/Controls/ControlRig_Octagon_solid.uexp" 546
"../../../Engine/Plugins/Animation/ControlRig/Content/Controls/ControlRig_Octagon_3mm.ubulk" 547
"../../../Engine/Plugins/Animation/ControlRig/Content/Controls/ControlRig_Octagon_3mm.uasset" 548
"../../../Engine/Plugins/Animation/ControlRig/Content/Controls/ControlRig_Octagon_3mm.uexp" 549
"../../../Engine/Plugins/Animation/ControlRig/Content/Controls/ControlRig_Octagon_1mm.ubulk" 550
"../../../Engine/Plugins/Animation/ControlRig/Content/Controls/ControlRig_Octagon_1mm.uasset" 551
"../../../Engine/Plugins/Animation/ControlRig/Content/Controls/ControlRig_Octagon_1mm.uexp" 552
"../../../Engine/Plugins/Animation/ControlRig/Content/Controls/ControlRig_Hexagon_solid.ubulk" 553
"../../../Engine/Plugins/Animation/ControlRig/Content/Controls/ControlRig_Hexagon_solid.uasset" 554
"../../../Engine/Plugins/Animation/ControlRig/Content/Controls/ControlRig_Hexagon_solid.uexp" 555
"../../../Engine/Plugins/Animation/ControlRig/Content/Controls/ControlRig_Hexagon_3mm.ubulk" 556
"../../../Engine/Plugins/Animation/ControlRig/Content/Controls/ControlRig_Hexagon_3mm.uasset" 557
"../../../Engine/Plugins/Animation/ControlRig/Content/Controls/ControlRig_Hexagon_3mm.uexp" 558
"../../../Engine/Plugins/Animation/ControlRig/Content/Controls/ControlRig_Hexagon_1mm.ubulk" 559
"../../../Engine/Plugins/Animation/ControlRig/Content/Controls/ControlRig_Hexagon_1mm.uasset" 560
"../../../Engine/Plugins/Animation/ControlRig/Content/Controls/ControlRig_Hexagon_1mm.uexp" 561
"../../../Engine/Plugins/Animation/ControlRig/Content/Controls/ControlRig_HalfCircle_solid.ubulk" 562
"../../../Engine/Plugins/Animation/ControlRig/Content/Controls/ControlRig_HalfCircle_solid.uasset" 563
"../../../Engine/Plugins/Animation/ControlRig/Content/Controls/ControlRig_HalfCircle_solid.uexp" 564
"../../../Engine/Plugins/Animation/ControlRig/Content/Controls/ControlRig_HalfCircle_3mm.ubulk" 565
"../../../Engine/Plugins/Animation/ControlRig/Content/Controls/ControlRig_HalfCircle_3mm.uasset" 566
"../../../Engine/Plugins/Animation/ControlRig/Content/Controls/ControlRig_HalfCircle_3mm.uexp" 567
"../../../Engine/Plugins/Animation/ControlRig/Content/Controls/ControlRig_HalfCircle_1mm.ubulk" 568
"../../../Engine/Plugins/Animation/ControlRig/Content/Controls/ControlRig_HalfCircle_1mm.uasset" 569
"../../../Engine/Plugins/Animation/ControlRig/Content/Controls/ControlRig_HalfCircle_1mm.uexp" 570
"../../../Engine/Plugins/Animation/ControlRig/Content/Controls/ControlRig_Diamond_solid.ubulk" 571
"../../../Engine/Plugins/Animation/ControlRig/Content/Controls/ControlRig_Diamond_solid.uasset" 572
"../../../Engine/Plugins/Animation/ControlRig/Content/Controls/ControlRig_Diamond_solid.uexp" 573
"../../../Engine/Plugins/Animation/ControlRig/Content/Controls/ControlRig_Diamond_3mm.ubulk" 574
"../../../Engine/Plugins/Animation/ControlRig/Content/Controls/ControlRig_Diamond_3mm.uasset" 575
"../../../Engine/Plugins/Animation/ControlRig/Content/Controls/ControlRig_Diamond_3mm.uexp" 576
"../../../Engine/Plugins/Animation/ControlRig/Content/Controls/ControlRig_Diamond_1mm.ubulk" 577
"../../../Engine/Plugins/Animation/ControlRig/Content/Controls/ControlRig_Diamond_1mm.uasset" 578
"../../../Engine/Plugins/Animation/ControlRig/Content/Controls/ControlRig_Diamond_1mm.uexp" 579
"../../../Engine/Plugins/Animation/ControlRig/Content/Controls/ControlRig_Circle_solid.ubulk" 580
"../../../Engine/Plugins/Animation/ControlRig/Content/Controls/ControlRig_Circle_solid.uasset" 581
"../../../Engine/Plugins/Animation/ControlRig/Content/Controls/ControlRig_Circle_solid.uexp" 582
"../../../Engine/Plugins/Animation/ControlRig/Content/Controls/ControlRig_Circle_3mm.ubulk" 583
"../../../Engine/Plugins/Animation/ControlRig/Content/Controls/ControlRig_Circle_3mm.uasset" 584
"../../../Engine/Plugins/Animation/ControlRig/Content/Controls/ControlRig_Circle_3mm.uexp" 585
"../../../Engine/Plugins/Animation/ControlRig/Content/Controls/ControlRig_Circle_1mm.ubulk" 586
"../../../Engine/Plugins/Animation/ControlRig/Content/Controls/ControlRig_Circle_1mm.uasset" 587
"../../../Engine/Plugins/Animation/ControlRig/Content/Controls/ControlRig_Circle_1mm.uexp" 588
"../../../Engine/Plugins/Animation/ControlRig/Content/Controls/ControlRig_Box_solid.ubulk" 589
"../../../Engine/Plugins/Animation/ControlRig/Content/Controls/ControlRig_Box_solid.uasset" 590
"../../../Engine/Plugins/Animation/ControlRig/Content/Controls/ControlRig_Box_solid.uexp" 591
"../../../Engine/Plugins/Animation/ControlRig/Content/Controls/ControlRig_Box_3mm.ubulk" 592
"../../../Engine/Plugins/Animation/ControlRig/Content/Controls/ControlRig_Box_3mm.uasset" 593
"../../../Engine/Plugins/Animation/ControlRig/Content/Controls/ControlRig_Box_3mm.uexp" 594
"../../../Engine/Plugins/Animation/ControlRig/Content/Controls/ControlRig_Box_1mm.ubulk" 595
"../../../Engine/Plugins/Animation/ControlRig/Content/Controls/ControlRig_Box_1mm.uasset" 596
"../../../Engine/Plugins/Animation/ControlRig/Content/Controls/ControlRig_Box_1mm.uexp" 597
"../../../Engine/Plugins/Animation/ControlRig/Content/Controls/ControlRig_Arrow_solid.ubulk" 598
"../../../Engine/Plugins/Animation/ControlRig/Content/Controls/ControlRig_Arrow_solid.uasset" 599
"../../../Engine/Plugins/Animation/ControlRig/Content/Controls/ControlRig_Arrow_solid.uexp" 600
"../../../Engine/Plugins/Animation/ControlRig/Content/Controls/ControlRig_Arrow_3mm.ubulk" 601
"../../../Engine/Plugins/Animation/ControlRig/Content/Controls/ControlRig_Arrow_3mm.uasset" 602
"../../../Engine/Plugins/Animation/ControlRig/Content/Controls/ControlRig_Arrow_3mm.uexp" 603
"../../../Engine/Plugins/Animation/ControlRig/Content/Controls/ControlRig_Arrow_1mm.ubulk" 604
"../../../Engine/Plugins/Animation/ControlRig/Content/Controls/ControlRig_Arrow_1mm.uasset" 605
"../../../Engine/Plugins/Animation/ControlRig/Content/Controls/ControlRig_Arrow_1mm.uexp" 606
"../../../Engine/Plugins/Animation/ControlRig/Content/Controls/ControlRig_Arrow4_solid.ubulk" 607
"../../../Engine/Plugins/Animation/ControlRig/Content/Controls/ControlRig_Arrow4_solid.uasset" 608
"../../../Engine/Plugins/Animation/ControlRig/Content/Controls/ControlRig_Arrow4_solid.uexp" 609
"../../../Engine/Plugins/Animation/ControlRig/Content/Controls/ControlRig_Arrow4_3mm.ubulk" 610
"../../../Engine/Plugins/Animation/ControlRig/Content/Controls/ControlRig_Arrow4_3mm.uasset" 611
"../../../Engine/Plugins/Animation/ControlRig/Content/Controls/ControlRig_Arrow4_3mm.uexp" 612
"../../../Engine/Plugins/Animation/ControlRig/Content/Controls/ControlRig_Arrow4_1mm.ubulk" 613
"../../../Engine/Plugins/Animation/ControlRig/Content/Controls/ControlRig_Arrow4_1mm.uasset" 614
"../../../Engine/Plugins/Animation/ControlRig/Content/Controls/ControlRig_Arrow4_1mm.uexp" 615
"../../../Engine/Plugins/Animation/ControlRig/Content/Controls/ControlRig_Arrow2_solid.ubulk" 616
"../../../Engine/Plugins/Animation/ControlRig/Content/Controls/ControlRig_Arrow2_solid.uasset" 617
"../../../Engine/Plugins/Animation/ControlRig/Content/Controls/ControlRig_Arrow2_solid.uexp" 618
"../../../Engine/Plugins/Animation/ControlRig/Content/Controls/ControlRig_Arrow2_3mm.ubulk" 619
"../../../Engine/Plugins/Animation/ControlRig/Content/Controls/ControlRig_Arrow2_3mm.uasset" 620
"../../../Engine/Plugins/Animation/ControlRig/Content/Controls/ControlRig_Arrow2_3mm.uexp" 621
"../../../Engine/Plugins/Animation/ControlRig/Content/Controls/ControlRig_Arrow2_1mm.ubulk" 622
"../../../Engine/Plugins/Animation/ControlRig/Content/Controls/ControlRig_Arrow2_1mm.uasset" 623
"../../../Engine/Plugins/Animation/ControlRig/Content/Controls/ControlRig_Arrow2_1mm.uexp" 624
"../../../Engine/Plugins/Animation/ControlRig/Content/Controls/ControlRigGizmoMaterial.uasset" 625
"../../../Engine/Plugins/Animation/ControlRig/Content/Controls/ControlRigGizmoMaterial.uexp" 626
"../../../Engine/Plugins/Editor/SpeedTreeImporter/Content/SpeedTree9/game_wind_noise.ubulk" 627
"../../../Engine/Plugins/Editor/SpeedTreeImporter/Content/SpeedTree9/game_wind_noise.uasset" 628
"../../../Engine/Plugins/Editor/SpeedTreeImporter/Content/SpeedTree9/game_wind_noise.uexp" 629
"../../../Engine/Plugins/Editor/SpeedTreeImporter/Content/SpeedTree9/UnpackDirection.uasset" 630
"../../../Engine/Plugins/Editor/SpeedTreeImporter/Content/SpeedTree9/UnpackDirection.uexp" 631
"../../../Engine/Content/Functions/Engine_MaterialFunctions02/ObjectLocalBounds.uasset" 632
"../../../Engine/Content/Functions/Engine_MaterialFunctions02/ObjectLocalBounds.uexp" 633
"../../../Engine/Content/Functions/Engine_MaterialFunctions02/UVs/BoundingBoxBased_0-1_UVW.uasset" 634
"../../../Engine/Content/Functions/Engine_MaterialFunctions02/UVs/BoundingBoxBased_0-1_UVW.uexp" 635
"../../../Engine/Content/Functions/Engine_MaterialFunctions02/Utility/VectorLength.uasset" 636
"../../../Engine/Content/Functions/Engine_MaterialFunctions02/Utility/VectorLength.uexp" 637
"../../../Engine/Plugins/Editor/SpeedTreeImporter/Content/SpeedTree9/UnpackInteger3.uasset" 638
"../../../Engine/Plugins/Editor/SpeedTreeImporter/Content/SpeedTree9/UnpackInteger3.uexp" 639
"../../../Engine/Plugins/Editor/SpeedTreeImporter/Content/SpeedTree9/SpeedTreeCameraFacing.uasset" 640
"../../../Engine/Plugins/Editor/SpeedTreeImporter/Content/SpeedTree9/SpeedTreeCameraFacing.uexp" 641
"../../../Engine/Content/Functions/Engine_MaterialFunctions02/WorldPositionOffset/ObjectScale.uasset" 642
"../../../Engine/Content/Functions/Engine_MaterialFunctions02/WorldPositionOffset/ObjectScale.uexp" 643
"../../../Engine/Content/Functions/Engine_MaterialFunctions02/SafeNormalize.uasset" 644
"../../../Engine/Content/Functions/Engine_MaterialFunctions02/SafeNormalize.uexp" 645
"../../../Engine/Plugins/Editor/SpeedTreeImporter/Content/SpeedTree9/SpeedTreeWindMotion.uasset" 646
"../../../Engine/Plugins/Editor/SpeedTreeImporter/Content/SpeedTree9/SpeedTreeWindMotion.uexp" 647
"../../../Engine/Plugins/Editor/SpeedTreeImporter/Content/SpeedTree9/SpeedTreeBranchMotion.uasset" 648
"../../../Engine/Plugins/Editor/SpeedTreeImporter/Content/SpeedTree9/SpeedTreeBranchMotion.uexp" 649
"../../../Engine/Plugins/Editor/SpeedTreeImporter/Content/SpeedTree9/SpeedTreeWind.uasset" 650
"../../../Engine/Plugins/Editor/SpeedTreeImporter/Content/SpeedTree9/SpeedTreeWind.uexp" 651
"../../../Engine/Plugins/Editor/SpeedTreeImporter/Content/SpeedTree9/EmptyNormal.uasset" 652
"../../../Engine/Plugins/Editor/SpeedTreeImporter/Content/SpeedTree9/EmptyNormal.uexp" 653
"../../../Engine/Plugins/Editor/SpeedTreeImporter/Content/SpeedTree9/Empty.uasset" 654
"../../../Engine/Plugins/Editor/SpeedTreeImporter/Content/SpeedTree9/Empty.uexp" 655
"../../../Engine/Plugins/Editor/SpeedTreeImporter/Content/SpeedTree9/SpeedTreeMaster.uasset" 656
"../../../Engine/Plugins/Editor/SpeedTreeImporter/Content/SpeedTree9/SpeedTreeMaster.uexp" 657
"../../../Engine/Plugins/Editor/SpeedTreeImporter/Content/SpeedTree9/SpeedTreeBillboard.uasset" 658
"../../../Engine/Plugins/Editor/SpeedTreeImporter/Content/SpeedTree9/SpeedTreeBillboard.uexp" 659
"../../../Engine/Plugins/Editor/SpeedTreeImporter/Content/SpeedTree9/SpeedTreeBillboardMaster.uasset" 660
"../../../Engine/Plugins/Editor/SpeedTreeImporter/Content/SpeedTree9/SpeedTreeBillboardMaster.uexp" 661
"../../../Engine/Plugins/Runtime/HairStrands/Content/Materials/HairMeshesDefaultMaterial.uasset" 662
"../../../Engine/Plugins/Runtime/HairStrands/Content/Materials/HairMeshesDefaultMaterial.uexp" 663
"../../../Engine/Plugins/Runtime/HairStrands/Content/Materials/HairDefaultMaterial.uasset" 664
"../../../Engine/Plugins/Runtime/HairStrands/Content/Materials/HairDefaultMaterial.uexp" 665
"../../../Engine/Plugins/Runtime/HairStrands/Content/Materials/HairGroupColors.uasset" 666
"../../../Engine/Plugins/Runtime/HairStrands/Content/Materials/HairGroupColors.uexp" 667
"../../../Engine/Content/EngineMaterials/HairColorMap.uasset" 668
"../../../Engine/Content/EngineMaterials/HairColorMap.uexp" 669
"../../../Engine/Content/EngineMaterials/HairDebugColor.uasset" 670
"../../../Engine/Content/EngineMaterials/HairDebugColor.uexp" 671
"../../../Engine/Plugins/Runtime/HairStrands/Content/Materials/HairDebugMaterial.uasset" 672
"../../../Engine/Plugins/Runtime/HairStrands/Content/Materials/HairDebugMaterial.uexp" 673
"../../../Engine/Plugins/Runtime/HairStrands/Content/Materials/HairCardsDefaultMaterial.uasset" 674
"../../../Engine/Plugins/Runtime/HairStrands/Content/Materials/HairCardsDefaultMaterial.uexp" 675
"D:/MyGitHub/Just_A_Racing_Game/Content/UI/images/car-engine.ubulk" 676
"D:/MyGitHub/Just_A_Racing_Game/Content/UI/images/car-engine.uasset" 677
"D:/MyGitHub/Just_A_Racing_Game/Content/UI/images/car-engine.uexp" 678
"D:/MyGitHub/Just_A_Racing_Game/Content/UI/CarPreviewTarget_Alpha.uasset" 679
"D:/MyGitHub/Just_A_Racing_Game/Content/UI/CarPreviewTarget_Alpha.uexp" 680
"D:/MyGitHub/Just_A_Racing_Game/Content/UI/CarPreviewTarget.uasset" 681
"D:/MyGitHub/Just_A_Racing_Game/Content/UI/CarPreviewTarget.uexp" 682
"D:/MyGitHub/Just_A_Racing_Game/Content/UI/CarPreview.uasset" 683
"D:/MyGitHub/Just_A_Racing_Game/Content/UI/CarPreview.uexp" 684
"D:/MyGitHub/Just_A_Racing_Game/Content/UI/images/coin.ubulk" 685
"D:/MyGitHub/Just_A_Racing_Game/Content/UI/images/coin.uasset" 686
"D:/MyGitHub/Just_A_Racing_Game/Content/UI/images/coin.uexp" 687
"D:/MyGitHub/Just_A_Racing_Game/Content/UI/images/oxygen-tank.ubulk" 688
"D:/MyGitHub/Just_A_Racing_Game/Content/UI/images/oxygen-tank.uasset" 689
"D:/MyGitHub/Just_A_Racing_Game/Content/UI/images/oxygen-tank.uexp" 690
"D:/MyGitHub/Just_A_Racing_Game/Content/UI/images/level2.uasset" 691
"D:/MyGitHub/Just_A_Racing_Game/Content/UI/images/level2.uexp" 692
"D:/MyGitHub/Just_A_Racing_Game/Content/Sound/NewSoundMix.uasset" 693
"D:/MyGitHub/Just_A_Racing_Game/Content/Sound/NewSoundMix.uexp" 694
"D:/MyGitHub/Just_A_Racing_Game/Content/UI/images/sandglass.ubulk" 695
"D:/MyGitHub/Just_A_Racing_Game/Content/UI/images/sandglass.uasset" 696
"D:/MyGitHub/Just_A_Racing_Game/Content/UI/images/sandglass.uexp" 697
"D:/MyGitHub/Just_A_Racing_Game/Content/UI/CarPreviewTarget_Mat.uasset" 698
"D:/MyGitHub/Just_A_Racing_Game/Content/UI/CarPreviewTarget_Mat.uexp" 699
"D:/MyGitHub/Just_A_Racing_Game/Content/UI/images/level1.uasset" 700
"D:/MyGitHub/Just_A_Racing_Game/Content/UI/images/level1.uexp" 701
"D:/MyGitHub/Just_A_Racing_Game/Content/UI/mainmenu.uasset" 702
"D:/MyGitHub/Just_A_Racing_Game/Content/UI/mainmenu.uexp" 703
"D:/MyGitHub/Just_A_Racing_Game/Content/Worlds/MenuLevel.uexp" 704
"D:/MyGitHub/Just_A_Racing_Game/Content/Worlds/MenuLevel.umap" 705
"D:/MyGitHub/Just_A_Racing_Game/Content/Ximik/Overlay/OverlayTarget.uasset" 706
"D:/MyGitHub/Just_A_Racing_Game/Content/Ximik/Overlay/OverlayTarget.uexp" 707
"D:/MyGitHub/Just_A_Racing_Game/Content/Ximik/Overlay/OverlayTarget2.uasset" 708
"D:/MyGitHub/Just_A_Racing_Game/Content/Ximik/Overlay/OverlayTarget2.uexp" 709
"D:/MyGitHub/Just_A_Racing_Game/Content/Ximik/Overlay/OverlayTarget_Mat.uasset" 710
"D:/MyGitHub/Just_A_Racing_Game/Content/Ximik/Overlay/OverlayTarget_Mat.uexp" 711
"D:/MyGitHub/Just_A_Racing_Game/Content/Ximik/HUDtest.uasset" 712
"D:/MyGitHub/Just_A_Racing_Game/Content/Ximik/HUDtest.uexp" 713
"../../../Engine/Content/Functions/Engine_MaterialFunctions02/SplitComponents.uasset" 714
"../../../Engine/Content/Functions/Engine_MaterialFunctions02/SplitComponents.uexp" 715
"../../../Engine/Content/Functions/Engine_MaterialFunctions02/ScreenResolution.uasset" 716
"../../../Engine/Content/Functions/Engine_MaterialFunctions02/ScreenResolution.uexp" 717
"D:/MyGitHub/Just_A_Racing_Game/Content/Ximik/sp2.uasset" 718
"D:/MyGitHub/Just_A_Racing_Game/Content/Ximik/sp2.uexp" 719
"D:/MyGitHub/Just_A_Racing_Game/Content/Ximik/sp1.uasset" 720
"D:/MyGitHub/Just_A_Racing_Game/Content/Ximik/sp1.uexp" 721
"D:/MyGitHub/Just_A_Racing_Game/Content/Ximik/sp1_m.ubulk" 722
"D:/MyGitHub/Just_A_Racing_Game/Content/Ximik/sp1_m.uasset" 723
"D:/MyGitHub/Just_A_Racing_Game/Content/Ximik/sp1_m.uexp" 724
"D:/MyGitHub/Just_A_Racing_Game/Content/Ximik/sp2_m.ubulk" 725
"D:/MyGitHub/Just_A_Racing_Game/Content/Ximik/sp2_m.uasset" 726
"D:/MyGitHub/Just_A_Racing_Game/Content/Ximik/sp2_m.uexp" 727
"D:/MyGitHub/Just_A_Racing_Game/Content/Ximik/sp4.uasset" 728
"D:/MyGitHub/Just_A_Racing_Game/Content/Ximik/sp4.uexp" 729
"D:/MyGitHub/Just_A_Racing_Game/Content/Ximik/sp4_m.ubulk" 730
"D:/MyGitHub/Just_A_Racing_Game/Content/Ximik/sp4_m.uasset" 731
"D:/MyGitHub/Just_A_Racing_Game/Content/Ximik/sp4_m.uexp" 732
"D:/MyGitHub/Just_A_Racing_Game/Content/UI/PauseScreen.uasset" 733
"D:/MyGitHub/Just_A_Racing_Game/Content/UI/PauseScreen.uexp" 734
"D:/MyGitHub/Just_A_Racing_Game/Content/ARCADE_FREE_Racing_Car/TestImport/CarBP.uasset" 735
"D:/MyGitHub/Just_A_Racing_Game/Content/ARCADE_FREE_Racing_Car/TestImport/CarBP.uexp" 736
"D:/MyGitHub/Just_A_Racing_Game/Content/Ximik/sp3.uasset" 737
"D:/MyGitHub/Just_A_Racing_Game/Content/Ximik/sp3.uexp" 738
"D:/MyGitHub/Just_A_Racing_Game/Content/Ximik/sp3_m.ubulk" 739
"D:/MyGitHub/Just_A_Racing_Game/Content/Ximik/sp3_m.uasset" 740
"D:/MyGitHub/Just_A_Racing_Game/Content/Ximik/sp3_m.uexp" 741
"D:/MyGitHub/Just_A_Racing_Game/Content/Ximik/Overlay/OverlayActor.uasset" 742
"D:/MyGitHub/Just_A_Racing_Game/Content/Ximik/Overlay/OverlayActor.uexp" 743
"D:/MyGitHub/Just_A_Racing_Game/Content/ARCADE_FREE_Racing_Car/TestImport/StartGameMode.uasset" 744
"D:/MyGitHub/Just_A_Racing_Game/Content/ARCADE_FREE_Racing_Car/TestImport/StartGameMode.uexp" 745
"D:/MyGitHub/Just_A_Racing_Game/Content/temp_HLOD0_Instancing.uasset" 746
"D:/MyGitHub/Just_A_Racing_Game/Content/temp_HLOD0_Instancing.uexp" 747
"D:/MyGitHub/Just_A_Racing_Game/Content/Worlds/level1.uexp" 748
"D:/MyGitHub/Just_A_Racing_Game/Content/Worlds/level1.ubulk" 749
"D:/MyGitHub/Just_A_Racing_Game/Content/Worlds/level1.umap" 750
"../../../Engine/Content/Maps/Entry_BuiltData.uasset" 751
"../../../Engine/Content/Maps/Entry_BuiltData.uexp" 752
"../../../Engine/Content/Maps/Entry.uexp" 753
"../../../Engine/Content/Maps/Entry.umap" 754
"D:/MyGitHub/Just_A_Racing_Game/Content/Worlds/level1/_Generated_/level1_MainGrid_L3_X-1_Y-1_DL0.uexp" 755
"D:/MyGitHub/Just_A_Racing_Game/Content/Worlds/level1/_Generated_/level1_MainGrid_L3_X-1_Y-1_DL0.umap" 756
"D:/MyGitHub/Just_A_Racing_Game/Content/Worlds/level1/_Generated_/level1_MainGrid_L2_X0_Y-1_DL0.uexp" 757
"D:/MyGitHub/Just_A_Racing_Game/Content/Worlds/level1/_Generated_/level1_MainGrid_L2_X0_Y-1_DL0.umap" 758
"D:/MyGitHub/Just_A_Racing_Game/Content/Worlds/level1/_Generated_/level1_MainGrid_L2_X-1_Y0_DL0.uexp" 759
"D:/MyGitHub/Just_A_Racing_Game/Content/Worlds/level1/_Generated_/level1_MainGrid_L2_X-1_Y0_DL0.umap" 760
"D:/MyGitHub/Just_A_Racing_Game/Content/Worlds/level1/_Generated_/level1_MainGrid_L2_X-1_Y-1_DL0.uexp" 761
"D:/MyGitHub/Just_A_Racing_Game/Content/Worlds/level1/_Generated_/level1_MainGrid_L2_X-1_Y-1_DL0.umap" 762
"D:/MyGitHub/Just_A_Racing_Game/Content/Worlds/level1/_Generated_/level1_MainGrid_L1_X1_Y1_DL0.uexp" 763
"D:/MyGitHub/Just_A_Racing_Game/Content/Worlds/level1/_Generated_/level1_MainGrid_L1_X1_Y1_DL0.umap" 764
"D:/MyGitHub/Just_A_Racing_Game/Content/Worlds/level1/_Generated_/level1_MainGrid_L1_X0_Y1_DL0.uexp" 765
"D:/MyGitHub/Just_A_Racing_Game/Content/Worlds/level1/_Generated_/level1_MainGrid_L1_X0_Y1_DL0.umap" 766
"D:/MyGitHub/Just_A_Racing_Game/Content/Worlds/level1/_Generated_/level1_MainGrid_L0_X1_Y-2_DL0.uexp" 767
"D:/MyGitHub/Just_A_Racing_Game/Content/Worlds/level1/_Generated_/level1_MainGrid_L0_X1_Y-2_DL0.umap" 768
"D:/MyGitHub/Just_A_Racing_Game/Content/Worlds/level1/_Generated_/level1_MainGrid_L0_X1_Y-1_DL0.uexp" 769
"D:/MyGitHub/Just_A_Racing_Game/Content/Worlds/level1/_Generated_/level1_MainGrid_L0_X1_Y-1_DL0.umap" 770
"D:/MyGitHub/Just_A_Racing_Game/Content/Worlds/level1/_Generated_/level1_MainGrid_L0_X0_Y-1_DL0.uexp" 771
"D:/MyGitHub/Just_A_Racing_Game/Content/Worlds/level1/_Generated_/level1_MainGrid_L0_X0_Y-1_DL0.umap" 772
