"../../../Engine/Content/Functions/Engine_MaterialFunctions01/Shading/PowerToRoughness.uasset" 0
"../../../Engine/Content/Functions/Engine_MaterialFunctions01/Shading/PowerToRoughness.uexp" 1
"../../../Engine/Content/Functions/Engine_MaterialFunctions01/Shading/ConvertFromDiffSpec.uasset" 2
"../../../Engine/Content/Functions/Engine_MaterialFunctions01/Shading/ConvertFromDiffSpec.uexp" 3
"../../../Engine/Content/EngineSounds/Master.uasset" 4
"../../../Engine/Content/EngineSounds/Master.uexp" 5
"../../../Engine/Content/EngineSky/VolumetricClouds/CloudWeatherTexture.uasset" 6
"../../../Engine/Content/EngineSky/VolumetricClouds/CloudWeatherTexture.uexp" 7
"../../../Engine/Content/Functions/Engine_MaterialFunctions02/Utility/MakeFloat2.uasset" 8
"../../../Engine/Content/Functions/Engine_MaterialFunctions02/Utility/MakeFloat2.uexp" 9
"../../../Engine/Content/EngineSky/VolumetricClouds/CloudGradientTexture.uasset" 10
"../../../Engine/Content/EngineSky/VolumetricClouds/CloudGradientTexture.uexp" 11
"../../../Engine/Content/EngineSky/VolumetricClouds/T_NoiseShape64.ubulk" 12
"../../../Engine/Content/EngineSky/VolumetricClouds/T_NoiseShape64.uasset" 13
"../../../Engine/Content/EngineSky/VolumetricClouds/T_NoiseShape64.uexp" 14
"../../../Engine/Content/EngineSky/VolumetricClouds/T_VolumeNoiseShape64.uasset" 15
"../../../Engine/Content/EngineSky/VolumetricClouds/T_VolumeNoiseShape64.uexp" 16
"../../../Engine/Content/EngineSky/VolumetricClouds/T_NoiseErosion.ubulk" 17
"../../../Engine/Content/EngineSky/VolumetricClouds/T_NoiseErosion.uasset" 18
"../../../Engine/Content/EngineSky/VolumetricClouds/T_NoiseErosion.uexp" 19
"../../../Engine/Content/EngineSky/VolumetricClouds/T_VolumeNoiseErosion32.uasset" 20
"../../../Engine/Content/EngineSky/VolumetricClouds/T_VolumeNoiseErosion32.uexp" 21
"../../../Engine/Content/EngineSky/VolumetricClouds/m_SimpleVolumetricCloud.uasset" 22
"../../../Engine/Content/EngineSky/VolumetricClouds/m_SimpleVolumetricCloud.uexp" 23
"../../../Engine/Content/EngineSky/VolumetricClouds/m_SimpleVolumetricCloud_Inst.uasset" 24
"../../../Engine/Content/EngineSky/VolumetricClouds/m_SimpleVolumetricCloud_Inst.uexp" 25
"../../../Engine/Content/EngineResources/GradientTexture0.uasset" 26
"../../../Engine/Content/EngineResources/GradientTexture0.uexp" 27
"../../../Engine/Content/EngineResources/DefaultVolumeTexture2D.uasset" 28
"../../../Engine/Content/EngineResources/DefaultVolumeTexture2D.uexp" 29
"../../../Engine/Content/EngineResources/DefaultVolumeTexture.uasset" 30
"../../../Engine/Content/EngineResources/DefaultVolumeTexture.uexp" 31
"../../../Engine/Content/EngineResources/DefaultTextureCube.uasset" 32
"../../../Engine/Content/EngineResources/DefaultTextureCube.uexp" 33
"../../../Engine/Content/EngineResources/DefaultTexture.ubulk" 34
"../../../Engine/Content/EngineResources/DefaultTexture.uasset" 35
"../../../Engine/Content/EngineResources/DefaultTexture.uexp" 36
"../../../Engine/Content/EngineResources/Black.uasset" 37
"../../../Engine/Content/EngineResources/Black.uexp" 38
"../../../Engine/Content/EngineResources/FilmGrains/Marcie_Grain_v3_128_M2_000.uasset" 39
"../../../Engine/Content/EngineResources/FilmGrains/Marcie_Grain_v3_128_M2_000.uexp" 40
"../../../Engine/Content/EngineMeshes/Sphere.uasset" 41
"../../../Engine/Content/EngineMeshes/Sphere.uexp" 42
"../../../Engine/Content/EngineMaterials/T_Default_Material_Grid_M.ubulk" 43
"../../../Engine/Content/EngineMaterials/T_Default_Material_Grid_M.uasset" 44
"../../../Engine/Content/EngineMaterials/T_Default_Material_Grid_M.uexp" 45
"../../../Engine/Content/EngineMaterials/T_Default_Material_Grid_N.ubulk" 46
"../../../Engine/Content/EngineMaterials/T_Default_Material_Grid_N.uasset" 47
"../../../Engine/Content/EngineMaterials/T_Default_Material_Grid_N.uexp" 48
"../../../Engine/Content/Functions/Engine_MaterialFunctions01/Opacity/CameraDepthFade.uasset" 49
"../../../Engine/Content/Functions/Engine_MaterialFunctions01/Opacity/CameraDepthFade.uexp" 50
"../../../Engine/Content/EngineMaterials/DefaultMaterial.uasset" 51
"../../../Engine/Content/EngineMaterials/DefaultMaterial.uexp" 52
"../../../Engine/Content/EngineMeshes/Cylinder.uasset" 53
"../../../Engine/Content/EngineMeshes/Cylinder.uexp" 54
"../../../Engine/Content/EngineResources/WhiteSquareTexture.uasset" 55
"../../../Engine/Content/EngineResources/WhiteSquareTexture.uexp" 56
"../../../Engine/Content/EngineMaterials/Widget3DPassThrough.uasset" 57
"../../../Engine/Content/EngineMaterials/Widget3DPassThrough.uexp" 58
"../../../Engine/Content/EngineMaterials/Widget3DPassThrough_Translucent.uasset" 59
"../../../Engine/Content/EngineMaterials/Widget3DPassThrough_Translucent.uexp" 60
"../../../Engine/Content/EngineMaterials/Widget3DPassThrough_Translucent_OneSided.uasset" 61
"../../../Engine/Content/EngineMaterials/Widget3DPassThrough_Translucent_OneSided.uexp" 62
"../../../Engine/Content/EngineMaterials/Widget3DPassThrough_Opaque.uasset" 63
"../../../Engine/Content/EngineMaterials/Widget3DPassThrough_Opaque.uexp" 64
"../../../Engine/Content/EngineMaterials/Widget3DPassThrough_Opaque_OneSided.uasset" 65
"../../../Engine/Content/EngineMaterials/Widget3DPassThrough_Opaque_OneSided.uexp" 66
"../../../Engine/Content/EngineMaterials/Widget3DPassThrough_Masked_OneSided.uasset" 67
"../../../Engine/Content/EngineMaterials/Widget3DPassThrough_Masked_OneSided.uexp" 68
"../../../Engine/Content/EngineMaterials/Widget3DPassThrough_Masked.uasset" 69
"../../../Engine/Content/EngineMaterials/Widget3DPassThrough_Masked.uexp" 70
"../../../Engine/Content/EngineMaterials/WeightMapPlaceholderTexture.uasset" 71
"../../../Engine/Content/EngineMaterials/WeightMapPlaceholderTexture.uexp" 72
"../../../Engine/Content/EngineMaterials/RemoveSurfaceMaterial.uasset" 73
"../../../Engine/Content/EngineMaterials/RemoveSurfaceMaterial.uexp" 74
"../../../Engine/Content/EngineMaterials/PreintegratedSkinBRDF.uasset" 75
"../../../Engine/Content/EngineMaterials/PreintegratedSkinBRDF.uexp" 76
"../../../Engine/Content/EngineMaterials/DefaultCalibrationGrayscale.uasset" 77
"../../../Engine/Content/EngineMaterials/DefaultCalibrationGrayscale.uexp" 78
"../../../Engine/Content/EngineMaterials/PPM_DefaultCalibrationGrayscale.uasset" 79
"../../../Engine/Content/EngineMaterials/PPM_DefaultCalibrationGrayscale.uexp" 80
"../../../Engine/Content/EngineMaterials/DefaultCalibrationColor.uasset" 81
"../../../Engine/Content/EngineMaterials/DefaultCalibrationColor.uexp" 82
"../../../Engine/Content/EngineMaterials/PPM_DefaultCalibrationColor.uasset" 83
"../../../Engine/Content/EngineMaterials/PPM_DefaultCalibrationColor.uexp" 84
"../../../Engine/Content/Functions/Engine_MaterialFunctions02/WorldPositionOffset/CameraOffset.uasset" 85
"../../../Engine/Content/Functions/Engine_MaterialFunctions02/WorldPositionOffset/CameraOffset.uexp" 86
"../../../Engine/Content/EngineMaterials/PhAT_JointLimitMaterial.uasset" 87
"../../../Engine/Content/EngineMaterials/PhAT_JointLimitMaterial.uexp" 88
"../../../Engine/Content/EngineMaterials/InvalidLightmapSettings.ubulk" 89
"../../../Engine/Content/EngineMaterials/InvalidLightmapSettings.uasset" 90
"../../../Engine/Content/EngineMaterials/InvalidLightmapSettings.uexp" 91
"../../../Engine/Content/EngineMaterials/M_InvalidLightmapSettings.uasset" 92
"../../../Engine/Content/EngineMaterials/M_InvalidLightmapSettings.uexp" 93
"../../../Engine/Content/EngineMaterials/MiniFont.uasset" 94
"../../../Engine/Content/EngineMaterials/MiniFont.uexp" 95
"../../../Engine/Content/EngineMaterials/Good64x64TilingNoiseHighFreq.uasset" 96
"../../../Engine/Content/EngineMaterials/Good64x64TilingNoiseHighFreq.uexp" 97
"../../../Engine/Content/EngineMaterials/GizmoMaterial.uasset" 98
"../../../Engine/Content/EngineMaterials/GizmoMaterial.uexp" 99
"../../../Engine/Content/EngineMaterials/BaseFlattenEmissiveMap_VT.uasset" 100
"../../../Engine/Content/EngineMaterials/BaseFlattenEmissiveMap_VT.uexp" 101
"../../../Engine/Content/EngineMaterials/BaseFlattenGrayscaleMap_VT.uasset" 102
"../../../Engine/Content/EngineMaterials/BaseFlattenGrayscaleMap_VT.uexp" 103
"../../../Engine/Content/EngineMaterials/BaseFlattenLinearColor_VT.uasset" 104
"../../../Engine/Content/EngineMaterials/BaseFlattenLinearColor_VT.uexp" 105
"../../../Engine/Content/EngineMaterials/Black_1x1_EXR_Texture_VT.uasset" 106
"../../../Engine/Content/EngineMaterials/Black_1x1_EXR_Texture_VT.uexp" 107
"../../../Engine/Content/EngineMaterials/BaseFlattenDiffuseMap_VT.uasset" 108
"../../../Engine/Content/EngineMaterials/BaseFlattenDiffuseMap_VT.uexp" 109
"../../../Engine/Content/EngineMaterials/BaseFlattenNormalMap_VT.uasset" 110
"../../../Engine/Content/EngineMaterials/BaseFlattenNormalMap_VT.uexp" 111
"../../../Engine/Content/EngineMaterials/FlattenMaterial_WS_Normal_VT.uasset" 112
"../../../Engine/Content/EngineMaterials/FlattenMaterial_WS_Normal_VT.uexp" 113
"../../../Engine/Content/EngineMaterials/FlattenMaterial_VT.uasset" 114
"../../../Engine/Content/EngineMaterials/FlattenMaterial_VT.uexp" 115
"../../../Engine/Content/EngineMaterials/BaseFlattenNormalMap.uasset" 116
"../../../Engine/Content/EngineMaterials/BaseFlattenNormalMap.uexp" 117
"../../../Engine/Content/EngineMaterials/BaseFlattenGrayscaleMap.uasset" 118
"../../../Engine/Content/EngineMaterials/BaseFlattenGrayscaleMap.uexp" 119
"../../../Engine/Content/EngineMaterials/BaseFlattenDiffuseMap.uasset" 120
"../../../Engine/Content/EngineMaterials/BaseFlattenDiffuseMap.uexp" 121
"../../../Engine/Content/Functions/Engine_MaterialFunctions02/PivotPainter2/Black_1x1_EXR_Texture.uasset" 122
"../../../Engine/Content/Functions/Engine_MaterialFunctions02/PivotPainter2/Black_1x1_EXR_Texture.uexp" 123
"../../../Engine/Content/EngineMaterials/BaseFlattenEmissiveMap.uasset" 124
"../../../Engine/Content/EngineMaterials/BaseFlattenEmissiveMap.uexp" 125
"../../../Engine/Content/EngineMaterials/BaseFlattenLinearColor.uasset" 126
"../../../Engine/Content/EngineMaterials/BaseFlattenLinearColor.uexp" 127
"../../../Engine/Content/EngineMaterials/FlattenMaterial.uasset" 128
"../../../Engine/Content/EngineMaterials/FlattenMaterial.uexp" 129
"../../../Engine/Content/EngineMaterials/DefaultWhiteGrid_Low.uasset" 130
"../../../Engine/Content/EngineMaterials/DefaultWhiteGrid_Low.uexp" 131
"../../../Engine/Content/EngineMaterials/EmissiveMeshMaterial.uasset" 132
"../../../Engine/Content/EngineMaterials/EmissiveMeshMaterial.uexp" 133
"../../../Engine/Content/EngineMaterials/DefaultWhiteGrid.ubulk" 134
"../../../Engine/Content/EngineMaterials/DefaultWhiteGrid.uasset" 135
"../../../Engine/Content/EngineMaterials/DefaultWhiteGrid.uexp" 136
"../../../Engine/Content/EngineFonts/RobotoDistanceField.uasset" 137
"../../../Engine/Content/EngineFonts/RobotoDistanceField.uexp" 138
"../../../Engine/Content/EngineMaterials/DefaultTextMaterialOpaque.uasset" 139
"../../../Engine/Content/EngineMaterials/DefaultTextMaterialOpaque.uexp" 140
"../../../Engine/Content/EngineMaterials/DefaultDiffuse.ubulk" 141
"../../../Engine/Content/EngineMaterials/DefaultDiffuse.uasset" 142
"../../../Engine/Content/EngineMaterials/DefaultDiffuse.uexp" 143
"../../../Engine/Content/Functions/Engine_MaterialFunctions02/Utility/BreakOutFloat2Components.uasset" 144
"../../../Engine/Content/Functions/Engine_MaterialFunctions02/Utility/BreakOutFloat2Components.uexp" 145
"../../../Engine/Content/EngineMaterials/DefaultPostProcessMaterial.uasset" 146
"../../../Engine/Content/EngineMaterials/DefaultPostProcessMaterial.uexp" 147
"../../../Engine/Content/EngineMaterials/DefaultPhysicalMaterial.uasset" 148
"../../../Engine/Content/EngineMaterials/DefaultPhysicalMaterial.uexp" 149
"../../../Engine/Content/EngineMaterials/DefaultLightFunctionMaterial.uasset" 150
"../../../Engine/Content/EngineMaterials/DefaultLightFunctionMaterial.uexp" 151
"../../../Engine/Content/EngineMaterials/DefaultDestructiblePhysicalMaterial.uasset" 152
"../../../Engine/Content/EngineMaterials/DefaultDestructiblePhysicalMaterial.uexp" 153
"../../../Engine/Content/EngineMaterials/DefaultDeferredDecalMaterial.uasset" 154
"../../../Engine/Content/EngineMaterials/DefaultDeferredDecalMaterial.uexp" 155
"../../../Engine/Content/EngineMaterials/DefaultBokeh.uasset" 156
"../../../Engine/Content/EngineMaterials/DefaultBokeh.uexp" 157
"../../../Engine/Content/EngineMaterials/DefaultBloomKernel.uasset" 158
"../../../Engine/Content/EngineMaterials/DefaultBloomKernel.uexp" 159
"../../../Engine/Content/EngineMaterials/BlueNoise.uasset" 160
"../../../Engine/Content/EngineMaterials/BlueNoise.uexp" 161
"../../../Engine/Content/EngineFonts/Faces/RobotoLight.uexp" 162
"../../../Engine/Content/EngineFonts/Faces/RobotoLight.uasset" 163
"../../../Engine/Content/EngineFonts/Faces/RobotoLight.ufont" 164
"../../../Engine/Content/EngineFonts/Faces/RobotoBold.uexp" 165
"../../../Engine/Content/EngineFonts/Faces/RobotoBold.uasset" 166
"../../../Engine/Content/EngineFonts/Faces/RobotoBold.ufont" 167
"../../../Engine/Content/EngineFonts/Faces/RobotoRegular.uexp" 168
"../../../Engine/Content/EngineFonts/Faces/RobotoRegular.uasset" 169
"../../../Engine/Content/EngineFonts/Faces/RobotoRegular.ufont" 170
"../../../Engine/Content/EngineFonts/Faces/DroidSansFallback.uexp" 171
"../../../Engine/Content/EngineFonts/Faces/DroidSansFallback.uasset" 172
"../../../Engine/Content/EngineFonts/Faces/DroidSansFallback.ufont" 173
"../../../Engine/Content/EngineFonts/Faces/RobotoItalic.uexp" 174
"../../../Engine/Content/EngineFonts/Faces/RobotoItalic.uasset" 175
"../../../Engine/Content/EngineFonts/Faces/RobotoItalic.ufont" 176
"../../../Engine/Content/EngineFonts/Faces/RobotoBoldItalic.uexp" 177
"../../../Engine/Content/EngineFonts/Faces/RobotoBoldItalic.uasset" 178
"../../../Engine/Content/EngineFonts/Faces/RobotoBoldItalic.ufont" 179
"../../../Engine/Content/EngineFonts/Roboto.uasset" 180
"../../../Engine/Content/EngineFonts/Roboto.uexp" 181
"../../../Engine/Content/Functions/Engine_MaterialFunctions02/Utility/CameraDirectionVector.uasset" 182
"../../../Engine/Content/Functions/Engine_MaterialFunctions02/Utility/CameraDirectionVector.uexp" 183
"../../../Engine/Content/EngineDebugMaterials/VolumeToRender.uasset" 184
"../../../Engine/Content/EngineDebugMaterials/VolumeToRender.uexp" 185
"../../../Engine/Content/EngineDebugMaterials/M_VolumeRenderSphereTracePP.uasset" 186
"../../../Engine/Content/EngineDebugMaterials/M_VolumeRenderSphereTracePP.uexp" 187
"../../../Engine/Content/EngineDebugMaterials/M_SimpleUnlitTranslucent.uasset" 188
"../../../Engine/Content/EngineDebugMaterials/M_SimpleUnlitTranslucent.uexp" 189
"../../../Engine/Content/EngineDebugMaterials/DebugMeshMaterial.uasset" 190
"../../../Engine/Content/EngineDebugMaterials/DebugMeshMaterial.uexp" 191
"../../../Engine/Content/EngineDebugMaterials/DebugEditorMaterial.uasset" 192
"../../../Engine/Content/EngineDebugMaterials/DebugEditorMaterial.uexp" 193
"../../../Engine/Content/EngineDamageTypes/DmgTypeBP_Environmental.uasset" 194
"../../../Engine/Content/EngineDamageTypes/DmgTypeBP_Environmental.uexp" 195
"../../../Engine/Content/EditorResources/S_TriggerSphere.uasset" 196
"../../../Engine/Content/EditorResources/S_TriggerSphere.uexp" 197
"../../../Engine/Content/EditorResources/S_TriggerCapsule.uasset" 198
"../../../Engine/Content/EditorResources/S_TriggerCapsule.uexp" 199
"../../../Engine/Content/EditorResources/S_TriggerBox.uasset" 200
"../../../Engine/Content/EditorResources/S_TriggerBox.uexp" 201
"../../../Engine/Content/EditorResources/S_Trigger.ubulk" 202
"../../../Engine/Content/EditorResources/S_Trigger.uasset" 203
"../../../Engine/Content/EditorResources/S_Trigger.uexp" 204
"../../../Engine/Content/EditorResources/S_Terrain.ubulk" 205
"../../../Engine/Content/EditorResources/S_Terrain.uasset" 206
"../../../Engine/Content/EditorResources/S_Terrain.uexp" 207
"../../../Engine/Content/EditorResources/S_Solver.ubulk" 208
"../../../Engine/Content/EditorResources/S_Solver.uasset" 209
"../../../Engine/Content/EditorResources/S_Solver.uexp" 210
"../../../Engine/Content/EditorResources/S_BoxReflectionCapture.uasset" 211
"../../../Engine/Content/EditorResources/S_BoxReflectionCapture.uexp" 212
"../../../Engine/Content/EditorResources/S_Actor.ubulk" 213
"../../../Engine/Content/EditorResources/S_Actor.uasset" 214
"../../../Engine/Content/EditorResources/S_Actor.uexp" 215
"../../../Engine/Content/EditorResources/BSPVertex.uasset" 216
"../../../Engine/Content/EditorResources/BSPVertex.uexp" 217
"../../../Engine/Content/EditorResources/SequenceRecorder/RecordingIndicator.uasset" 218
"../../../Engine/Content/EditorResources/SequenceRecorder/RecordingIndicator.uexp" 219
"../../../Engine/Content/EditorResources/SequenceRecorder/Countdown.uasset" 220
"../../../Engine/Content/EditorResources/SequenceRecorder/Countdown.uexp" 221
"../../../Engine/Content/EditorMaterials/Camera/CineMat.uasset" 222
"../../../Engine/Content/EditorMaterials/Camera/CineMat.uexp" 223
"../../../Engine/Content/EditorMaterials/Camera/MI_CineMat_Rig.uasset" 224
"../../../Engine/Content/EditorMaterials/Camera/MI_CineMat_Rig.uexp" 225
"../../../Engine/Content/EditorMeshes/Camera/SM_RailRig_Track.uasset" 226
"../../../Engine/Content/EditorMeshes/Camera/SM_RailRig_Track.uexp" 227
"../../../Engine/Content/EditorMeshes/Camera/SM_RailRig_Mount.uasset" 228
"../../../Engine/Content/EditorMeshes/Camera/SM_RailRig_Mount.uexp" 229
"../../../Engine/Content/EditorMeshes/Camera/SM_CraneRig_Mount.uasset" 230
"../../../Engine/Content/EditorMeshes/Camera/SM_CraneRig_Mount.uexp" 231
"../../../Engine/Content/EditorMeshes/Camera/SM_CraneRig_Body.uasset" 232
"../../../Engine/Content/EditorMeshes/Camera/SM_CraneRig_Body.uexp" 233
"../../../Engine/Content/EditorMeshes/Camera/SM_CraneRig_Base.uasset" 234
"../../../Engine/Content/EditorMeshes/Camera/SM_CraneRig_Base.uexp" 235
"../../../Engine/Content/EditorMeshes/Camera/SM_CraneRig_Arm.uasset" 236
"../../../Engine/Content/EditorMeshes/Camera/SM_CraneRig_Arm.uexp" 237
"../../../Engine/Content/EditorMaterials/PreviewShadowIndicator.ubulk" 238
"../../../Engine/Content/EditorMaterials/PreviewShadowIndicator.uasset" 239
"../../../Engine/Content/EditorMaterials/PreviewShadowIndicator.uexp" 240
"../../../Engine/Content/EditorMaterials/PreviewShadowIndicatorMaterial.uasset" 241
"../../../Engine/Content/EditorMaterials/PreviewShadowIndicatorMaterial.uexp" 242
"../../../Engine/Content/EditorMaterials/MAT_Groups_Visibility.uasset" 243
"../../../Engine/Content/EditorMaterials/MAT_Groups_Visibility.uexp" 244
"../../../Engine/Content/EditorMaterials/MAT_Groups_Toggle.uasset" 245
"../../../Engine/Content/EditorMaterials/MAT_Groups_Toggle.uexp" 246
"../../../Engine/Content/Functions/Engine_MaterialFunctions02/Utility/MakeFloat4.uasset" 247
"../../../Engine/Content/Functions/Engine_MaterialFunctions02/Utility/MakeFloat4.uexp" 248
"../../../Engine/Content/Functions/Engine_MaterialFunctions02/Utility/MakeFloat3.uasset" 249
"../../../Engine/Content/Functions/Engine_MaterialFunctions02/Utility/MakeFloat3.uexp" 250
"../../../Engine/Content/Functions/Engine_MaterialFunctions02/Utility/BreakOutFloat3Components.uasset" 251
"../../../Engine/Content/Functions/Engine_MaterialFunctions02/Utility/BreakOutFloat3Components.uexp" 252
"../../../Engine/Content/EditorMaterials/WorldPartition/WorldPartitionSpatialHashGridPreviewMaterial.uasset" 253
"../../../Engine/Content/EditorMaterials/WorldPartition/WorldPartitionSpatialHashGridPreviewMaterial.uexp" 254
"../../../Engine/Content/EditorMaterials/ParticleSystems/PSysThumbnail_OOD.ubulk" 255
"../../../Engine/Content/EditorMaterials/ParticleSystems/PSysThumbnail_OOD.uasset" 256
"../../../Engine/Content/EditorMaterials/ParticleSystems/PSysThumbnail_OOD.uexp" 257
"../../../Engine/Content/EditorMaterials/ParticleSystems/PSysThumbnail_NoImage.ubulk" 258
"../../../Engine/Content/EditorMaterials/ParticleSystems/PSysThumbnail_NoImage.uasset" 259
"../../../Engine/Content/EditorMaterials/ParticleSystems/PSysThumbnail_NoImage.uexp" 260
"../../../Engine/Content/EditorMaterials/MatineeGroups/MAT_Groups_Vector.uasset" 261
"../../../Engine/Content/EditorMaterials/MatineeGroups/MAT_Groups_Vector.uexp" 262
"../../../Engine/Content/EditorMaterials/MatineeGroups/MAT_Groups_Sound.uasset" 263
"../../../Engine/Content/EditorMaterials/MatineeGroups/MAT_Groups_Sound.uexp" 264
"../../../Engine/Content/EditorMaterials/MatineeGroups/MAT_Groups_Slomo.uasset" 265
"../../../Engine/Content/EditorMaterials/MatineeGroups/MAT_Groups_Slomo.uexp" 266
"../../../Engine/Content/EditorMaterials/MatineeGroups/MAT_Groups_Move.uasset" 267
"../../../Engine/Content/EditorMaterials/MatineeGroups/MAT_Groups_Move.uexp" 268
"../../../Engine/Content/EditorMaterials/MatineeGroups/MAT_Groups_Float.uasset" 269
"../../../Engine/Content/EditorMaterials/MatineeGroups/MAT_Groups_Float.uexp" 270
"../../../Engine/Content/EditorMaterials/MatineeGroups/MAT_Groups_Fade.uasset" 271
"../../../Engine/Content/EditorMaterials/MatineeGroups/MAT_Groups_Fade.uexp" 272
"../../../Engine/Content/EditorMaterials/MatineeGroups/MAT_Groups_Event.uasset" 273
"../../../Engine/Content/EditorMaterials/MatineeGroups/MAT_Groups_Event.uexp" 274
"../../../Engine/Content/EditorMaterials/MatineeGroups/MAT_Groups_Director.uasset" 275
"../../../Engine/Content/EditorMaterials/MatineeGroups/MAT_Groups_Director.uexp" 276
"../../../Engine/Content/EditorMaterials/MatineeGroups/MAT_Groups_AudioMaster.uasset" 277
"../../../Engine/Content/EditorMaterials/MatineeGroups/MAT_Groups_AudioMaster.uexp" 278
"../../../Engine/Content/EditorMaterials/MatineeGroups/MAT_Groups_Anim.uasset" 279
"../../../Engine/Content/EditorMaterials/MatineeGroups/MAT_Groups_Anim.uexp" 280
"../../../Engine/Content/EditorMaterials/MatineeGroups/MAT_ColorTrack.uasset" 281
"../../../Engine/Content/EditorMaterials/MatineeGroups/MAT_ColorTrack.uexp" 282
"../../../Engine/Content/EditorLandscapeResources/DefaultAlphaTexture.uasset" 283
"../../../Engine/Content/EditorLandscapeResources/DefaultAlphaTexture.uexp" 284
"../../../Engine/Content/EditorLandscapeResources/DataLayer.uasset" 285
"../../../Engine/Content/EditorLandscapeResources/DataLayer.uexp" 286
"../../../Engine/Content/BasicShapes/Sphere.uasset" 287
"../../../Engine/Content/BasicShapes/Sphere.uexp" 288
"../../../Engine/Content/EngineMaterials/WorldGridMaterial.uasset" 289
"../../../Engine/Content/EngineMaterials/WorldGridMaterial.uexp" 290
"../../../Engine/Content/BasicShapes/Plane.uasset" 291
"../../../Engine/Content/BasicShapes/Plane.uexp" 292
"../../../Engine/Content/BasicShapes/Cylinder.uasset" 293
"../../../Engine/Content/BasicShapes/Cylinder.uexp" 294
"../../../Engine/Content/BasicShapes/Cube.uasset" 295
"../../../Engine/Content/BasicShapes/Cube.uexp" 296
"../../../Engine/Content/BasicShapes/Cone.uasset" 297
"../../../Engine/Content/BasicShapes/Cone.uexp" 298
"../../../Engine/Content/ArtTools/RenderToTexture/Meshes/S_1_Unit_Plane.uasset" 299
"../../../Engine/Content/ArtTools/RenderToTexture/Meshes/S_1_Unit_Plane.uexp" 300
"D:/MyGitHub/Just_A_Racing_Game/Content/Ximik/m2.uasset" 301
"D:/MyGitHub/Just_A_Racing_Game/Content/Ximik/m2.uexp" 302
"D:/MyGitHub/Just_A_Racing_Game/Content/Ximik/m1.uasset" 303
"D:/MyGitHub/Just_A_Racing_Game/Content/Ximik/m1.uexp" 304
"D:/MyGitHub/Just_A_Racing_Game/Content/Ximik/m3.uasset" 305
"D:/MyGitHub/Just_A_Racing_Game/Content/Ximik/m3.uexp" 306
"D:/MyGitHub/Just_A_Racing_Game/Content/Ximik/road3.uasset" 307
"D:/MyGitHub/Just_A_Racing_Game/Content/Ximik/road3.uexp" 308
"D:/MyGitHub/Just_A_Racing_Game/Content/Ximik/road2.uasset" 309
"D:/MyGitHub/Just_A_Racing_Game/Content/Ximik/road2.uexp" 310
"D:/MyGitHub/Just_A_Racing_Game/Content/ARCADE_FREE_Racing_Car/Textures/Free_Car_Texture_Atlas.ubulk" 311
"D:/MyGitHub/Just_A_Racing_Game/Content/ARCADE_FREE_Racing_Car/Textures/Free_Car_Texture_Atlas.uasset" 312
"D:/MyGitHub/Just_A_Racing_Game/Content/ARCADE_FREE_Racing_Car/Textures/Free_Car_Texture_Atlas.uexp" 313
"D:/MyGitHub/Just_A_Racing_Game/Content/ARCADE_FREE_Racing_Car/TestImport/Material_001.uasset" 314
"D:/MyGitHub/Just_A_Racing_Game/Content/ARCADE_FREE_Racing_Car/TestImport/Material_001.uexp" 315
"D:/MyGitHub/Just_A_Racing_Game/Content/ARCADE_FREE_Racing_Car/Mesh/Free_Racing_Car_Yellow_RearRightWheel.uasset" 316
"D:/MyGitHub/Just_A_Racing_Game/Content/ARCADE_FREE_Racing_Car/Mesh/Free_Racing_Car_Yellow_RearRightWheel.uexp" 317
"D:/MyGitHub/Just_A_Racing_Game/Content/ARCADE_FREE_Racing_Car/Mesh/Free_Racing_Car_Yellow_RearLeftWheel.uasset" 318
"D:/MyGitHub/Just_A_Racing_Game/Content/ARCADE_FREE_Racing_Car/Mesh/Free_Racing_Car_Yellow_RearLeftWheel.uexp" 319
"D:/MyGitHub/Just_A_Racing_Game/Content/ARCADE_FREE_Racing_Car/Mesh/Free_Racing_Car_Yellow_FrontRightWheel.uasset" 320
"D:/MyGitHub/Just_A_Racing_Game/Content/ARCADE_FREE_Racing_Car/Mesh/Free_Racing_Car_Yellow_FrontRightWheel.uexp" 321
"D:/MyGitHub/Just_A_Racing_Game/Content/ARCADE_FREE_Racing_Car/Mesh/Free_Racing_Car_Yellow_FrontLeftWheel.uasset" 322
"D:/MyGitHub/Just_A_Racing_Game/Content/ARCADE_FREE_Racing_Car/Mesh/Free_Racing_Car_Yellow_FrontLeftWheel.uexp" 323
"D:/MyGitHub/Just_A_Racing_Game/Content/ARCADE_FREE_Racing_Car/TestImport/Lights.uasset" 324
"D:/MyGitHub/Just_A_Racing_Game/Content/ARCADE_FREE_Racing_Car/TestImport/Lights.uexp" 325
"D:/MyGitHub/Just_A_Racing_Game/Content/ARCADE_FREE_Racing_Car/Mesh/Free_Racing_Car_Yellow_Body.uasset" 326
"D:/MyGitHub/Just_A_Racing_Game/Content/ARCADE_FREE_Racing_Car/Mesh/Free_Racing_Car_Yellow_Body.uexp" 327
"D:/MyGitHub/Just_A_Racing_Game/Content/ARCADE_FREE_Racing_Car/Mesh/Free_Racing_Car_Red_RearRightWheel.uasset" 328
"D:/MyGitHub/Just_A_Racing_Game/Content/ARCADE_FREE_Racing_Car/Mesh/Free_Racing_Car_Red_RearRightWheel.uexp" 329
"D:/MyGitHub/Just_A_Racing_Game/Content/ARCADE_FREE_Racing_Car/Mesh/Free_Racing_Car_Red_RearLeftWheel.uasset" 330
"D:/MyGitHub/Just_A_Racing_Game/Content/ARCADE_FREE_Racing_Car/Mesh/Free_Racing_Car_Red_RearLeftWheel.uexp" 331
"D:/MyGitHub/Just_A_Racing_Game/Content/ARCADE_FREE_Racing_Car/Mesh/Free_Racing_Car_Red_FrontRightWheel.uasset" 332
"D:/MyGitHub/Just_A_Racing_Game/Content/ARCADE_FREE_Racing_Car/Mesh/Free_Racing_Car_Red_FrontRightWheel.uexp" 333
"D:/MyGitHub/Just_A_Racing_Game/Content/ARCADE_FREE_Racing_Car/Mesh/Free_Racing_Car_Red_FrontLeftWheel.uasset" 334
"D:/MyGitHub/Just_A_Racing_Game/Content/ARCADE_FREE_Racing_Car/Mesh/Free_Racing_Car_Red_FrontLeftWheel.uexp" 335
"D:/MyGitHub/Just_A_Racing_Game/Content/ARCADE_FREE_Racing_Car/Mesh/Free_Racing_Car_Red_Body.uasset" 336
"D:/MyGitHub/Just_A_Racing_Game/Content/ARCADE_FREE_Racing_Car/Mesh/Free_Racing_Car_Red_Body.uexp" 337
"D:/MyGitHub/Just_A_Racing_Game/Content/ARCADE_FREE_Racing_Car/Mesh/Free_Racing_Car_Gray_RearRightWheel.uasset" 338
"D:/MyGitHub/Just_A_Racing_Game/Content/ARCADE_FREE_Racing_Car/Mesh/Free_Racing_Car_Gray_RearRightWheel.uexp" 339
"D:/MyGitHub/Just_A_Racing_Game/Content/ARCADE_FREE_Racing_Car/Mesh/Free_Racing_Car_Gray_RearLeftWheel.uasset" 340
"D:/MyGitHub/Just_A_Racing_Game/Content/ARCADE_FREE_Racing_Car/Mesh/Free_Racing_Car_Gray_RearLeftWheel.uexp" 341
"D:/MyGitHub/Just_A_Racing_Game/Content/ARCADE_FREE_Racing_Car/Mesh/Free_Racing_Car_Gray_FrontRightWheel.uasset" 342
"D:/MyGitHub/Just_A_Racing_Game/Content/ARCADE_FREE_Racing_Car/Mesh/Free_Racing_Car_Gray_FrontRightWheel.uexp" 343
"D:/MyGitHub/Just_A_Racing_Game/Content/ARCADE_FREE_Racing_Car/Mesh/Free_Racing_Car_Gray_FrontLeftWheel.uasset" 344
"D:/MyGitHub/Just_A_Racing_Game/Content/ARCADE_FREE_Racing_Car/Mesh/Free_Racing_Car_Gray_FrontLeftWheel.uexp" 345
"D:/MyGitHub/Just_A_Racing_Game/Content/ARCADE_FREE_Racing_Car/Mesh/Free_Racing_Car_Gray_Body.uasset" 346
"D:/MyGitHub/Just_A_Racing_Game/Content/ARCADE_FREE_Racing_Car/Mesh/Free_Racing_Car_Gray_Body.uexp" 347
"D:/MyGitHub/Just_A_Racing_Game/Content/ARCADE_FREE_Racing_Car/Mesh/Free_Racing_Car_Carbon_RearRightWheel.uasset" 348
"D:/MyGitHub/Just_A_Racing_Game/Content/ARCADE_FREE_Racing_Car/Mesh/Free_Racing_Car_Carbon_RearRightWheel.uexp" 349
"D:/MyGitHub/Just_A_Racing_Game/Content/ARCADE_FREE_Racing_Car/Mesh/Free_Racing_Car_Carbon_RearLeftWheel.uasset" 350
"D:/MyGitHub/Just_A_Racing_Game/Content/ARCADE_FREE_Racing_Car/Mesh/Free_Racing_Car_Carbon_RearLeftWheel.uexp" 351
"D:/MyGitHub/Just_A_Racing_Game/Content/ARCADE_FREE_Racing_Car/Mesh/Free_Racing_Car_Carbon_FrontRightWheel.uasset" 352
"D:/MyGitHub/Just_A_Racing_Game/Content/ARCADE_FREE_Racing_Car/Mesh/Free_Racing_Car_Carbon_FrontRightWheel.uexp" 353
"D:/MyGitHub/Just_A_Racing_Game/Content/ARCADE_FREE_Racing_Car/Mesh/Free_Racing_Car_Carbon_FrontLeftWheel.uasset" 354
"D:/MyGitHub/Just_A_Racing_Game/Content/ARCADE_FREE_Racing_Car/Mesh/Free_Racing_Car_Carbon_FrontLeftWheel.uexp" 355
"D:/MyGitHub/Just_A_Racing_Game/Content/ARCADE_FREE_Racing_Car/Mesh/Free_Racing_Car_Carbon_Body.uasset" 356
"D:/MyGitHub/Just_A_Racing_Game/Content/ARCADE_FREE_Racing_Car/Mesh/Free_Racing_Car_Carbon_Body.uexp" 357
"D:/MyGitHub/Just_A_Racing_Game/Content/ARCADE_FREE_Racing_Car/Mesh/Free_Racing_Car_Blue_RearRightWheel.uasset" 358
"D:/MyGitHub/Just_A_Racing_Game/Content/ARCADE_FREE_Racing_Car/Mesh/Free_Racing_Car_Blue_RearRightWheel.uexp" 359
"D:/MyGitHub/Just_A_Racing_Game/Content/ARCADE_FREE_Racing_Car/Mesh/Free_Racing_Car_Blue_RearLeftWheel.uasset" 360
"D:/MyGitHub/Just_A_Racing_Game/Content/ARCADE_FREE_Racing_Car/Mesh/Free_Racing_Car_Blue_RearLeftWheel.uexp" 361
"D:/MyGitHub/Just_A_Racing_Game/Content/ARCADE_FREE_Racing_Car/Mesh/Free_Racing_Car_Blue_FrontRightWheel.uasset" 362
"D:/MyGitHub/Just_A_Racing_Game/Content/ARCADE_FREE_Racing_Car/Mesh/Free_Racing_Car_Blue_FrontRightWheel.uexp" 363
"D:/MyGitHub/Just_A_Racing_Game/Content/ARCADE_FREE_Racing_Car/Mesh/Free_Racing_Car_Blue_FrontLeftWheel.uasset" 364
"D:/MyGitHub/Just_A_Racing_Game/Content/ARCADE_FREE_Racing_Car/Mesh/Free_Racing_Car_Blue_FrontLeftWheel.uexp" 365
"D:/MyGitHub/Just_A_Racing_Game/Content/ARCADE_FREE_Racing_Car/Mesh/Free_Racing_Car_Blue_Body.uasset" 366
"D:/MyGitHub/Just_A_Racing_Game/Content/ARCADE_FREE_Racing_Car/Mesh/Free_Racing_Car_Blue_Body.uexp" 367
"../../../Engine/Content/MobileResources/HUD/VirtualJoystick_Background.uasset" 368
"../../../Engine/Content/MobileResources/HUD/VirtualJoystick_Background.uexp" 369
"../../../Engine/Content/MobileResources/HUD/VirtualJoystick_Thumb.uasset" 370
"../../../Engine/Content/MobileResources/HUD/VirtualJoystick_Thumb.uexp" 371
"../../../Engine/Content/MobileResources/HUD/DefaultVirtualJoysticks.uasset" 372
"../../../Engine/Content/MobileResources/HUD/DefaultVirtualJoysticks.uexp" 373
"../../../Engine/Content/OpenWorldTemplate/HLOD/HLOD0_Instancing.uasset" 374
"../../../Engine/Content/OpenWorldTemplate/HLOD/HLOD0_Instancing.uexp" 375
"../../../Engine/Content/Tutorial/ContentIntroCurve.uasset" 376
"../../../Engine/Content/Tutorial/ContentIntroCurve.uexp" 377
"../../../Engine/Content/VREditor/TransformGizmo/Main.uasset" 378
"../../../Engine/Content/VREditor/TransformGizmo/Main.uexp" 379
"../../../Engine/Content/VREditor/TransformGizmo/Xray.uasset" 380
"../../../Engine/Content/VREditor/TransformGizmo/Xray.uexp" 381
"../../../Engine/Content/VREditor/TransformGizmo/SM_Sequencer_Node.uasset" 382
"../../../Engine/Content/VREditor/TransformGizmo/SM_Sequencer_Node.uexp" 383
"../../../Engine/Content/VREditor/LaserPointer/VR_LaserPower_01.ubulk" 384
"../../../Engine/Content/VREditor/LaserPointer/VR_LaserPower_01.uasset" 385
"../../../Engine/Content/VREditor/LaserPointer/VR_LaserPower_01.uexp" 386
"../../../Engine/Content/VREditor/TransformGizmo/TransformGizmoMaterial.uasset" 387
"../../../Engine/Content/VREditor/TransformGizmo/TransformGizmoMaterial.uexp" 388
"../../../Engine/Content/VREditor/TransformGizmo/TranslucentTransformGizmoMaterial.uasset" 389
"../../../Engine/Content/VREditor/TransformGizmo/TranslucentTransformGizmoMaterial.uexp" 390
"../../../Engine/Content/VREditor/TransformGizmo/PlaneTranslationHandle.uasset" 391
"../../../Engine/Content/VREditor/TransformGizmo/PlaneTranslationHandle.uexp" 392
"../../../Engine/Content/VREditor/TransformGizmo/BoundingBoxEdge.uasset" 393
"../../../Engine/Content/VREditor/TransformGizmo/BoundingBoxEdge.uexp" 394
"../../../Engine/Content/VREditor/TransformGizmo/BoundingBoxCorner.uasset" 395
"../../../Engine/Content/VREditor/TransformGizmo/BoundingBoxCorner.uexp" 396
"../../../Engine/Plugins/2D/Paper2D/Content/PlaceholderTextures/DummySpriteTexture.ubulk" 397
"../../../Engine/Plugins/2D/Paper2D/Content/PlaceholderTextures/DummySpriteTexture.uasset" 398
"../../../Engine/Plugins/2D/Paper2D/Content/PlaceholderTextures/DummySpriteTexture.uexp" 399
"../../../Engine/Plugins/2D/Paper2D/Content/DefaultSpriteMaterial.uasset" 400
"../../../Engine/Plugins/2D/Paper2D/Content/DefaultSpriteMaterial.uexp" 401
"../../../Engine/Plugins/2D/Paper2D/Content/OpaqueUnlitSpriteMaterial.uasset" 402
"../../../Engine/Plugins/2D/Paper2D/Content/OpaqueUnlitSpriteMaterial.uexp" 403
"../../../Engine/Plugins/2D/Paper2D/Content/MaskedUnlitSpriteMaterial.uasset" 404
"../../../Engine/Plugins/2D/Paper2D/Content/MaskedUnlitSpriteMaterial.uexp" 405
"../../../Engine/Plugins/2D/Paper2D/Content/DummySprite.uasset" 406
"../../../Engine/Plugins/2D/Paper2D/Content/DummySprite.uexp" 407
"../../../Engine/Plugins/2D/Paper2D/Content/DefaultPaperTerrainMaterial.uasset" 408
"../../../Engine/Plugins/2D/Paper2D/Content/DefaultPaperTerrainMaterial.uexp" 409
"../../../Engine/Plugins/Animation/ControlRig/Content/M_Manip.uasset" 410
"../../../Engine/Plugins/Animation/ControlRig/Content/M_Manip.uexp" 411
"../../../Engine/Plugins/Animation/ControlRig/Content/Controls/DefaultGizmoLibraryNormalized.uasset" 412
"../../../Engine/Plugins/Animation/ControlRig/Content/Controls/DefaultGizmoLibraryNormalized.uexp" 413
"../../../Engine/Plugins/Animation/ControlRig/Content/Controls/ControlRig_Wedge_solid.uasset" 414
"../../../Engine/Plugins/Animation/ControlRig/Content/Controls/ControlRig_Wedge_solid.uexp" 415
"../../../Engine/Plugins/Animation/ControlRig/Content/Controls/ControlRig_Wedge_3mm.uasset" 416
"../../../Engine/Plugins/Animation/ControlRig/Content/Controls/ControlRig_Wedge_3mm.uexp" 417
"../../../Engine/Plugins/Animation/ControlRig/Content/Controls/ControlRig_Wedge_1mm.uasset" 418
"../../../Engine/Plugins/Animation/ControlRig/Content/Controls/ControlRig_Wedge_1mm.uexp" 419
"../../../Engine/Plugins/Animation/ControlRig/Content/Controls/ControlRig_Triangle_solid.uasset" 420
"../../../Engine/Plugins/Animation/ControlRig/Content/Controls/ControlRig_Triangle_solid.uexp" 421
"../../../Engine/Plugins/Animation/ControlRig/Content/Controls/ControlRig_Triangle_3mm.uasset" 422
"../../../Engine/Plugins/Animation/ControlRig/Content/Controls/ControlRig_Triangle_3mm.uexp" 423
"../../../Engine/Plugins/Animation/ControlRig/Content/Controls/ControlRig_Triangle_1mm.uasset" 424
"../../../Engine/Plugins/Animation/ControlRig/Content/Controls/ControlRig_Triangle_1mm.uexp" 425
"../../../Engine/Plugins/Animation/ControlRig/Content/Controls/ControlRig_Star4_solid.uasset" 426
"../../../Engine/Plugins/Animation/ControlRig/Content/Controls/ControlRig_Star4_solid.uexp" 427
"../../../Engine/Plugins/Animation/ControlRig/Content/Controls/ControlRig_Star4_3mm.uasset" 428
"../../../Engine/Plugins/Animation/ControlRig/Content/Controls/ControlRig_Star4_3mm.uexp" 429
"../../../Engine/Plugins/Animation/ControlRig/Content/Controls/ControlRig_Star4_1mm.uasset" 430
"../../../Engine/Plugins/Animation/ControlRig/Content/Controls/ControlRig_Star4_1mm.uexp" 431
"../../../Engine/Plugins/Animation/ControlRig/Content/Controls/ControlRig_Square_solid.uasset" 432
"../../../Engine/Plugins/Animation/ControlRig/Content/Controls/ControlRig_Square_solid.uexp" 433
"../../../Engine/Plugins/Animation/ControlRig/Content/Controls/ControlRig_Square_3mm.uasset" 434
"../../../Engine/Plugins/Animation/ControlRig/Content/Controls/ControlRig_Square_3mm.uexp" 435
"../../../Engine/Plugins/Animation/ControlRig/Content/Controls/ControlRig_Square_1mm.uasset" 436
"../../../Engine/Plugins/Animation/ControlRig/Content/Controls/ControlRig_Square_1mm.uexp" 437
"../../../Engine/Plugins/Animation/ControlRig/Content/Controls/ControlRig_Sphere_solid.uasset" 438
"../../../Engine/Plugins/Animation/ControlRig/Content/Controls/ControlRig_Sphere_solid.uexp" 439
"../../../Engine/Plugins/Animation/ControlRig/Content/Controls/ControlRig_Sphere_3mm.uasset" 440
"../../../Engine/Plugins/Animation/ControlRig/Content/Controls/ControlRig_Sphere_3mm.uexp" 441
"../../../Engine/Plugins/Animation/ControlRig/Content/Controls/ControlRig_Sphere_1mm.uasset" 442
"../../../Engine/Plugins/Animation/ControlRig/Content/Controls/ControlRig_Sphere_1mm.uexp" 443
"../../../Engine/Plugins/Animation/ControlRig/Content/Controls/ControlRig_RoundedTriangle_solid.uasset" 444
"../../../Engine/Plugins/Animation/ControlRig/Content/Controls/ControlRig_RoundedTriangle_solid.uexp" 445
"../../../Engine/Plugins/Animation/ControlRig/Content/Controls/ControlRig_RoundedTriangle_3mm.uasset" 446
"../../../Engine/Plugins/Animation/ControlRig/Content/Controls/ControlRig_RoundedTriangle_3mm.uexp" 447
"../../../Engine/Plugins/Animation/ControlRig/Content/Controls/ControlRig_RoundedTriangle_1mm.uasset" 448
"../../../Engine/Plugins/Animation/ControlRig/Content/Controls/ControlRig_RoundedTriangle_1mm.uexp" 449
"../../../Engine/Plugins/Animation/ControlRig/Content/Controls/ControlRig_RoundedSquare_solid.uasset" 450
"../../../Engine/Plugins/Animation/ControlRig/Content/Controls/ControlRig_RoundedSquare_solid.uexp" 451
"../../../Engine/Plugins/Animation/ControlRig/Content/Controls/ControlRig_RoundedSquare_3mm.uasset" 452
"../../../Engine/Plugins/Animation/ControlRig/Content/Controls/ControlRig_RoundedSquare_3mm.uexp" 453
"../../../Engine/Plugins/Animation/ControlRig/Content/Controls/ControlRig_RoundedSquare_1mm.uasset" 454
"../../../Engine/Plugins/Animation/ControlRig/Content/Controls/ControlRig_RoundedSquare_1mm.uexp" 455
"../../../Engine/Plugins/Animation/ControlRig/Content/Controls/ControlRig_QuarterCircle_solid.uasset" 456
"../../../Engine/Plugins/Animation/ControlRig/Content/Controls/ControlRig_QuarterCircle_solid.uexp" 457
"../../../Engine/Plugins/Animation/ControlRig/Content/Controls/ControlRig_QuarterCircle_3mm.uasset" 458
"../../../Engine/Plugins/Animation/ControlRig/Content/Controls/ControlRig_QuarterCircle_3mm.uexp" 459
"../../../Engine/Plugins/Animation/ControlRig/Content/Controls/ControlRig_QuarterCircle_1mm.uasset" 460
"../../../Engine/Plugins/Animation/ControlRig/Content/Controls/ControlRig_QuarterCircle_1mm.uexp" 461
"../../../Engine/Plugins/Animation/ControlRig/Content/Controls/ControlRig_Pyramid_solid.uasset" 462
"../../../Engine/Plugins/Animation/ControlRig/Content/Controls/ControlRig_Pyramid_solid.uexp" 463
"../../../Engine/Plugins/Animation/ControlRig/Content/Controls/ControlRig_Pyramid_3mm.uasset" 464
"../../../Engine/Plugins/Animation/ControlRig/Content/Controls/ControlRig_Pyramid_3mm.uexp" 465
"../../../Engine/Plugins/Animation/ControlRig/Content/Controls/ControlRig_Pyramid_1mm.uasset" 466
"../../../Engine/Plugins/Animation/ControlRig/Content/Controls/ControlRig_Pyramid_1mm.uexp" 467
"../../../Engine/Plugins/Animation/ControlRig/Content/Controls/ControlRig_Octagon_solid.uasset" 468
"../../../Engine/Plugins/Animation/ControlRig/Content/Controls/ControlRig_Octagon_solid.uexp" 469
"../../../Engine/Plugins/Animation/ControlRig/Content/Controls/ControlRig_Octagon_3mm.uasset" 470
"../../../Engine/Plugins/Animation/ControlRig/Content/Controls/ControlRig_Octagon_3mm.uexp" 471
"../../../Engine/Plugins/Animation/ControlRig/Content/Controls/ControlRig_Octagon_1mm.uasset" 472
"../../../Engine/Plugins/Animation/ControlRig/Content/Controls/ControlRig_Octagon_1mm.uexp" 473
"../../../Engine/Plugins/Animation/ControlRig/Content/Controls/ControlRig_Hexagon_solid.uasset" 474
"../../../Engine/Plugins/Animation/ControlRig/Content/Controls/ControlRig_Hexagon_solid.uexp" 475
"../../../Engine/Plugins/Animation/ControlRig/Content/Controls/ControlRig_Hexagon_3mm.uasset" 476
"../../../Engine/Plugins/Animation/ControlRig/Content/Controls/ControlRig_Hexagon_3mm.uexp" 477
"../../../Engine/Plugins/Animation/ControlRig/Content/Controls/ControlRig_Hexagon_1mm.uasset" 478
"../../../Engine/Plugins/Animation/ControlRig/Content/Controls/ControlRig_Hexagon_1mm.uexp" 479
"../../../Engine/Plugins/Animation/ControlRig/Content/Controls/ControlRig_HalfCircle_solid.uasset" 480
"../../../Engine/Plugins/Animation/ControlRig/Content/Controls/ControlRig_HalfCircle_solid.uexp" 481
"../../../Engine/Plugins/Animation/ControlRig/Content/Controls/ControlRig_HalfCircle_3mm.uasset" 482
"../../../Engine/Plugins/Animation/ControlRig/Content/Controls/ControlRig_HalfCircle_3mm.uexp" 483
"../../../Engine/Plugins/Animation/ControlRig/Content/Controls/ControlRig_HalfCircle_1mm.uasset" 484
"../../../Engine/Plugins/Animation/ControlRig/Content/Controls/ControlRig_HalfCircle_1mm.uexp" 485
"../../../Engine/Plugins/Animation/ControlRig/Content/Controls/ControlRig_Diamond_solid.uasset" 486
"../../../Engine/Plugins/Animation/ControlRig/Content/Controls/ControlRig_Diamond_solid.uexp" 487
"../../../Engine/Plugins/Animation/ControlRig/Content/Controls/ControlRig_Diamond_3mm.uasset" 488
"../../../Engine/Plugins/Animation/ControlRig/Content/Controls/ControlRig_Diamond_3mm.uexp" 489
"../../../Engine/Plugins/Animation/ControlRig/Content/Controls/ControlRig_Diamond_1mm.uasset" 490
"../../../Engine/Plugins/Animation/ControlRig/Content/Controls/ControlRig_Diamond_1mm.uexp" 491
"../../../Engine/Plugins/Animation/ControlRig/Content/Controls/ControlRig_Circle_solid.uasset" 492
"../../../Engine/Plugins/Animation/ControlRig/Content/Controls/ControlRig_Circle_solid.uexp" 493
"../../../Engine/Plugins/Animation/ControlRig/Content/Controls/ControlRig_Circle_3mm.uasset" 494
"../../../Engine/Plugins/Animation/ControlRig/Content/Controls/ControlRig_Circle_3mm.uexp" 495
"../../../Engine/Plugins/Animation/ControlRig/Content/Controls/ControlRig_Circle_1mm.uasset" 496
"../../../Engine/Plugins/Animation/ControlRig/Content/Controls/ControlRig_Circle_1mm.uexp" 497
"../../../Engine/Plugins/Animation/ControlRig/Content/Controls/ControlRig_Box_solid.uasset" 498
"../../../Engine/Plugins/Animation/ControlRig/Content/Controls/ControlRig_Box_solid.uexp" 499
"../../../Engine/Plugins/Animation/ControlRig/Content/Controls/ControlRig_Box_3mm.uasset" 500
"../../../Engine/Plugins/Animation/ControlRig/Content/Controls/ControlRig_Box_3mm.uexp" 501
"../../../Engine/Plugins/Animation/ControlRig/Content/Controls/ControlRig_Box_1mm.uasset" 502
"../../../Engine/Plugins/Animation/ControlRig/Content/Controls/ControlRig_Box_1mm.uexp" 503
"../../../Engine/Plugins/Animation/ControlRig/Content/Controls/ControlRig_Arrow_solid.uasset" 504
"../../../Engine/Plugins/Animation/ControlRig/Content/Controls/ControlRig_Arrow_solid.uexp" 505
"../../../Engine/Plugins/Animation/ControlRig/Content/Controls/ControlRig_Arrow_3mm.uasset" 506
"../../../Engine/Plugins/Animation/ControlRig/Content/Controls/ControlRig_Arrow_3mm.uexp" 507
"../../../Engine/Plugins/Animation/ControlRig/Content/Controls/ControlRig_Arrow_1mm.uasset" 508
"../../../Engine/Plugins/Animation/ControlRig/Content/Controls/ControlRig_Arrow_1mm.uexp" 509
"../../../Engine/Plugins/Animation/ControlRig/Content/Controls/ControlRig_Arrow4_solid.uasset" 510
"../../../Engine/Plugins/Animation/ControlRig/Content/Controls/ControlRig_Arrow4_solid.uexp" 511
"../../../Engine/Plugins/Animation/ControlRig/Content/Controls/ControlRig_Arrow4_3mm.uasset" 512
"../../../Engine/Plugins/Animation/ControlRig/Content/Controls/ControlRig_Arrow4_3mm.uexp" 513
"../../../Engine/Plugins/Animation/ControlRig/Content/Controls/ControlRig_Arrow4_1mm.uasset" 514
"../../../Engine/Plugins/Animation/ControlRig/Content/Controls/ControlRig_Arrow4_1mm.uexp" 515
"../../../Engine/Plugins/Animation/ControlRig/Content/Controls/ControlRig_Arrow2_solid.uasset" 516
"../../../Engine/Plugins/Animation/ControlRig/Content/Controls/ControlRig_Arrow2_solid.uexp" 517
"../../../Engine/Plugins/Animation/ControlRig/Content/Controls/ControlRig_Arrow2_3mm.uasset" 518
"../../../Engine/Plugins/Animation/ControlRig/Content/Controls/ControlRig_Arrow2_3mm.uexp" 519
"../../../Engine/Plugins/Animation/ControlRig/Content/Controls/ControlRig_Arrow2_1mm.uasset" 520
"../../../Engine/Plugins/Animation/ControlRig/Content/Controls/ControlRig_Arrow2_1mm.uexp" 521
"../../../Engine/Plugins/Animation/ControlRig/Content/Controls/ControlRigGizmoMaterial.uasset" 522
"../../../Engine/Plugins/Animation/ControlRig/Content/Controls/ControlRigGizmoMaterial.uexp" 523
"../../../Engine/Plugins/Editor/SpeedTreeImporter/Content/SpeedTree9/game_wind_noise.ubulk" 524
"../../../Engine/Plugins/Editor/SpeedTreeImporter/Content/SpeedTree9/game_wind_noise.uasset" 525
"../../../Engine/Plugins/Editor/SpeedTreeImporter/Content/SpeedTree9/game_wind_noise.uexp" 526
"../../../Engine/Plugins/Editor/SpeedTreeImporter/Content/SpeedTree9/UnpackDirection.uasset" 527
"../../../Engine/Plugins/Editor/SpeedTreeImporter/Content/SpeedTree9/UnpackDirection.uexp" 528
"../../../Engine/Content/Functions/Engine_MaterialFunctions02/ObjectLocalBounds.uasset" 529
"../../../Engine/Content/Functions/Engine_MaterialFunctions02/ObjectLocalBounds.uexp" 530
"../../../Engine/Content/Functions/Engine_MaterialFunctions02/UVs/BoundingBoxBased_0-1_UVW.uasset" 531
"../../../Engine/Content/Functions/Engine_MaterialFunctions02/UVs/BoundingBoxBased_0-1_UVW.uexp" 532
"../../../Engine/Content/Functions/Engine_MaterialFunctions02/Utility/VectorLength.uasset" 533
"../../../Engine/Content/Functions/Engine_MaterialFunctions02/Utility/VectorLength.uexp" 534
"../../../Engine/Plugins/Editor/SpeedTreeImporter/Content/SpeedTree9/UnpackInteger3.uasset" 535
"../../../Engine/Plugins/Editor/SpeedTreeImporter/Content/SpeedTree9/UnpackInteger3.uexp" 536
"../../../Engine/Plugins/Editor/SpeedTreeImporter/Content/SpeedTree9/SpeedTreeCameraFacing.uasset" 537
"../../../Engine/Plugins/Editor/SpeedTreeImporter/Content/SpeedTree9/SpeedTreeCameraFacing.uexp" 538
"../../../Engine/Content/Functions/Engine_MaterialFunctions02/WorldPositionOffset/ObjectScale.uasset" 539
"../../../Engine/Content/Functions/Engine_MaterialFunctions02/WorldPositionOffset/ObjectScale.uexp" 540
"../../../Engine/Content/Functions/Engine_MaterialFunctions02/SafeNormalize.uasset" 541
"../../../Engine/Content/Functions/Engine_MaterialFunctions02/SafeNormalize.uexp" 542
"../../../Engine/Plugins/Editor/SpeedTreeImporter/Content/SpeedTree9/SpeedTreeWindMotion.uasset" 543
"../../../Engine/Plugins/Editor/SpeedTreeImporter/Content/SpeedTree9/SpeedTreeWindMotion.uexp" 544
"../../../Engine/Plugins/Editor/SpeedTreeImporter/Content/SpeedTree9/SpeedTreeBranchMotion.uasset" 545
"../../../Engine/Plugins/Editor/SpeedTreeImporter/Content/SpeedTree9/SpeedTreeBranchMotion.uexp" 546
"../../../Engine/Plugins/Editor/SpeedTreeImporter/Content/SpeedTree9/SpeedTreeWind.uasset" 547
"../../../Engine/Plugins/Editor/SpeedTreeImporter/Content/SpeedTree9/SpeedTreeWind.uexp" 548
"../../../Engine/Plugins/Editor/SpeedTreeImporter/Content/SpeedTree9/EmptyNormal.uasset" 549
"../../../Engine/Plugins/Editor/SpeedTreeImporter/Content/SpeedTree9/EmptyNormal.uexp" 550
"../../../Engine/Plugins/Editor/SpeedTreeImporter/Content/SpeedTree9/Empty.uasset" 551
"../../../Engine/Plugins/Editor/SpeedTreeImporter/Content/SpeedTree9/Empty.uexp" 552
"../../../Engine/Plugins/Editor/SpeedTreeImporter/Content/SpeedTree9/SpeedTreeMaster.uasset" 553
"../../../Engine/Plugins/Editor/SpeedTreeImporter/Content/SpeedTree9/SpeedTreeMaster.uexp" 554
"../../../Engine/Plugins/Editor/SpeedTreeImporter/Content/SpeedTree9/SpeedTreeBillboard.uasset" 555
"../../../Engine/Plugins/Editor/SpeedTreeImporter/Content/SpeedTree9/SpeedTreeBillboard.uexp" 556
"../../../Engine/Plugins/Editor/SpeedTreeImporter/Content/SpeedTree9/SpeedTreeBillboardMaster.uasset" 557
"../../../Engine/Plugins/Editor/SpeedTreeImporter/Content/SpeedTree9/SpeedTreeBillboardMaster.uexp" 558
"../../../Engine/Plugins/Runtime/HairStrands/Content/Materials/HairMeshesDefaultMaterial.uasset" 559
"../../../Engine/Plugins/Runtime/HairStrands/Content/Materials/HairMeshesDefaultMaterial.uexp" 560
"../../../Engine/Plugins/Runtime/HairStrands/Content/Materials/HairDefaultMaterial.uasset" 561
"../../../Engine/Plugins/Runtime/HairStrands/Content/Materials/HairDefaultMaterial.uexp" 562
"../../../Engine/Plugins/Runtime/HairStrands/Content/Materials/HairGroupColors.uasset" 563
"../../../Engine/Plugins/Runtime/HairStrands/Content/Materials/HairGroupColors.uexp" 564
"../../../Engine/Content/EngineMaterials/HairColorMap.uasset" 565
"../../../Engine/Content/EngineMaterials/HairColorMap.uexp" 566
"../../../Engine/Content/EngineMaterials/HairDebugColor.uasset" 567
"../../../Engine/Content/EngineMaterials/HairDebugColor.uexp" 568
"../../../Engine/Plugins/Runtime/HairStrands/Content/Materials/HairDebugMaterial.uasset" 569
"../../../Engine/Plugins/Runtime/HairStrands/Content/Materials/HairDebugMaterial.uexp" 570
"../../../Engine/Plugins/Runtime/HairStrands/Content/Materials/HairCardsDefaultMaterial.uasset" 571
"../../../Engine/Plugins/Runtime/HairStrands/Content/Materials/HairCardsDefaultMaterial.uexp" 572
"D:/MyGitHub/Just_A_Racing_Game/Content/ARCADE_FREE_Racing_Car/TestImport/LightsFront.uasset" 573
"D:/MyGitHub/Just_A_Racing_Game/Content/ARCADE_FREE_Racing_Car/TestImport/LightsFront.uexp" 574
"D:/MyGitHub/Just_A_Racing_Game/Content/ARCADE_FREE_Racing_Car/TestImport/NewCar_Skeleton.uasset" 575
"D:/MyGitHub/Just_A_Racing_Game/Content/ARCADE_FREE_Racing_Car/TestImport/NewCar_Skeleton.uexp" 576
"D:/MyGitHub/Just_A_Racing_Game/Content/ARCADE_FREE_Racing_Car/TestImport/NewCar_PhysicsAsset.uasset" 577
"D:/MyGitHub/Just_A_Racing_Game/Content/ARCADE_FREE_Racing_Car/TestImport/NewCar_PhysicsAsset.uexp" 578
"D:/MyGitHub/Just_A_Racing_Game/Content/ARCADE_FREE_Racing_Car/TestImport/NewCar.uasset" 579
"D:/MyGitHub/Just_A_Racing_Game/Content/ARCADE_FREE_Racing_Car/TestImport/NewCar.uexp" 580
"D:/MyGitHub/Just_A_Racing_Game/Content/ARCADE_FREE_Racing_Car/TestImport/CarWheelAnimationBP.uasset" 581
"D:/MyGitHub/Just_A_Racing_Game/Content/ARCADE_FREE_Racing_Car/TestImport/CarWheelAnimationBP.uexp" 582
"D:/MyGitHub/Just_A_Racing_Game/Content/ARCADE_FREE_Racing_Car/TestImport/RearWheel.uasset" 583
"D:/MyGitHub/Just_A_Racing_Game/Content/ARCADE_FREE_Racing_Car/TestImport/RearWheel.uexp" 584
"D:/MyGitHub/Just_A_Racing_Game/Content/ARCADE_FREE_Racing_Car/TestImport/FrontWheel.uasset" 585
"D:/MyGitHub/Just_A_Racing_Game/Content/ARCADE_FREE_Racing_Car/TestImport/FrontWheel.uexp" 586
"D:/MyGitHub/Just_A_Racing_Game/Content/ARCADE_FREE_Racing_Car/TestImport/CarBP.uasset" 587
"D:/MyGitHub/Just_A_Racing_Game/Content/ARCADE_FREE_Racing_Car/TestImport/CarBP.uexp" 588
"D:/MyGitHub/Just_A_Racing_Game/Content/ARCADE_FREE_Racing_Car/TestImport/StartGameMode.uasset" 589
"D:/MyGitHub/Just_A_Racing_Game/Content/ARCADE_FREE_Racing_Car/TestImport/StartGameMode.uexp" 590
"D:/MyGitHub/Just_A_Racing_Game/Content/temp_HLOD0_Instancing.uasset" 591
"D:/MyGitHub/Just_A_Racing_Game/Content/temp_HLOD0_Instancing.uexp" 592
"D:/MyGitHub/Just_A_Racing_Game/Content/temp.uexp" 593
"D:/MyGitHub/Just_A_Racing_Game/Content/temp.ubulk" 594
"D:/MyGitHub/Just_A_Racing_Game/Content/temp.umap" 595
"../../../Engine/Content/Maps/Entry_BuiltData.uasset" 596
"../../../Engine/Content/Maps/Entry_BuiltData.uexp" 597
"../../../Engine/Content/Maps/Entry.uexp" 598
"../../../Engine/Content/Maps/Entry.umap" 599
"D:/MyGitHub/Just_A_Racing_Game/Content/temp/_Generated_/temp_MainGrid_L0_X0_Y-1_DL0.uexp" 600
"D:/MyGitHub/Just_A_Racing_Game/Content/temp/_Generated_/temp_MainGrid_L0_X0_Y-1_DL0.umap" 601
