"../../../Engine/Content/EngineMaterials/T_Default_Material_Grid_M.uasset" 0
"../../../Engine/Content/EngineMaterials/T_Default_Material_Grid_M.ubulk" 1
"../../../Engine/Content/EngineMaterials/T_Default_Material_Grid_M.uexp" 2
"../../../Engine/Content/EngineMaterials/T_Default_Material_Grid_N.uasset" 3
"../../../Engine/Content/EngineMaterials/T_Default_Material_Grid_N.ubulk" 4
"../../../Engine/Content/EngineMaterials/T_Default_Material_Grid_N.uexp" 5
"../../../Engine/Content/Functions/Engine_MaterialFunctions01/Opacity/CameraDepthFade.uasset" 6
"../../../Engine/Content/Functions/Engine_MaterialFunctions01/Opacity/CameraDepthFade.uexp" 7
"../../../Engine/Content/EngineMaterials/DefaultMaterial.uasset" 8
"../../../Engine/Content/EngineMaterials/DefaultMaterial.uexp" 9
"../../../Engine/Content/BasicShapes/Sphere.uasset" 10
"../../../Engine/Content/BasicShapes/Sphere.ubulk" 11
"../../../Engine/Content/BasicShapes/Sphere.uexp" 12
"../../../Engine/Content/EngineMaterials/WorldGridMaterial.uasset" 13
"../../../Engine/Content/EngineMaterials/WorldGridMaterial.uexp" 14
"../../../Engine/Content/BasicShapes/Plane.uasset" 15
"../../../Engine/Content/BasicShapes/Plane.ubulk" 16
"../../../Engine/Content/BasicShapes/Plane.uexp" 17
"../../../Engine/Content/BasicShapes/Cylinder.uasset" 18
"../../../Engine/Content/BasicShapes/Cylinder.ubulk" 19
"../../../Engine/Content/BasicShapes/Cylinder.uexp" 20
"../../../Engine/Content/BasicShapes/Cube.uasset" 21
"../../../Engine/Content/BasicShapes/Cube.ubulk" 22
"../../../Engine/Content/BasicShapes/Cube.uexp" 23
"../../../Engine/Content/BasicShapes/Cone.uasset" 24
"../../../Engine/Content/BasicShapes/Cone.ubulk" 25
"../../../Engine/Content/BasicShapes/Cone.uexp" 26
"../../../Engine/Content/ArtTools/RenderToTexture/Meshes/S_1_Unit_Plane.uasset" 27
"../../../Engine/Content/ArtTools/RenderToTexture/Meshes/S_1_Unit_Plane.ubulk" 28
"../../../Engine/Content/ArtTools/RenderToTexture/Meshes/S_1_Unit_Plane.uexp" 29
"/home/ruby/Code Workspace/Unity/Just_A_Racing_Game/Content/Ximik/m2.uasset" 30
"/home/ruby/Code Workspace/Unity/Just_A_Racing_Game/Content/Ximik/m2.uexp" 31
"/home/ruby/Code Workspace/Unity/Just_A_Racing_Game/Content/Ximik/m1.uasset" 32
"/home/ruby/Code Workspace/Unity/Just_A_Racing_Game/Content/Ximik/m1.uexp" 33
"/home/ruby/Code Workspace/Unity/Just_A_Racing_Game/Content/Ximik/m3.uasset" 34
"/home/ruby/Code Workspace/Unity/Just_A_Racing_Game/Content/Ximik/m3.uexp" 35
"/home/ruby/Code Workspace/Unity/Just_A_Racing_Game/Content/Ximik/road3.uasset" 36
"/home/ruby/Code Workspace/Unity/Just_A_Racing_Game/Content/Ximik/road3.ubulk" 37
"/home/ruby/Code Workspace/Unity/Just_A_Racing_Game/Content/Ximik/road3.uexp" 38
"/home/ruby/Code Workspace/Unity/Just_A_Racing_Game/Content/Ximik/road2.uasset" 39
"/home/ruby/Code Workspace/Unity/Just_A_Racing_Game/Content/Ximik/road2.ubulk" 40
"/home/ruby/Code Workspace/Unity/Just_A_Racing_Game/Content/Ximik/road2.uexp" 41
"../../../Engine/Content/EditorLandscapeResources/DefaultAlphaTexture.uasset" 42
"../../../Engine/Content/EditorLandscapeResources/DefaultAlphaTexture.uexp" 43
"../../../Engine/Content/EditorLandscapeResources/DataLayer.uasset" 44
"../../../Engine/Content/EditorLandscapeResources/DataLayer.uexp" 45
"../../../Engine/Content/EditorMaterials/MAT_Groups_Visibility.uasset" 46
"../../../Engine/Content/EditorMaterials/MAT_Groups_Visibility.uexp" 47
"../../../Engine/Content/EditorMaterials/MAT_Groups_Toggle.uasset" 48
"../../../Engine/Content/EditorMaterials/MAT_Groups_Toggle.uexp" 49
"../../../Engine/Content/EditorMaterials/PreviewShadowIndicator.uasset" 50
"../../../Engine/Content/EditorMaterials/PreviewShadowIndicator.ubulk" 51
"../../../Engine/Content/EditorMaterials/PreviewShadowIndicator.uexp" 52
"../../../Engine/Content/EditorMaterials/PreviewShadowIndicatorMaterial.uasset" 53
"../../../Engine/Content/EditorMaterials/PreviewShadowIndicatorMaterial.uexp" 54
"../../../Engine/Content/EditorMaterials/MatineeGroups/MAT_Groups_Vector.uasset" 55
"../../../Engine/Content/EditorMaterials/MatineeGroups/MAT_Groups_Vector.uexp" 56
"../../../Engine/Content/EditorMaterials/MatineeGroups/MAT_Groups_Sound.uasset" 57
"../../../Engine/Content/EditorMaterials/MatineeGroups/MAT_Groups_Sound.uexp" 58
"../../../Engine/Content/EditorMaterials/MatineeGroups/MAT_Groups_Slomo.uasset" 59
"../../../Engine/Content/EditorMaterials/MatineeGroups/MAT_Groups_Slomo.uexp" 60
"../../../Engine/Content/EditorMaterials/MatineeGroups/MAT_Groups_Move.uasset" 61
"../../../Engine/Content/EditorMaterials/MatineeGroups/MAT_Groups_Move.uexp" 62
"../../../Engine/Content/EditorMaterials/MatineeGroups/MAT_Groups_Float.uasset" 63
"../../../Engine/Content/EditorMaterials/MatineeGroups/MAT_Groups_Float.uexp" 64
"../../../Engine/Content/EditorMaterials/MatineeGroups/MAT_Groups_Fade.uasset" 65
"../../../Engine/Content/EditorMaterials/MatineeGroups/MAT_Groups_Fade.uexp" 66
"../../../Engine/Content/EditorMaterials/MatineeGroups/MAT_Groups_Event.uasset" 67
"../../../Engine/Content/EditorMaterials/MatineeGroups/MAT_Groups_Event.uexp" 68
"../../../Engine/Content/EditorMaterials/MatineeGroups/MAT_Groups_Director.uasset" 69
"../../../Engine/Content/EditorMaterials/MatineeGroups/MAT_Groups_Director.uexp" 70
"../../../Engine/Content/Functions/Engine_MaterialFunctions02/Utility/MakeFloat4.uasset" 71
"../../../Engine/Content/Functions/Engine_MaterialFunctions02/Utility/MakeFloat4.uexp" 72
"../../../Engine/Content/Functions/Engine_MaterialFunctions02/Utility/MakeFloat3.uasset" 73
"../../../Engine/Content/Functions/Engine_MaterialFunctions02/Utility/MakeFloat3.uexp" 74
"../../../Engine/Content/Functions/Engine_MaterialFunctions02/Utility/BreakOutFloat3Components.uasset" 75
"../../../Engine/Content/Functions/Engine_MaterialFunctions02/Utility/BreakOutFloat3Components.uexp" 76
"../../../Engine/Content/EditorMaterials/WorldPartition/WorldPartitionSpatialHashGridPreviewMaterial.uasset" 77
"../../../Engine/Content/EditorMaterials/WorldPartition/WorldPartitionSpatialHashGridPreviewMaterial.uexp" 78
"../../../Engine/Content/EditorMaterials/ParticleSystems/PSysThumbnail_OOD.uasset" 79
"../../../Engine/Content/EditorMaterials/ParticleSystems/PSysThumbnail_OOD.ubulk" 80
"../../../Engine/Content/EditorMaterials/ParticleSystems/PSysThumbnail_OOD.uexp" 81
"../../../Engine/Content/EditorMaterials/ParticleSystems/PSysThumbnail_NoImage.uasset" 82
"../../../Engine/Content/EditorMaterials/ParticleSystems/PSysThumbnail_NoImage.ubulk" 83
"../../../Engine/Content/EditorMaterials/ParticleSystems/PSysThumbnail_NoImage.uexp" 84
"../../../Engine/Content/EditorMaterials/MatineeGroups/MAT_Groups_AudioMaster.uasset" 85
"../../../Engine/Content/EditorMaterials/MatineeGroups/MAT_Groups_AudioMaster.uexp" 86
"../../../Engine/Content/EditorMaterials/MatineeGroups/MAT_Groups_Anim.uasset" 87
"../../../Engine/Content/EditorMaterials/MatineeGroups/MAT_Groups_Anim.uexp" 88
"../../../Engine/Content/EditorMaterials/MatineeGroups/MAT_ColorTrack.uasset" 89
"../../../Engine/Content/EditorMaterials/MatineeGroups/MAT_ColorTrack.uexp" 90
"../../../Engine/Content/EditorMaterials/Camera/CineMat.uasset" 91
"../../../Engine/Content/EditorMaterials/Camera/CineMat.uexp" 92
"../../../Engine/Content/EditorMaterials/Camera/MI_CineMat_Rig.uasset" 93
"../../../Engine/Content/EditorMaterials/Camera/MI_CineMat_Rig.uexp" 94
"../../../Engine/Content/EditorMeshes/Camera/SM_RailRig_Track.uasset" 95
"../../../Engine/Content/EditorMeshes/Camera/SM_RailRig_Track.ubulk" 96
"../../../Engine/Content/EditorMeshes/Camera/SM_RailRig_Track.uexp" 97
"../../../Engine/Content/EditorMeshes/Camera/SM_RailRig_Mount.uasset" 98
"../../../Engine/Content/EditorMeshes/Camera/SM_RailRig_Mount.ubulk" 99
"../../../Engine/Content/EditorMeshes/Camera/SM_RailRig_Mount.uexp" 100
"../../../Engine/Content/EditorMeshes/Camera/SM_CraneRig_Mount.uasset" 101
"../../../Engine/Content/EditorMeshes/Camera/SM_CraneRig_Mount.ubulk" 102
"../../../Engine/Content/EditorMeshes/Camera/SM_CraneRig_Mount.uexp" 103
"../../../Engine/Content/EditorMeshes/Camera/SM_CraneRig_Body.uasset" 104
"../../../Engine/Content/EditorMeshes/Camera/SM_CraneRig_Body.ubulk" 105
"../../../Engine/Content/EditorMeshes/Camera/SM_CraneRig_Body.uexp" 106
"../../../Engine/Content/EditorMeshes/Camera/SM_CraneRig_Base.uasset" 107
"../../../Engine/Content/EditorMeshes/Camera/SM_CraneRig_Base.ubulk" 108
"../../../Engine/Content/EditorMeshes/Camera/SM_CraneRig_Base.uexp" 109
"../../../Engine/Content/EditorMeshes/Camera/SM_CraneRig_Arm.uasset" 110
"../../../Engine/Content/EditorMeshes/Camera/SM_CraneRig_Arm.ubulk" 111
"../../../Engine/Content/EditorMeshes/Camera/SM_CraneRig_Arm.uexp" 112
"../../../Engine/Content/EditorResources/S_Actor.uasset" 113
"../../../Engine/Content/EditorResources/S_Actor.ubulk" 114
"../../../Engine/Content/EditorResources/S_Actor.uexp" 115
"../../../Engine/Content/EditorResources/S_TriggerSphere.uasset" 116
"../../../Engine/Content/EditorResources/S_TriggerSphere.uexp" 117
"../../../Engine/Content/EditorResources/S_TriggerCapsule.uasset" 118
"../../../Engine/Content/EditorResources/S_TriggerCapsule.uexp" 119
"../../../Engine/Content/EditorResources/S_TriggerBox.uasset" 120
"../../../Engine/Content/EditorResources/S_TriggerBox.uexp" 121
"../../../Engine/Content/EditorResources/S_Trigger.uasset" 122
"../../../Engine/Content/EditorResources/S_Trigger.ubulk" 123
"../../../Engine/Content/EditorResources/S_Trigger.uexp" 124
"../../../Engine/Content/EditorResources/S_Terrain.uasset" 125
"../../../Engine/Content/EditorResources/S_Terrain.ubulk" 126
"../../../Engine/Content/EditorResources/S_Terrain.uexp" 127
"../../../Engine/Content/EditorResources/S_Solver.uasset" 128
"../../../Engine/Content/EditorResources/S_Solver.ubulk" 129
"../../../Engine/Content/EditorResources/S_Solver.uexp" 130
"../../../Engine/Content/EditorResources/S_BoxReflectionCapture.uasset" 131
"../../../Engine/Content/EditorResources/S_BoxReflectionCapture.uexp" 132
"../../../Engine/Content/EditorResources/BSPVertex.uasset" 133
"../../../Engine/Content/EditorResources/BSPVertex.uexp" 134
"../../../Engine/Content/EditorResources/SequenceRecorder/RecordingIndicator.uasset" 135
"../../../Engine/Content/EditorResources/SequenceRecorder/RecordingIndicator.uexp" 136
"../../../Engine/Content/EditorResources/SequenceRecorder/Countdown.uasset" 137
"../../../Engine/Content/EditorResources/SequenceRecorder/Countdown.uexp" 138
"../../../Engine/Content/EngineDamageTypes/DmgTypeBP_Environmental.uasset" 139
"../../../Engine/Content/EngineDamageTypes/DmgTypeBP_Environmental.uexp" 140
"../../../Engine/Content/Functions/Engine_MaterialFunctions02/Utility/CameraDirectionVector.uasset" 141
"../../../Engine/Content/Functions/Engine_MaterialFunctions02/Utility/CameraDirectionVector.uexp" 142
"../../../Engine/Content/EngineDebugMaterials/VolumeToRender.uasset" 143
"../../../Engine/Content/EngineDebugMaterials/VolumeToRender.uexp" 144
"../../../Engine/Content/EngineDebugMaterials/M_VolumeRenderSphereTracePP.uasset" 145
"../../../Engine/Content/EngineDebugMaterials/M_VolumeRenderSphereTracePP.uexp" 146
"../../../Engine/Content/EngineDebugMaterials/M_SimpleUnlitTranslucent.uasset" 147
"../../../Engine/Content/EngineDebugMaterials/M_SimpleUnlitTranslucent.uexp" 148
"../../../Engine/Content/EngineFonts/Faces/RobotoLight.uasset" 149
"../../../Engine/Content/EngineFonts/Faces/RobotoLight.ufont" 150
"../../../Engine/Content/EngineFonts/Faces/RobotoLight.uexp" 151
"../../../Engine/Content/EngineFonts/Faces/RobotoBold.uasset" 152
"../../../Engine/Content/EngineFonts/Faces/RobotoBold.ufont" 153
"../../../Engine/Content/EngineFonts/Faces/RobotoBold.uexp" 154
"../../../Engine/Content/EngineFonts/Faces/RobotoRegular.uasset" 155
"../../../Engine/Content/EngineFonts/Faces/RobotoRegular.ufont" 156
"../../../Engine/Content/EngineFonts/Faces/RobotoRegular.uexp" 157
"../../../Engine/Content/EngineFonts/Faces/DroidSansFallback.uasset" 158
"../../../Engine/Content/EngineFonts/Faces/DroidSansFallback.ufont" 159
"../../../Engine/Content/EngineFonts/Faces/DroidSansFallback.uexp" 160
"../../../Engine/Content/EngineFonts/Faces/RobotoItalic.uasset" 161
"../../../Engine/Content/EngineFonts/Faces/RobotoItalic.ufont" 162
"../../../Engine/Content/EngineFonts/Faces/RobotoItalic.uexp" 163
"../../../Engine/Content/EngineFonts/Faces/RobotoBoldItalic.uasset" 164
"../../../Engine/Content/EngineFonts/Faces/RobotoBoldItalic.ufont" 165
"../../../Engine/Content/EngineFonts/Faces/RobotoBoldItalic.uexp" 166
"../../../Engine/Content/EngineFonts/Roboto.uasset" 167
"../../../Engine/Content/EngineFonts/Roboto.uexp" 168
"../../../Engine/Content/EngineDebugMaterials/DebugMeshMaterial.uasset" 169
"../../../Engine/Content/EngineDebugMaterials/DebugMeshMaterial.uexp" 170
"../../../Engine/Content/EngineDebugMaterials/DebugEditorMaterial.uasset" 171
"../../../Engine/Content/EngineDebugMaterials/DebugEditorMaterial.uexp" 172
"../../../Engine/Content/EngineMaterials/DefaultBloomKernel.uasset" 173
"../../../Engine/Content/EngineMaterials/DefaultBloomKernel.uexp" 174
"../../../Engine/Content/EngineResources/WhiteSquareTexture.uasset" 175
"../../../Engine/Content/EngineResources/WhiteSquareTexture.uexp" 176
"../../../Engine/Content/EngineMaterials/Widget3DPassThrough.uasset" 177
"../../../Engine/Content/EngineMaterials/Widget3DPassThrough.uexp" 178
"../../../Engine/Content/EngineMaterials/Widget3DPassThrough_Translucent.uasset" 179
"../../../Engine/Content/EngineMaterials/Widget3DPassThrough_Translucent.uexp" 180
"../../../Engine/Content/EngineMaterials/Widget3DPassThrough_Translucent_OneSided.uasset" 181
"../../../Engine/Content/EngineMaterials/Widget3DPassThrough_Translucent_OneSided.uexp" 182
"../../../Engine/Content/EngineMaterials/Widget3DPassThrough_Opaque.uasset" 183
"../../../Engine/Content/EngineMaterials/Widget3DPassThrough_Opaque.uexp" 184
"../../../Engine/Content/EngineMaterials/Widget3DPassThrough_Opaque_OneSided.uasset" 185
"../../../Engine/Content/EngineMaterials/Widget3DPassThrough_Opaque_OneSided.uexp" 186
"../../../Engine/Content/EngineMaterials/Widget3DPassThrough_Masked_OneSided.uasset" 187
"../../../Engine/Content/EngineMaterials/Widget3DPassThrough_Masked_OneSided.uexp" 188
"../../../Engine/Content/EngineMaterials/Widget3DPassThrough_Masked.uasset" 189
"../../../Engine/Content/EngineMaterials/Widget3DPassThrough_Masked.uexp" 190
"../../../Engine/Content/EngineMaterials/WeightMapPlaceholderTexture.uasset" 191
"../../../Engine/Content/EngineMaterials/WeightMapPlaceholderTexture.uexp" 192
"../../../Engine/Content/EngineMaterials/RemoveSurfaceMaterial.uasset" 193
"../../../Engine/Content/EngineMaterials/RemoveSurfaceMaterial.uexp" 194
"../../../Engine/Content/EngineMaterials/PreintegratedSkinBRDF.uasset" 195
"../../../Engine/Content/EngineMaterials/PreintegratedSkinBRDF.uexp" 196
"../../../Engine/Content/EngineMeshes/Sphere.uasset" 197
"../../../Engine/Content/EngineMeshes/Sphere.ubulk" 198
"../../../Engine/Content/EngineMeshes/Sphere.uexp" 199
"../../../Engine/Content/EngineMeshes/Cylinder.uasset" 200
"../../../Engine/Content/EngineMeshes/Cylinder.ubulk" 201
"../../../Engine/Content/EngineMeshes/Cylinder.uexp" 202
"../../../Engine/Content/Functions/Engine_MaterialFunctions02/WorldPositionOffset/CameraOffset.uasset" 203
"../../../Engine/Content/Functions/Engine_MaterialFunctions02/WorldPositionOffset/CameraOffset.uexp" 204
"../../../Engine/Content/EngineMaterials/PhAT_JointLimitMaterial.uasset" 205
"../../../Engine/Content/EngineMaterials/PhAT_JointLimitMaterial.uexp" 206
"../../../Engine/Content/EngineMaterials/DefaultCalibrationGrayscale.uasset" 207
"../../../Engine/Content/EngineMaterials/DefaultCalibrationGrayscale.uexp" 208
"../../../Engine/Content/EngineMaterials/PPM_DefaultCalibrationGrayscale.uasset" 209
"../../../Engine/Content/EngineMaterials/PPM_DefaultCalibrationGrayscale.uexp" 210
"../../../Engine/Content/EngineMaterials/DefaultCalibrationColor.uasset" 211
"../../../Engine/Content/EngineMaterials/DefaultCalibrationColor.uexp" 212
"../../../Engine/Content/EngineMaterials/PPM_DefaultCalibrationColor.uasset" 213
"../../../Engine/Content/EngineMaterials/PPM_DefaultCalibrationColor.uexp" 214
"../../../Engine/Content/EngineMaterials/MiniFont.uasset" 215
"../../../Engine/Content/EngineMaterials/MiniFont.uexp" 216
"../../../Engine/Content/EngineMaterials/InvalidLightmapSettings.uasset" 217
"../../../Engine/Content/EngineMaterials/InvalidLightmapSettings.ubulk" 218
"../../../Engine/Content/EngineMaterials/InvalidLightmapSettings.uexp" 219
"../../../Engine/Content/EngineMaterials/M_InvalidLightmapSettings.uasset" 220
"../../../Engine/Content/EngineMaterials/M_InvalidLightmapSettings.uexp" 221
"../../../Engine/Content/EngineMaterials/Good64x64TilingNoiseHighFreq.uasset" 222
"../../../Engine/Content/EngineMaterials/Good64x64TilingNoiseHighFreq.uexp" 223
"../../../Engine/Content/EngineMaterials/GizmoMaterial.uasset" 224
"../../../Engine/Content/EngineMaterials/GizmoMaterial.uexp" 225
"../../../Engine/Content/EngineMaterials/DefaultWhiteGrid_Low.uasset" 226
"../../../Engine/Content/EngineMaterials/DefaultWhiteGrid_Low.uexp" 227
"../../../Engine/Content/EngineMaterials/EmissiveMeshMaterial.uasset" 228
"../../../Engine/Content/EngineMaterials/EmissiveMeshMaterial.uexp" 229
"../../../Engine/Content/EngineMaterials/DefaultWhiteGrid.uasset" 230
"../../../Engine/Content/EngineMaterials/DefaultWhiteGrid.ubulk" 231
"../../../Engine/Content/EngineMaterials/DefaultWhiteGrid.uexp" 232
"../../../Engine/Content/EngineFonts/RobotoDistanceField.uasset" 233
"../../../Engine/Content/EngineFonts/RobotoDistanceField.uexp" 234
"../../../Engine/Content/EngineMaterials/DefaultTextMaterialOpaque.uasset" 235
"../../../Engine/Content/EngineMaterials/DefaultTextMaterialOpaque.uexp" 236
"../../../Engine/Content/EngineMaterials/DefaultDiffuse.uasset" 237
"../../../Engine/Content/EngineMaterials/DefaultDiffuse.ubulk" 238
"../../../Engine/Content/EngineMaterials/DefaultDiffuse.uexp" 239
"../../../Engine/Content/Functions/Engine_MaterialFunctions02/Utility/BreakOutFloat2Components.uasset" 240
"../../../Engine/Content/Functions/Engine_MaterialFunctions02/Utility/BreakOutFloat2Components.uexp" 241
"../../../Engine/Content/EngineMaterials/DefaultPostProcessMaterial.uasset" 242
"../../../Engine/Content/EngineMaterials/DefaultPostProcessMaterial.uexp" 243
"../../../Engine/Content/EngineMaterials/DefaultLightFunctionMaterial.uasset" 244
"../../../Engine/Content/EngineMaterials/DefaultLightFunctionMaterial.uexp" 245
"../../../Engine/Content/EngineMaterials/DefaultDeferredDecalMaterial.uasset" 246
"../../../Engine/Content/EngineMaterials/DefaultDeferredDecalMaterial.uexp" 247
"../../../Engine/Content/EngineResources/GradientTexture0.uasset" 248
"../../../Engine/Content/EngineResources/GradientTexture0.uexp" 249
"../../../Engine/Content/EngineResources/DefaultTextureCube.uasset" 250
"../../../Engine/Content/EngineResources/DefaultTextureCube.uexp" 251
"../../../Engine/Content/EngineResources/DefaultTexture.uasset" 252
"../../../Engine/Content/EngineResources/DefaultTexture.ubulk" 253
"../../../Engine/Content/EngineResources/DefaultTexture.uexp" 254
"../../../Engine/Content/EngineResources/DefaultVolumeTexture2D.uasset" 255
"../../../Engine/Content/EngineResources/DefaultVolumeTexture2D.uexp" 256
"../../../Engine/Content/EngineResources/DefaultVolumeTexture.uasset" 257
"../../../Engine/Content/EngineResources/DefaultVolumeTexture.uexp" 258
"../../../Engine/Content/EngineResources/Black.uasset" 259
"../../../Engine/Content/EngineResources/Black.uexp" 260
"../../../Engine/Content/EngineMaterials/DefaultBokeh.uasset" 261
"../../../Engine/Content/EngineMaterials/DefaultBokeh.uexp" 262
"../../../Engine/Content/EngineResources/FilmGrains/Marcie_Grain_v3_128_M2_000.uasset" 263
"../../../Engine/Content/EngineResources/FilmGrains/Marcie_Grain_v3_128_M2_000.uexp" 264
"../../../Engine/Content/EngineMaterials/BaseFlattenEmissiveMap_VT.uasset" 265
"../../../Engine/Content/EngineMaterials/BaseFlattenEmissiveMap_VT.uexp" 266
"../../../Engine/Content/EngineMaterials/BaseFlattenGrayscaleMap_VT.uasset" 267
"../../../Engine/Content/EngineMaterials/BaseFlattenGrayscaleMap_VT.uexp" 268
"../../../Engine/Content/EngineMaterials/BaseFlattenLinearColor_VT.uasset" 269
"../../../Engine/Content/EngineMaterials/BaseFlattenLinearColor_VT.uexp" 270
"../../../Engine/Content/EngineMaterials/Black_1x1_EXR_Texture_VT.uasset" 271
"../../../Engine/Content/EngineMaterials/Black_1x1_EXR_Texture_VT.uexp" 272
"../../../Engine/Content/EngineMaterials/BaseFlattenDiffuseMap_VT.uasset" 273
"../../../Engine/Content/EngineMaterials/BaseFlattenDiffuseMap_VT.uexp" 274
"../../../Engine/Content/EngineMaterials/BaseFlattenNormalMap_VT.uasset" 275
"../../../Engine/Content/EngineMaterials/BaseFlattenNormalMap_VT.uexp" 276
"../../../Engine/Content/EngineMaterials/FlattenMaterial_WS_Normal_VT.uasset" 277
"../../../Engine/Content/EngineMaterials/FlattenMaterial_WS_Normal_VT.uexp" 278
"../../../Engine/Content/EngineMaterials/FlattenMaterial_VT.uasset" 279
"../../../Engine/Content/EngineMaterials/FlattenMaterial_VT.uexp" 280
"../../../Engine/Content/EngineMaterials/BaseFlattenNormalMap.uasset" 281
"../../../Engine/Content/EngineMaterials/BaseFlattenNormalMap.uexp" 282
"../../../Engine/Content/EngineMaterials/BaseFlattenGrayscaleMap.uasset" 283
"../../../Engine/Content/EngineMaterials/BaseFlattenGrayscaleMap.uexp" 284
"../../../Engine/Content/EngineMaterials/BaseFlattenDiffuseMap.uasset" 285
"../../../Engine/Content/EngineMaterials/BaseFlattenDiffuseMap.uexp" 286
"../../../Engine/Content/Functions/Engine_MaterialFunctions02/PivotPainter2/Black_1x1_EXR_Texture.uasset" 287
"../../../Engine/Content/Functions/Engine_MaterialFunctions02/PivotPainter2/Black_1x1_EXR_Texture.uexp" 288
"../../../Engine/Content/EngineMaterials/BaseFlattenEmissiveMap.uasset" 289
"../../../Engine/Content/EngineMaterials/BaseFlattenEmissiveMap.uexp" 290
"../../../Engine/Content/EngineMaterials/BaseFlattenLinearColor.uasset" 291
"../../../Engine/Content/EngineMaterials/BaseFlattenLinearColor.uexp" 292
"../../../Engine/Content/EngineMaterials/FlattenMaterial.uasset" 293
"../../../Engine/Content/EngineMaterials/FlattenMaterial.uexp" 294
"../../../Engine/Content/EngineMaterials/BlueNoise.uasset" 295
"../../../Engine/Content/EngineMaterials/BlueNoise.uexp" 296
"../../../Engine/Content/EngineMaterials/DefaultPhysicalMaterial.uasset" 297
"../../../Engine/Content/EngineMaterials/DefaultPhysicalMaterial.uexp" 298
"../../../Engine/Content/EngineMaterials/DefaultDestructiblePhysicalMaterial.uasset" 299
"../../../Engine/Content/EngineMaterials/DefaultDestructiblePhysicalMaterial.uexp" 300
"../../../Engine/Content/EngineSky/VolumetricClouds/CloudWeatherTexture.uasset" 301
"../../../Engine/Content/EngineSky/VolumetricClouds/CloudWeatherTexture.uexp" 302
"../../../Engine/Content/Functions/Engine_MaterialFunctions02/Utility/MakeFloat2.uasset" 303
"../../../Engine/Content/Functions/Engine_MaterialFunctions02/Utility/MakeFloat2.uexp" 304
"../../../Engine/Content/EngineSky/VolumetricClouds/CloudGradientTexture.uasset" 305
"../../../Engine/Content/EngineSky/VolumetricClouds/CloudGradientTexture.uexp" 306
"../../../Engine/Content/EngineSky/VolumetricClouds/T_NoiseShape64.uasset" 307
"../../../Engine/Content/EngineSky/VolumetricClouds/T_NoiseShape64.ubulk" 308
"../../../Engine/Content/EngineSky/VolumetricClouds/T_NoiseShape64.uexp" 309
"../../../Engine/Content/EngineSky/VolumetricClouds/T_VolumeNoiseShape64.uasset" 310
"../../../Engine/Content/EngineSky/VolumetricClouds/T_VolumeNoiseShape64.uexp" 311
"../../../Engine/Content/EngineSky/VolumetricClouds/T_NoiseErosion.uasset" 312
"../../../Engine/Content/EngineSky/VolumetricClouds/T_NoiseErosion.ubulk" 313
"../../../Engine/Content/EngineSky/VolumetricClouds/T_NoiseErosion.uexp" 314
"../../../Engine/Content/EngineSky/VolumetricClouds/T_VolumeNoiseErosion32.uasset" 315
"../../../Engine/Content/EngineSky/VolumetricClouds/T_VolumeNoiseErosion32.uexp" 316
"../../../Engine/Content/EngineSky/VolumetricClouds/m_SimpleVolumetricCloud.uasset" 317
"../../../Engine/Content/EngineSky/VolumetricClouds/m_SimpleVolumetricCloud.uexp" 318
"../../../Engine/Content/EngineSky/VolumetricClouds/m_SimpleVolumetricCloud_Inst.uasset" 319
"../../../Engine/Content/EngineSky/VolumetricClouds/m_SimpleVolumetricCloud_Inst.uexp" 320
"../../../Engine/Content/EngineSounds/Master.uasset" 321
"../../../Engine/Content/EngineSounds/Master.uexp" 322
"../../../Engine/Content/Functions/Engine_MaterialFunctions01/Shading/PowerToRoughness.uasset" 323
"../../../Engine/Content/Functions/Engine_MaterialFunctions01/Shading/PowerToRoughness.uexp" 324
"../../../Engine/Content/Functions/Engine_MaterialFunctions01/Shading/ConvertFromDiffSpec.uasset" 325
"../../../Engine/Content/Functions/Engine_MaterialFunctions01/Shading/ConvertFromDiffSpec.uexp" 326
"../../../Engine/Content/MobileResources/HUD/VirtualJoystick_Background.uasset" 327
"../../../Engine/Content/MobileResources/HUD/VirtualJoystick_Background.uexp" 328
"../../../Engine/Content/MobileResources/HUD/VirtualJoystick_Thumb.uasset" 329
"../../../Engine/Content/MobileResources/HUD/VirtualJoystick_Thumb.uexp" 330
"../../../Engine/Content/MobileResources/HUD/DefaultVirtualJoysticks.uasset" 331
"../../../Engine/Content/MobileResources/HUD/DefaultVirtualJoysticks.uexp" 332
"../../../Engine/Content/OpenWorldTemplate/HLOD/HLOD0_Instancing.uasset" 333
"../../../Engine/Content/OpenWorldTemplate/HLOD/HLOD0_Instancing.uexp" 334
"../../../Engine/Content/EngineMaterials/BlendFunc_DefBlend.uasset" 335
"../../../Engine/Content/EngineMaterials/BlendFunc_DefBlend.uexp" 336
"../../../Engine/Content/EngineMaterials/BlendFunc_DefBase.uasset" 337
"../../../Engine/Content/EngineMaterials/BlendFunc_DefBase.uexp" 338
"../../../Engine/Content/Functions/Engine_MaterialFunctions03/Blends/Blend_Overlay.uasset" 339
"../../../Engine/Content/Functions/Engine_MaterialFunctions03/Blends/Blend_Overlay.uexp" 340
"../../../Engine/Content/OpenWorldTemplate/LandscapeMaterial/T_GridChecker_A.uasset" 341
"../../../Engine/Content/OpenWorldTemplate/LandscapeMaterial/T_GridChecker_A.ubulk" 342
"../../../Engine/Content/OpenWorldTemplate/LandscapeMaterial/T_GridChecker_A.uexp" 343
"../../../Engine/Content/Functions/Engine_MaterialFunctions01/Gradient/LinearGradient.uasset" 344
"../../../Engine/Content/Functions/Engine_MaterialFunctions01/Gradient/LinearGradient.uexp" 345
"../../../Engine/Content/Functions/Engine_MaterialFunctions01/ImageAdjustment/CheapContrast.uasset" 346
"../../../Engine/Content/Functions/Engine_MaterialFunctions01/ImageAdjustment/CheapContrast.uexp" 347
"../../../Engine/Content/OpenWorldTemplate/LandscapeMaterial/MF_ProcGrid.uasset" 348
"../../../Engine/Content/OpenWorldTemplate/LandscapeMaterial/MF_ProcGrid.uexp" 349
"../../../Engine/Content/OpenWorldTemplate/LandscapeMaterial/M_ProcGrid.uasset" 350
"../../../Engine/Content/OpenWorldTemplate/LandscapeMaterial/M_ProcGrid.uexp" 351
"../../../Engine/Content/Tutorial/ContentIntroCurve.uasset" 352
"../../../Engine/Content/Tutorial/ContentIntroCurve.uexp" 353
"../../../Engine/Content/VREditor/LaserPointer/VR_LaserPower_01.uasset" 354
"../../../Engine/Content/VREditor/LaserPointer/VR_LaserPower_01.ubulk" 355
"../../../Engine/Content/VREditor/LaserPointer/VR_LaserPower_01.uexp" 356
"../../../Engine/Content/VREditor/TransformGizmo/TransformGizmoMaterial.uasset" 357
"../../../Engine/Content/VREditor/TransformGizmo/TransformGizmoMaterial.uexp" 358
"../../../Engine/Content/VREditor/TransformGizmo/TranslucentTransformGizmoMaterial.uasset" 359
"../../../Engine/Content/VREditor/TransformGizmo/TranslucentTransformGizmoMaterial.uexp" 360
"../../../Engine/Content/VREditor/TransformGizmo/PlaneTranslationHandle.uasset" 361
"../../../Engine/Content/VREditor/TransformGizmo/PlaneTranslationHandle.ubulk" 362
"../../../Engine/Content/VREditor/TransformGizmo/PlaneTranslationHandle.uexp" 363
"../../../Engine/Content/VREditor/TransformGizmo/BoundingBoxEdge.uasset" 364
"../../../Engine/Content/VREditor/TransformGizmo/BoundingBoxEdge.ubulk" 365
"../../../Engine/Content/VREditor/TransformGizmo/BoundingBoxEdge.uexp" 366
"../../../Engine/Content/VREditor/TransformGizmo/BoundingBoxCorner.uasset" 367
"../../../Engine/Content/VREditor/TransformGizmo/BoundingBoxCorner.ubulk" 368
"../../../Engine/Content/VREditor/TransformGizmo/BoundingBoxCorner.uexp" 369
"../../../Engine/Content/VREditor/TransformGizmo/Main.uasset" 370
"../../../Engine/Content/VREditor/TransformGizmo/Main.uexp" 371
"../../../Engine/Content/VREditor/TransformGizmo/Xray.uasset" 372
"../../../Engine/Content/VREditor/TransformGizmo/Xray.uexp" 373
"../../../Engine/Content/VREditor/TransformGizmo/SM_Sequencer_Node.uasset" 374
"../../../Engine/Content/VREditor/TransformGizmo/SM_Sequencer_Node.ubulk" 375
"../../../Engine/Content/VREditor/TransformGizmo/SM_Sequencer_Node.uexp" 376
"../../../Engine/Plugins/2D/Paper2D/Content/PlaceholderTextures/DummySpriteTexture.uasset" 377
"../../../Engine/Plugins/2D/Paper2D/Content/PlaceholderTextures/DummySpriteTexture.ubulk" 378
"../../../Engine/Plugins/2D/Paper2D/Content/PlaceholderTextures/DummySpriteTexture.uexp" 379
"../../../Engine/Plugins/2D/Paper2D/Content/DefaultSpriteMaterial.uasset" 380
"../../../Engine/Plugins/2D/Paper2D/Content/DefaultSpriteMaterial.uexp" 381
"../../../Engine/Plugins/2D/Paper2D/Content/OpaqueUnlitSpriteMaterial.uasset" 382
"../../../Engine/Plugins/2D/Paper2D/Content/OpaqueUnlitSpriteMaterial.uexp" 383
"../../../Engine/Plugins/2D/Paper2D/Content/MaskedUnlitSpriteMaterial.uasset" 384
"../../../Engine/Plugins/2D/Paper2D/Content/MaskedUnlitSpriteMaterial.uexp" 385
"../../../Engine/Plugins/2D/Paper2D/Content/DummySprite.uasset" 386
"../../../Engine/Plugins/2D/Paper2D/Content/DummySprite.uexp" 387
"../../../Engine/Plugins/2D/Paper2D/Content/DefaultPaperTerrainMaterial.uasset" 388
"../../../Engine/Plugins/2D/Paper2D/Content/DefaultPaperTerrainMaterial.uexp" 389
"../../../Engine/Plugins/Animation/ControlRig/Content/M_Manip.uasset" 390
"../../../Engine/Plugins/Animation/ControlRig/Content/M_Manip.uexp" 391
"../../../Engine/Plugins/Animation/ControlRig/Content/Controls/ControlRig_Wedge_solid.uasset" 392
"../../../Engine/Plugins/Animation/ControlRig/Content/Controls/ControlRig_Wedge_solid.ubulk" 393
"../../../Engine/Plugins/Animation/ControlRig/Content/Controls/ControlRig_Wedge_solid.uexp" 394
"../../../Engine/Plugins/Animation/ControlRig/Content/Controls/ControlRig_Wedge_3mm.uasset" 395
"../../../Engine/Plugins/Animation/ControlRig/Content/Controls/ControlRig_Wedge_3mm.ubulk" 396
"../../../Engine/Plugins/Animation/ControlRig/Content/Controls/ControlRig_Wedge_3mm.uexp" 397
"../../../Engine/Plugins/Animation/ControlRig/Content/Controls/ControlRig_Wedge_1mm.uasset" 398
"../../../Engine/Plugins/Animation/ControlRig/Content/Controls/ControlRig_Wedge_1mm.ubulk" 399
"../../../Engine/Plugins/Animation/ControlRig/Content/Controls/ControlRig_Wedge_1mm.uexp" 400
"../../../Engine/Plugins/Animation/ControlRig/Content/Controls/ControlRig_Triangle_solid.uasset" 401
"../../../Engine/Plugins/Animation/ControlRig/Content/Controls/ControlRig_Triangle_solid.ubulk" 402
"../../../Engine/Plugins/Animation/ControlRig/Content/Controls/ControlRig_Triangle_solid.uexp" 403
"../../../Engine/Plugins/Animation/ControlRig/Content/Controls/ControlRig_Triangle_3mm.uasset" 404
"../../../Engine/Plugins/Animation/ControlRig/Content/Controls/ControlRig_Triangle_3mm.ubulk" 405
"../../../Engine/Plugins/Animation/ControlRig/Content/Controls/ControlRig_Triangle_3mm.uexp" 406
"../../../Engine/Plugins/Animation/ControlRig/Content/Controls/ControlRig_Triangle_1mm.uasset" 407
"../../../Engine/Plugins/Animation/ControlRig/Content/Controls/ControlRig_Triangle_1mm.ubulk" 408
"../../../Engine/Plugins/Animation/ControlRig/Content/Controls/ControlRig_Triangle_1mm.uexp" 409
"../../../Engine/Plugins/Animation/ControlRig/Content/Controls/ControlRig_Star4_solid.uasset" 410
"../../../Engine/Plugins/Animation/ControlRig/Content/Controls/ControlRig_Star4_solid.ubulk" 411
"../../../Engine/Plugins/Animation/ControlRig/Content/Controls/ControlRig_Star4_solid.uexp" 412
"../../../Engine/Plugins/Animation/ControlRig/Content/Controls/ControlRig_Star4_3mm.uasset" 413
"../../../Engine/Plugins/Animation/ControlRig/Content/Controls/ControlRig_Star4_3mm.ubulk" 414
"../../../Engine/Plugins/Animation/ControlRig/Content/Controls/ControlRig_Star4_3mm.uexp" 415
"../../../Engine/Plugins/Animation/ControlRig/Content/Controls/ControlRig_Star4_1mm.uasset" 416
"../../../Engine/Plugins/Animation/ControlRig/Content/Controls/ControlRig_Star4_1mm.ubulk" 417
"../../../Engine/Plugins/Animation/ControlRig/Content/Controls/ControlRig_Star4_1mm.uexp" 418
"../../../Engine/Plugins/Animation/ControlRig/Content/Controls/ControlRig_Square_solid.uasset" 419
"../../../Engine/Plugins/Animation/ControlRig/Content/Controls/ControlRig_Square_solid.ubulk" 420
"../../../Engine/Plugins/Animation/ControlRig/Content/Controls/ControlRig_Square_solid.uexp" 421
"../../../Engine/Plugins/Animation/ControlRig/Content/Controls/ControlRig_Square_3mm.uasset" 422
"../../../Engine/Plugins/Animation/ControlRig/Content/Controls/ControlRig_Square_3mm.ubulk" 423
"../../../Engine/Plugins/Animation/ControlRig/Content/Controls/ControlRig_Square_3mm.uexp" 424
"../../../Engine/Plugins/Animation/ControlRig/Content/Controls/ControlRig_Square_1mm.uasset" 425
"../../../Engine/Plugins/Animation/ControlRig/Content/Controls/ControlRig_Square_1mm.ubulk" 426
"../../../Engine/Plugins/Animation/ControlRig/Content/Controls/ControlRig_Square_1mm.uexp" 427
"../../../Engine/Plugins/Animation/ControlRig/Content/Controls/ControlRig_Sphere_solid.uasset" 428
"../../../Engine/Plugins/Animation/ControlRig/Content/Controls/ControlRig_Sphere_solid.ubulk" 429
"../../../Engine/Plugins/Animation/ControlRig/Content/Controls/ControlRig_Sphere_solid.uexp" 430
"../../../Engine/Plugins/Animation/ControlRig/Content/Controls/ControlRig_Sphere_3mm.uasset" 431
"../../../Engine/Plugins/Animation/ControlRig/Content/Controls/ControlRig_Sphere_3mm.ubulk" 432
"../../../Engine/Plugins/Animation/ControlRig/Content/Controls/ControlRig_Sphere_3mm.uexp" 433
"../../../Engine/Plugins/Animation/ControlRig/Content/Controls/ControlRig_Sphere_1mm.uasset" 434
"../../../Engine/Plugins/Animation/ControlRig/Content/Controls/ControlRig_Sphere_1mm.ubulk" 435
"../../../Engine/Plugins/Animation/ControlRig/Content/Controls/ControlRig_Sphere_1mm.uexp" 436
"../../../Engine/Plugins/Animation/ControlRig/Content/Controls/ControlRig_RoundedTriangle_solid.uasset" 437
"../../../Engine/Plugins/Animation/ControlRig/Content/Controls/ControlRig_RoundedTriangle_solid.ubulk" 438
"../../../Engine/Plugins/Animation/ControlRig/Content/Controls/ControlRig_RoundedTriangle_solid.uexp" 439
"../../../Engine/Plugins/Animation/ControlRig/Content/Controls/ControlRig_RoundedTriangle_3mm.uasset" 440
"../../../Engine/Plugins/Animation/ControlRig/Content/Controls/ControlRig_RoundedTriangle_3mm.ubulk" 441
"../../../Engine/Plugins/Animation/ControlRig/Content/Controls/ControlRig_RoundedTriangle_3mm.uexp" 442
"../../../Engine/Plugins/Animation/ControlRig/Content/Controls/ControlRig_RoundedTriangle_1mm.uasset" 443
"../../../Engine/Plugins/Animation/ControlRig/Content/Controls/ControlRig_RoundedTriangle_1mm.ubulk" 444
"../../../Engine/Plugins/Animation/ControlRig/Content/Controls/ControlRig_RoundedTriangle_1mm.uexp" 445
"../../../Engine/Plugins/Animation/ControlRig/Content/Controls/ControlRig_RoundedSquare_solid.uasset" 446
"../../../Engine/Plugins/Animation/ControlRig/Content/Controls/ControlRig_RoundedSquare_solid.ubulk" 447
"../../../Engine/Plugins/Animation/ControlRig/Content/Controls/ControlRig_RoundedSquare_solid.uexp" 448
"../../../Engine/Plugins/Animation/ControlRig/Content/Controls/ControlRig_RoundedSquare_3mm.uasset" 449
"../../../Engine/Plugins/Animation/ControlRig/Content/Controls/ControlRig_RoundedSquare_3mm.ubulk" 450
"../../../Engine/Plugins/Animation/ControlRig/Content/Controls/ControlRig_RoundedSquare_3mm.uexp" 451
"../../../Engine/Plugins/Animation/ControlRig/Content/Controls/ControlRig_RoundedSquare_1mm.uasset" 452
"../../../Engine/Plugins/Animation/ControlRig/Content/Controls/ControlRig_RoundedSquare_1mm.ubulk" 453
"../../../Engine/Plugins/Animation/ControlRig/Content/Controls/ControlRig_RoundedSquare_1mm.uexp" 454
"../../../Engine/Plugins/Animation/ControlRig/Content/Controls/ControlRig_QuarterCircle_solid.uasset" 455
"../../../Engine/Plugins/Animation/ControlRig/Content/Controls/ControlRig_QuarterCircle_solid.ubulk" 456
"../../../Engine/Plugins/Animation/ControlRig/Content/Controls/ControlRig_QuarterCircle_solid.uexp" 457
"../../../Engine/Plugins/Animation/ControlRig/Content/Controls/ControlRig_QuarterCircle_3mm.uasset" 458
"../../../Engine/Plugins/Animation/ControlRig/Content/Controls/ControlRig_QuarterCircle_3mm.ubulk" 459
"../../../Engine/Plugins/Animation/ControlRig/Content/Controls/ControlRig_QuarterCircle_3mm.uexp" 460
"../../../Engine/Plugins/Animation/ControlRig/Content/Controls/ControlRig_QuarterCircle_1mm.uasset" 461
"../../../Engine/Plugins/Animation/ControlRig/Content/Controls/ControlRig_QuarterCircle_1mm.ubulk" 462
"../../../Engine/Plugins/Animation/ControlRig/Content/Controls/ControlRig_QuarterCircle_1mm.uexp" 463
"../../../Engine/Plugins/Animation/ControlRig/Content/Controls/ControlRig_Pyramid_solid.uasset" 464
"../../../Engine/Plugins/Animation/ControlRig/Content/Controls/ControlRig_Pyramid_solid.ubulk" 465
"../../../Engine/Plugins/Animation/ControlRig/Content/Controls/ControlRig_Pyramid_solid.uexp" 466
"../../../Engine/Plugins/Animation/ControlRig/Content/Controls/ControlRig_Pyramid_3mm.uasset" 467
"../../../Engine/Plugins/Animation/ControlRig/Content/Controls/ControlRig_Pyramid_3mm.ubulk" 468
"../../../Engine/Plugins/Animation/ControlRig/Content/Controls/ControlRig_Pyramid_3mm.uexp" 469
"../../../Engine/Plugins/Animation/ControlRig/Content/Controls/ControlRig_Pyramid_1mm.uasset" 470
"../../../Engine/Plugins/Animation/ControlRig/Content/Controls/ControlRig_Pyramid_1mm.ubulk" 471
"../../../Engine/Plugins/Animation/ControlRig/Content/Controls/ControlRig_Pyramid_1mm.uexp" 472
"../../../Engine/Plugins/Animation/ControlRig/Content/Controls/ControlRig_Octagon_solid.uasset" 473
"../../../Engine/Plugins/Animation/ControlRig/Content/Controls/ControlRig_Octagon_solid.ubulk" 474
"../../../Engine/Plugins/Animation/ControlRig/Content/Controls/ControlRig_Octagon_solid.uexp" 475
"../../../Engine/Plugins/Animation/ControlRig/Content/Controls/ControlRig_Octagon_3mm.uasset" 476
"../../../Engine/Plugins/Animation/ControlRig/Content/Controls/ControlRig_Octagon_3mm.ubulk" 477
"../../../Engine/Plugins/Animation/ControlRig/Content/Controls/ControlRig_Octagon_3mm.uexp" 478
"../../../Engine/Plugins/Animation/ControlRig/Content/Controls/ControlRig_Octagon_1mm.uasset" 479
"../../../Engine/Plugins/Animation/ControlRig/Content/Controls/ControlRig_Octagon_1mm.ubulk" 480
"../../../Engine/Plugins/Animation/ControlRig/Content/Controls/ControlRig_Octagon_1mm.uexp" 481
"../../../Engine/Plugins/Animation/ControlRig/Content/Controls/ControlRig_Hexagon_solid.uasset" 482
"../../../Engine/Plugins/Animation/ControlRig/Content/Controls/ControlRig_Hexagon_solid.ubulk" 483
"../../../Engine/Plugins/Animation/ControlRig/Content/Controls/ControlRig_Hexagon_solid.uexp" 484
"../../../Engine/Plugins/Animation/ControlRig/Content/Controls/ControlRig_Hexagon_3mm.uasset" 485
"../../../Engine/Plugins/Animation/ControlRig/Content/Controls/ControlRig_Hexagon_3mm.ubulk" 486
"../../../Engine/Plugins/Animation/ControlRig/Content/Controls/ControlRig_Hexagon_3mm.uexp" 487
"../../../Engine/Plugins/Animation/ControlRig/Content/Controls/ControlRig_Hexagon_1mm.uasset" 488
"../../../Engine/Plugins/Animation/ControlRig/Content/Controls/ControlRig_Hexagon_1mm.ubulk" 489
"../../../Engine/Plugins/Animation/ControlRig/Content/Controls/ControlRig_Hexagon_1mm.uexp" 490
"../../../Engine/Plugins/Animation/ControlRig/Content/Controls/ControlRig_HalfCircle_solid.uasset" 491
"../../../Engine/Plugins/Animation/ControlRig/Content/Controls/ControlRig_HalfCircle_solid.ubulk" 492
"../../../Engine/Plugins/Animation/ControlRig/Content/Controls/ControlRig_HalfCircle_solid.uexp" 493
"../../../Engine/Plugins/Animation/ControlRig/Content/Controls/ControlRig_HalfCircle_3mm.uasset" 494
"../../../Engine/Plugins/Animation/ControlRig/Content/Controls/ControlRig_HalfCircle_3mm.ubulk" 495
"../../../Engine/Plugins/Animation/ControlRig/Content/Controls/ControlRig_HalfCircle_3mm.uexp" 496
"../../../Engine/Plugins/Animation/ControlRig/Content/Controls/ControlRig_HalfCircle_1mm.uasset" 497
"../../../Engine/Plugins/Animation/ControlRig/Content/Controls/ControlRig_HalfCircle_1mm.ubulk" 498
"../../../Engine/Plugins/Animation/ControlRig/Content/Controls/ControlRig_HalfCircle_1mm.uexp" 499
"../../../Engine/Plugins/Animation/ControlRig/Content/Controls/ControlRig_Diamond_solid.uasset" 500
"../../../Engine/Plugins/Animation/ControlRig/Content/Controls/ControlRig_Diamond_solid.ubulk" 501
"../../../Engine/Plugins/Animation/ControlRig/Content/Controls/ControlRig_Diamond_solid.uexp" 502
"../../../Engine/Plugins/Animation/ControlRig/Content/Controls/ControlRig_Diamond_3mm.uasset" 503
"../../../Engine/Plugins/Animation/ControlRig/Content/Controls/ControlRig_Diamond_3mm.ubulk" 504
"../../../Engine/Plugins/Animation/ControlRig/Content/Controls/ControlRig_Diamond_3mm.uexp" 505
"../../../Engine/Plugins/Animation/ControlRig/Content/Controls/ControlRig_Diamond_1mm.uasset" 506
"../../../Engine/Plugins/Animation/ControlRig/Content/Controls/ControlRig_Diamond_1mm.ubulk" 507
"../../../Engine/Plugins/Animation/ControlRig/Content/Controls/ControlRig_Diamond_1mm.uexp" 508
"../../../Engine/Plugins/Animation/ControlRig/Content/Controls/ControlRig_Circle_solid.uasset" 509
"../../../Engine/Plugins/Animation/ControlRig/Content/Controls/ControlRig_Circle_solid.ubulk" 510
"../../../Engine/Plugins/Animation/ControlRig/Content/Controls/ControlRig_Circle_solid.uexp" 511
"../../../Engine/Plugins/Animation/ControlRig/Content/Controls/ControlRig_Circle_3mm.uasset" 512
"../../../Engine/Plugins/Animation/ControlRig/Content/Controls/ControlRig_Circle_3mm.ubulk" 513
"../../../Engine/Plugins/Animation/ControlRig/Content/Controls/ControlRig_Circle_3mm.uexp" 514
"../../../Engine/Plugins/Animation/ControlRig/Content/Controls/ControlRig_Circle_1mm.uasset" 515
"../../../Engine/Plugins/Animation/ControlRig/Content/Controls/ControlRig_Circle_1mm.ubulk" 516
"../../../Engine/Plugins/Animation/ControlRig/Content/Controls/ControlRig_Circle_1mm.uexp" 517
"../../../Engine/Plugins/Animation/ControlRig/Content/Controls/ControlRig_Box_solid.uasset" 518
"../../../Engine/Plugins/Animation/ControlRig/Content/Controls/ControlRig_Box_solid.ubulk" 519
"../../../Engine/Plugins/Animation/ControlRig/Content/Controls/ControlRig_Box_solid.uexp" 520
"../../../Engine/Plugins/Animation/ControlRig/Content/Controls/ControlRig_Box_3mm.uasset" 521
"../../../Engine/Plugins/Animation/ControlRig/Content/Controls/ControlRig_Box_3mm.ubulk" 522
"../../../Engine/Plugins/Animation/ControlRig/Content/Controls/ControlRig_Box_3mm.uexp" 523
"../../../Engine/Plugins/Animation/ControlRig/Content/Controls/ControlRig_Box_1mm.uasset" 524
"../../../Engine/Plugins/Animation/ControlRig/Content/Controls/ControlRig_Box_1mm.ubulk" 525
"../../../Engine/Plugins/Animation/ControlRig/Content/Controls/ControlRig_Box_1mm.uexp" 526
"../../../Engine/Plugins/Animation/ControlRig/Content/Controls/ControlRig_Arrow_solid.uasset" 527
"../../../Engine/Plugins/Animation/ControlRig/Content/Controls/ControlRig_Arrow_solid.ubulk" 528
"../../../Engine/Plugins/Animation/ControlRig/Content/Controls/ControlRig_Arrow_solid.uexp" 529
"../../../Engine/Plugins/Animation/ControlRig/Content/Controls/ControlRig_Arrow_3mm.uasset" 530
"../../../Engine/Plugins/Animation/ControlRig/Content/Controls/ControlRig_Arrow_3mm.ubulk" 531
"../../../Engine/Plugins/Animation/ControlRig/Content/Controls/ControlRig_Arrow_3mm.uexp" 532
"../../../Engine/Plugins/Animation/ControlRig/Content/Controls/ControlRig_Arrow_1mm.uasset" 533
"../../../Engine/Plugins/Animation/ControlRig/Content/Controls/ControlRig_Arrow_1mm.ubulk" 534
"../../../Engine/Plugins/Animation/ControlRig/Content/Controls/ControlRig_Arrow_1mm.uexp" 535
"../../../Engine/Plugins/Animation/ControlRig/Content/Controls/ControlRig_Arrow4_solid.uasset" 536
"../../../Engine/Plugins/Animation/ControlRig/Content/Controls/ControlRig_Arrow4_solid.ubulk" 537
"../../../Engine/Plugins/Animation/ControlRig/Content/Controls/ControlRig_Arrow4_solid.uexp" 538
"../../../Engine/Plugins/Animation/ControlRig/Content/Controls/ControlRig_Arrow4_3mm.uasset" 539
"../../../Engine/Plugins/Animation/ControlRig/Content/Controls/ControlRig_Arrow4_3mm.ubulk" 540
"../../../Engine/Plugins/Animation/ControlRig/Content/Controls/ControlRig_Arrow4_3mm.uexp" 541
"../../../Engine/Plugins/Animation/ControlRig/Content/Controls/ControlRig_Arrow4_1mm.uasset" 542
"../../../Engine/Plugins/Animation/ControlRig/Content/Controls/ControlRig_Arrow4_1mm.ubulk" 543
"../../../Engine/Plugins/Animation/ControlRig/Content/Controls/ControlRig_Arrow4_1mm.uexp" 544
"../../../Engine/Plugins/Animation/ControlRig/Content/Controls/ControlRig_Arrow2_solid.uasset" 545
"../../../Engine/Plugins/Animation/ControlRig/Content/Controls/ControlRig_Arrow2_solid.ubulk" 546
"../../../Engine/Plugins/Animation/ControlRig/Content/Controls/ControlRig_Arrow2_solid.uexp" 547
"../../../Engine/Plugins/Animation/ControlRig/Content/Controls/ControlRig_Arrow2_3mm.uasset" 548
"../../../Engine/Plugins/Animation/ControlRig/Content/Controls/ControlRig_Arrow2_3mm.ubulk" 549
"../../../Engine/Plugins/Animation/ControlRig/Content/Controls/ControlRig_Arrow2_3mm.uexp" 550
"../../../Engine/Plugins/Animation/ControlRig/Content/Controls/ControlRig_Arrow2_1mm.uasset" 551
"../../../Engine/Plugins/Animation/ControlRig/Content/Controls/ControlRig_Arrow2_1mm.ubulk" 552
"../../../Engine/Plugins/Animation/ControlRig/Content/Controls/ControlRig_Arrow2_1mm.uexp" 553
"../../../Engine/Plugins/Animation/ControlRig/Content/Controls/ControlRigGizmoMaterial.uasset" 554
"../../../Engine/Plugins/Animation/ControlRig/Content/Controls/ControlRigGizmoMaterial.uexp" 555
"../../../Engine/Plugins/Animation/ControlRig/Content/Controls/DefaultGizmoLibraryNormalized.uasset" 556
"../../../Engine/Plugins/Animation/ControlRig/Content/Controls/DefaultGizmoLibraryNormalized.uexp" 557
"../../../Engine/Plugins/Editor/SpeedTreeImporter/Content/SpeedTree9/game_wind_noise.uasset" 558
"../../../Engine/Plugins/Editor/SpeedTreeImporter/Content/SpeedTree9/game_wind_noise.ubulk" 559
"../../../Engine/Plugins/Editor/SpeedTreeImporter/Content/SpeedTree9/game_wind_noise.uexp" 560
"../../../Engine/Plugins/Editor/SpeedTreeImporter/Content/SpeedTree9/UnpackDirection.uasset" 561
"../../../Engine/Plugins/Editor/SpeedTreeImporter/Content/SpeedTree9/UnpackDirection.uexp" 562
"../../../Engine/Content/Functions/Engine_MaterialFunctions02/ObjectLocalBounds.uasset" 563
"../../../Engine/Content/Functions/Engine_MaterialFunctions02/ObjectLocalBounds.uexp" 564
"../../../Engine/Content/Functions/Engine_MaterialFunctions02/UVs/BoundingBoxBased_0-1_UVW.uasset" 565
"../../../Engine/Content/Functions/Engine_MaterialFunctions02/UVs/BoundingBoxBased_0-1_UVW.uexp" 566
"../../../Engine/Content/Functions/Engine_MaterialFunctions02/Utility/VectorLength.uasset" 567
"../../../Engine/Content/Functions/Engine_MaterialFunctions02/Utility/VectorLength.uexp" 568
"../../../Engine/Plugins/Editor/SpeedTreeImporter/Content/SpeedTree9/UnpackInteger3.uasset" 569
"../../../Engine/Plugins/Editor/SpeedTreeImporter/Content/SpeedTree9/UnpackInteger3.uexp" 570
"../../../Engine/Plugins/Editor/SpeedTreeImporter/Content/SpeedTree9/SpeedTreeCameraFacing.uasset" 571
"../../../Engine/Plugins/Editor/SpeedTreeImporter/Content/SpeedTree9/SpeedTreeCameraFacing.uexp" 572
"../../../Engine/Content/Functions/Engine_MaterialFunctions02/WorldPositionOffset/ObjectScale.uasset" 573
"../../../Engine/Content/Functions/Engine_MaterialFunctions02/WorldPositionOffset/ObjectScale.uexp" 574
"../../../Engine/Content/Functions/Engine_MaterialFunctions02/SafeNormalize.uasset" 575
"../../../Engine/Content/Functions/Engine_MaterialFunctions02/SafeNormalize.uexp" 576
"../../../Engine/Plugins/Editor/SpeedTreeImporter/Content/SpeedTree9/SpeedTreeWindMotion.uasset" 577
"../../../Engine/Plugins/Editor/SpeedTreeImporter/Content/SpeedTree9/SpeedTreeWindMotion.uexp" 578
"../../../Engine/Plugins/Editor/SpeedTreeImporter/Content/SpeedTree9/SpeedTreeBranchMotion.uasset" 579
"../../../Engine/Plugins/Editor/SpeedTreeImporter/Content/SpeedTree9/SpeedTreeBranchMotion.uexp" 580
"../../../Engine/Plugins/Editor/SpeedTreeImporter/Content/SpeedTree9/SpeedTreeWind.uasset" 581
"../../../Engine/Plugins/Editor/SpeedTreeImporter/Content/SpeedTree9/SpeedTreeWind.uexp" 582
"../../../Engine/Plugins/Editor/SpeedTreeImporter/Content/SpeedTree9/EmptyNormal.uasset" 583
"../../../Engine/Plugins/Editor/SpeedTreeImporter/Content/SpeedTree9/EmptyNormal.uexp" 584
"../../../Engine/Plugins/Editor/SpeedTreeImporter/Content/SpeedTree9/Empty.uasset" 585
"../../../Engine/Plugins/Editor/SpeedTreeImporter/Content/SpeedTree9/Empty.uexp" 586
"../../../Engine/Plugins/Editor/SpeedTreeImporter/Content/SpeedTree9/SpeedTreeMaster.uasset" 587
"../../../Engine/Plugins/Editor/SpeedTreeImporter/Content/SpeedTree9/SpeedTreeMaster.uexp" 588
"../../../Engine/Plugins/Editor/SpeedTreeImporter/Content/SpeedTree9/SpeedTreeBillboard.uasset" 589
"../../../Engine/Plugins/Editor/SpeedTreeImporter/Content/SpeedTree9/SpeedTreeBillboard.uexp" 590
"../../../Engine/Plugins/Editor/SpeedTreeImporter/Content/SpeedTree9/SpeedTreeBillboardMaster.uasset" 591
"../../../Engine/Plugins/Editor/SpeedTreeImporter/Content/SpeedTree9/SpeedTreeBillboardMaster.uexp" 592
"../../../Engine/Plugins/Runtime/HairStrands/Content/Materials/HairCardsDefaultMaterial.uasset" 593
"../../../Engine/Plugins/Runtime/HairStrands/Content/Materials/HairCardsDefaultMaterial.uexp" 594
"../../../Engine/Plugins/Runtime/HairStrands/Content/Materials/HairGroupColors.uasset" 595
"../../../Engine/Plugins/Runtime/HairStrands/Content/Materials/HairGroupColors.uexp" 596
"../../../Engine/Content/EngineMaterials/HairColorMap.uasset" 597
"../../../Engine/Content/EngineMaterials/HairColorMap.uexp" 598
"../../../Engine/Content/EngineMaterials/HairDebugColor.uasset" 599
"../../../Engine/Content/EngineMaterials/HairDebugColor.uexp" 600
"../../../Engine/Plugins/Runtime/HairStrands/Content/Materials/HairDebugMaterial.uasset" 601
"../../../Engine/Plugins/Runtime/HairStrands/Content/Materials/HairDebugMaterial.uexp" 602
"../../../Engine/Plugins/Runtime/HairStrands/Content/Materials/HairMeshesDefaultMaterial.uasset" 603
"../../../Engine/Plugins/Runtime/HairStrands/Content/Materials/HairMeshesDefaultMaterial.uexp" 604
"../../../Engine/Plugins/Runtime/HairStrands/Content/Materials/HairDefaultMaterial.uasset" 605
"../../../Engine/Plugins/Runtime/HairStrands/Content/Materials/HairDefaultMaterial.uexp" 606
"/home/ruby/Code Workspace/Unity/Just_A_Racing_Game/Content/ARCADE_FREE_Racing_Car/TestImport/LightsFront.uasset" 607
"/home/ruby/Code Workspace/Unity/Just_A_Racing_Game/Content/ARCADE_FREE_Racing_Car/TestImport/LightsFront.uexp" 608
"/home/ruby/Code Workspace/Unity/Just_A_Racing_Game/Content/ARCADE_FREE_Racing_Car/TestImport/NewCar_Skeleton.uasset" 609
"/home/ruby/Code Workspace/Unity/Just_A_Racing_Game/Content/ARCADE_FREE_Racing_Car/TestImport/NewCar_Skeleton.uexp" 610
"/home/ruby/Code Workspace/Unity/Just_A_Racing_Game/Content/ARCADE_FREE_Racing_Car/TestImport/NewCar_PhysicsAsset.uasset" 611
"/home/ruby/Code Workspace/Unity/Just_A_Racing_Game/Content/ARCADE_FREE_Racing_Car/TestImport/NewCar_PhysicsAsset.uexp" 612
"/home/ruby/Code Workspace/Unity/Just_A_Racing_Game/Content/ARCADE_FREE_Racing_Car/TestImport/Lights.uasset" 613
"/home/ruby/Code Workspace/Unity/Just_A_Racing_Game/Content/ARCADE_FREE_Racing_Car/TestImport/Lights.uexp" 614
"/home/ruby/Code Workspace/Unity/Just_A_Racing_Game/Content/ARCADE_FREE_Racing_Car/Textures/Free_Car_Texture_Atlas.uasset" 615
"/home/ruby/Code Workspace/Unity/Just_A_Racing_Game/Content/ARCADE_FREE_Racing_Car/Textures/Free_Car_Texture_Atlas.ubulk" 616
"/home/ruby/Code Workspace/Unity/Just_A_Racing_Game/Content/ARCADE_FREE_Racing_Car/Textures/Free_Car_Texture_Atlas.uexp" 617
"/home/ruby/Code Workspace/Unity/Just_A_Racing_Game/Content/ARCADE_FREE_Racing_Car/TestImport/Material_001.uasset" 618
"/home/ruby/Code Workspace/Unity/Just_A_Racing_Game/Content/ARCADE_FREE_Racing_Car/TestImport/Material_001.uexp" 619
"/home/ruby/Code Workspace/Unity/Just_A_Racing_Game/Content/ARCADE_FREE_Racing_Car/TestImport/NewCar.uasset" 620
"/home/ruby/Code Workspace/Unity/Just_A_Racing_Game/Content/ARCADE_FREE_Racing_Car/TestImport/NewCar.uexp" 621
"/home/ruby/Code Workspace/Unity/Just_A_Racing_Game/Content/ARCADE_FREE_Racing_Car/TestImport/CarWheelAnimationBP.uasset" 622
"/home/ruby/Code Workspace/Unity/Just_A_Racing_Game/Content/ARCADE_FREE_Racing_Car/TestImport/CarWheelAnimationBP.uexp" 623
"/home/ruby/Code Workspace/Unity/Just_A_Racing_Game/Content/ARCADE_FREE_Racing_Car/TestImport/RearWheel.uasset" 624
"/home/ruby/Code Workspace/Unity/Just_A_Racing_Game/Content/ARCADE_FREE_Racing_Car/TestImport/RearWheel.uexp" 625
"/home/ruby/Code Workspace/Unity/Just_A_Racing_Game/Content/ARCADE_FREE_Racing_Car/TestImport/FrontWheel.uasset" 626
"/home/ruby/Code Workspace/Unity/Just_A_Racing_Game/Content/ARCADE_FREE_Racing_Car/TestImport/FrontWheel.uexp" 627
"/home/ruby/Code Workspace/Unity/Just_A_Racing_Game/Content/ARCADE_FREE_Racing_Car/TestImport/CarBP.uasset" 628
"/home/ruby/Code Workspace/Unity/Just_A_Racing_Game/Content/ARCADE_FREE_Racing_Car/TestImport/CarBP.uexp" 629
"/home/ruby/Code Workspace/Unity/Just_A_Racing_Game/Content/ARCADE_FREE_Racing_Car/TestImport/StartGameMode.uasset" 630
"/home/ruby/Code Workspace/Unity/Just_A_Racing_Game/Content/ARCADE_FREE_Racing_Car/TestImport/StartGameMode.uexp" 631
"/home/ruby/Code Workspace/Unity/Just_A_Racing_Game/Content/temp_HLOD0_Instancing.uasset" 632
"/home/ruby/Code Workspace/Unity/Just_A_Racing_Game/Content/temp_HLOD0_Instancing.uexp" 633
"/home/ruby/Code Workspace/Unity/Just_A_Racing_Game/Content/temp.umap" 634
"/home/ruby/Code Workspace/Unity/Just_A_Racing_Game/Content/temp.ubulk" 635
"/home/ruby/Code Workspace/Unity/Just_A_Racing_Game/Content/temp.uexp" 636
"../../../Engine/Content/Maps/Entry_BuiltData.uasset" 637
"../../../Engine/Content/Maps/Entry_BuiltData.uexp" 638
"../../../Engine/Content/Maps/Entry.umap" 639
"../../../Engine/Content/Maps/Entry.uexp" 640
"/home/ruby/Code Workspace/Unity/Just_A_Racing_Game/Content/temp/_Generated_/temp_MainGrid_L0_X0_Y-1_DL0.umap" 641
"/home/ruby/Code Workspace/Unity/Just_A_Racing_Game/Content/temp/_Generated_/temp_MainGrid_L0_X0_Y-1_DL0.uexp" 642
